#
# There is insufficient memory for the Java Runtime Environment to continue.
# Native memory allocation (malloc) failed to allocate 716160 bytes for Chunk::new
# Possible reasons:
#   The system is out of physical RAM or swap space
#   The process is running with CompressedOops enabled, and the Java Heap may be blocking the growth of the native heap
# Possible solutions:
#   Reduce memory load on the system
#   Increase physical memory or swap space
#   Check if swap backing store is full
#   Decrease Java heap size (-Xmx/-Xms)
#   Decrease number of Java threads
#   Decrease Java thread stack sizes (-Xss)
#   Set larger code cache with -XX:ReservedCodeCacheSize=
#   JVM is running with Unscaled Compressed Oops mode in which the Java heap is
#     placed in the first 4GB address space. The Java Heap base address is the
#     maximum limit for the native heap growth. Please use -XX:HeapBaseMinAddress
#     to set the Java Heap base and to place the Java Heap above 4GB virtual address.
# This output file may be truncated or incomplete.
#
#  Out of Memory Error (arena.cpp:195), pid=14084, tid=636
#
# JRE version: Java(TM) SE Runtime Environment (16.0.2+7) (build 16.0.2+7-67)
# Java VM: Java HotSpot(TM) 64-Bit Server VM (16.0.2+7-67, mixed mode, sharing, tiered, compressed oops, compressed class ptrs, g1 gc, windows-amd64)
# No core dump will be written. Minidumps are not enabled by default on client versions of Windows
#

---------------  S U M M A R Y ------------

Command Line: -ea org.apache.tools.ant.taskdefs.optional.junit.JUnitTestRunner sistema.ArmaTest methods=setNombreTest skipNonTests=false filtertrace=true haltOnError=false haltOnFailure=false showoutput=true outputtoformatters=true logfailedtests=true threadid=0 logtestlistenerevents=true formatter=org.apache.tools.ant.taskdefs.optional.junit.BriefJUnitResultFormatter formatter=org.apache.tools.ant.taskdefs.optional.junit.XMLJUnitResultFormatter,C:\Users\mimit\AppData\Local\Temp\TEST-sistema.ArmaTest.xml crashfile=C:\Users\mimit\Sistema\Sistema\build\junitvmwatcher3192705842347590699.properties propsfile=C:\Users\mimit\Sistema\Sistema\build\junit5725348337474106073.properties

Host: Intel(R) Celeron(R) N4020 CPU @ 1.10GHz, 2 cores, 3G,  Windows 10 , 64 bit Build 19041 (10.0.19041.1645)
Time: Sun May  8 15:25:31 2022 Hora de verano romance elapsed time: 1.268006 seconds (0d 0h 0m 1s)

---------------  T H R E A D  ---------------

Current thread (0x000001797cfd4810):  JavaThread "C2 CompilerThread0" daemon [_thread_in_native, id=636, stack(0x000000154bf00000,0x000000154c000000)]


Current CompileTask:
C2:   1268  709       4       sun.util.locale.BaseLocale::getInstance (186 bytes)

Stack: [0x000000154bf00000,0x000000154c000000]
Native frames: (J=compiled Java code, j=interpreted, Vv=VM code, C=native code)
V  [jvm.dll+0x6681ca]
V  [jvm.dll+0x7c9e69]
V  [jvm.dll+0x7cb61e]
V  [jvm.dll+0x7cbc73]
V  [jvm.dll+0x242c55]
V  [jvm.dll+0xadeba]
V  [jvm.dll+0xae45c]
V  [jvm.dll+0x35a8d7]
V  [jvm.dll+0x324de1]
V  [jvm.dll+0x32428a]
V  [jvm.dll+0x215cec]
V  [jvm.dll+0x215100]
V  [jvm.dll+0x1a1beb]
V  [jvm.dll+0x225158]
V  [jvm.dll+0x22319c]
V  [jvm.dll+0x77fa62]
V  [jvm.dll+0x7795aa]
V  [jvm.dll+0x667066]
C  [ucrtbase.dll+0x21bb2]
C  [KERNEL32.DLL+0x17034]
C  [ntdll.dll+0x52651]


---------------  P R O C E S S  ---------------

Threads class SMR info:
_java_thread_list=0x000001797dc15c50, length=12, elements={
0x0000017978b0b860, 0x000001797cfb8f40, 0x000001797cfb9ab0, 0x000001797cfcfee0,
0x000001797cfd2900, 0x000001797cfd3210, 0x000001797cfd3b20, 0x000001797cfd4810,
0x000001797d042c70, 0x000001797d0499a0, 0x000001797dc32c10, 0x000001797dc36440
}

Java Threads: ( => current thread )
  0x0000017978b0b860 JavaThread "main" [_thread_in_vm, id=1476, stack(0x000000154b100000,0x000000154b200000)]
  0x000001797cfb8f40 JavaThread "Reference Handler" daemon [_thread_blocked, id=13824, stack(0x000000154b900000,0x000000154ba00000)]
  0x000001797cfb9ab0 JavaThread "Finalizer" daemon [_thread_blocked, id=5948, stack(0x000000154ba00000,0x000000154bb00000)]
  0x000001797cfcfee0 JavaThread "Signal Dispatcher" daemon [_thread_blocked, id=10016, stack(0x000000154bb00000,0x000000154bc00000)]
  0x000001797cfd2900 JavaThread "Attach Listener" daemon [_thread_blocked, id=13748, stack(0x000000154bc00000,0x000000154bd00000)]
  0x000001797cfd3210 JavaThread "Service Thread" daemon [_thread_blocked, id=6972, stack(0x000000154bd00000,0x000000154be00000)]
  0x000001797cfd3b20 JavaThread "Monitor Deflation Thread" daemon [_thread_blocked, id=14028, stack(0x000000154be00000,0x000000154bf00000)]
=>0x000001797cfd4810 JavaThread "C2 CompilerThread0" daemon [_thread_in_native, id=636, stack(0x000000154bf00000,0x000000154c000000)]
  0x000001797d042c70 JavaThread "C1 CompilerThread0" daemon [_thread_blocked, id=8412, stack(0x000000154c000000,0x000000154c100000)]
  0x000001797d0499a0 JavaThread "Sweeper thread" daemon [_thread_blocked, id=10388, stack(0x000000154c100000,0x000000154c200000)]
  0x000001797dc32c10 JavaThread "Notification Thread" daemon [_thread_blocked, id=9700, stack(0x000000154c200000,0x000000154c300000)]
  0x000001797dc36440 JavaThread "Common-Cleaner" daemon [_thread_blocked, id=4612, stack(0x000000154c400000,0x000000154c500000)]

Other Threads:
  0x0000017978be8430 VMThread "VM Thread" [stack: 0x000000154b800000,0x000000154b900000] [id=4596]
  0x000001797dc36150 WatcherThread [stack: 0x000000154c300000,0x000000154c400000] [id=12944]
  0x0000017978b38760 GCTaskThread "GC Thread#0" [stack: 0x000000154b300000,0x000000154b400000] [id=11576]
  0x000001797dfb0f80 GCTaskThread "GC Thread#1" [stack: 0x000000154c500000,0x000000154c600000] [id=9664]
  0x0000017978b42640 ConcurrentGCThread "G1 Main Marker" [stack: 0x000000154b400000,0x000000154b500000] [id=13344]
  0x0000017978b43040 ConcurrentGCThread "G1 Conc#0" [stack: 0x000000154b500000,0x000000154b600000] [id=9836]
  0x0000017978b766b0 ConcurrentGCThread "G1 Refine#0" [stack: 0x000000154b600000,0x000000154b700000] [id=7508]
  0x0000017978b780d0 ConcurrentGCThread "G1 Service" [stack: 0x000000154b700000,0x000000154b800000] [id=12464]

Threads with active compile tasks:
C2 CompilerThread0     1341  709       4       sun.util.locale.BaseLocale::getInstance (186 bytes)

VM state: not at safepoint (normal execution)

VM Mutex/Monitor currently owned by a thread:  ([mutex/lock_event])
[0x0000017978b05960] MetaspaceExpand_lock - owner thread: 0x0000017978b0b860

Heap address: 0x00000000c2c00000, size: 980 MB, Compressed Oops mode: 32-bit

CDS archive(s) mapped at: [0x0000000800000000-0x0000000800bb0000-0x0000000800bb0000), size 12255232, SharedBaseAddress: 0x0000000800000000, ArchiveRelocationMode: 0.
Compressed class space mapped at: 0x0000000800c00000-0x0000000840c00000, reserved size: 1073741824
Narrow klass base: 0x0000000800000000, Narrow klass shift: 3, Narrow klass range: 0x100000000

GC Precious Log:
 CPUs: 2 total, 2 available
 Memory: 3919M
 Large Page Support: Disabled
 NUMA Support: Disabled
 Compressed Oops: Enabled (32-bit)
 Heap Region Size: 1M
 Heap Min Capacity: 8M
 Heap Initial Capacity: 62M
 Heap Max Capacity: 980M
 Pre-touch: Disabled
 Parallel Workers: 2
 Concurrent Workers: 1
 Concurrent Refinement Workers: 2
 Periodic GC: Disabled

Heap:
 garbage-first heap   total 63488K, used 3033K [0x00000000c2c00000, 0x0000000100000000)
  region size 1024K, 3 young (3072K), 1 survivors (1024K)
 Metaspace       used 3590K, committed 3712K, reserved 1056768K
  class space    used 356K, committed 448K, reserved 1048576K

Heap Regions: E=young(eden), S=young(survivor), O=old, HS=humongous(starts), HC=humongous(continues), CS=collection set, F=free, OA=open archive, CA=closed archive, TAMS=top-at-mark-start (previous, next)
|   0|0x00000000c2c00000, 0x00000000c2cf6400, 0x00000000c2d00000| 96%| O|  |TAMS 0x00000000c2c00000, 0x00000000c2c00000| Untracked 
|   1|0x00000000c2d00000, 0x00000000c2d00000, 0x00000000c2e00000|  0%| F|  |TAMS 0x00000000c2d00000, 0x00000000c2d00000| Untracked 
|   2|0x00000000c2e00000, 0x00000000c2e00000, 0x00000000c2f00000|  0%| F|  |TAMS 0x00000000c2e00000, 0x00000000c2e00000| Untracked 
|   3|0x00000000c2f00000, 0x00000000c2f00000, 0x00000000c3000000|  0%| F|  |TAMS 0x00000000c2f00000, 0x00000000c2f00000| Untracked 
|   4|0x00000000c3000000, 0x00000000c3000000, 0x00000000c3100000|  0%| F|  |TAMS 0x00000000c3000000, 0x00000000c3000000| Untracked 
|   5|0x00000000c3100000, 0x00000000c3100000, 0x00000000c3200000|  0%| F|  |TAMS 0x00000000c3100000, 0x00000000c3100000| Untracked 
|   6|0x00000000c3200000, 0x00000000c3200000, 0x00000000c3300000|  0%| F|  |TAMS 0x00000000c3200000, 0x00000000c3200000| Untracked 
|   7|0x00000000c3300000, 0x00000000c3300000, 0x00000000c3400000|  0%| F|  |TAMS 0x00000000c3300000, 0x00000000c3300000| Untracked 
|   8|0x00000000c3400000, 0x00000000c3400000, 0x00000000c3500000|  0%| F|  |TAMS 0x00000000c3400000, 0x00000000c3400000| Untracked 
|   9|0x00000000c3500000, 0x00000000c3500000, 0x00000000c3600000|  0%| F|  |TAMS 0x00000000c3500000, 0x00000000c3500000| Untracked 
|  10|0x00000000c3600000, 0x00000000c3600000, 0x00000000c3700000|  0%| F|  |TAMS 0x00000000c3600000, 0x00000000c3600000| Untracked 
|  11|0x00000000c3700000, 0x00000000c3700000, 0x00000000c3800000|  0%| F|  |TAMS 0x00000000c3700000, 0x00000000c3700000| Untracked 
|  12|0x00000000c3800000, 0x00000000c3800000, 0x00000000c3900000|  0%| F|  |TAMS 0x00000000c3800000, 0x00000000c3800000| Untracked 
|  13|0x00000000c3900000, 0x00000000c3900000, 0x00000000c3a00000|  0%| F|  |TAMS 0x00000000c3900000, 0x00000000c3900000| Untracked 
|  14|0x00000000c3a00000, 0x00000000c3a00000, 0x00000000c3b00000|  0%| F|  |TAMS 0x00000000c3a00000, 0x00000000c3a00000| Untracked 
|  15|0x00000000c3b00000, 0x00000000c3b00000, 0x00000000c3c00000|  0%| F|  |TAMS 0x00000000c3b00000, 0x00000000c3b00000| Untracked 
|  16|0x00000000c3c00000, 0x00000000c3c00000, 0x00000000c3d00000|  0%| F|  |TAMS 0x00000000c3c00000, 0x00000000c3c00000| Untracked 
|  17|0x00000000c3d00000, 0x00000000c3d00000, 0x00000000c3e00000|  0%| F|  |TAMS 0x00000000c3d00000, 0x00000000c3d00000| Untracked 
|  18|0x00000000c3e00000, 0x00000000c3e00000, 0x00000000c3f00000|  0%| F|  |TAMS 0x00000000c3e00000, 0x00000000c3e00000| Untracked 
|  19|0x00000000c3f00000, 0x00000000c3f00000, 0x00000000c4000000|  0%| F|  |TAMS 0x00000000c3f00000, 0x00000000c3f00000| Untracked 
|  20|0x00000000c4000000, 0x00000000c4000000, 0x00000000c4100000|  0%| F|  |TAMS 0x00000000c4000000, 0x00000000c4000000| Untracked 
|  21|0x00000000c4100000, 0x00000000c4100000, 0x00000000c4200000|  0%| F|  |TAMS 0x00000000c4100000, 0x00000000c4100000| Untracked 
|  22|0x00000000c4200000, 0x00000000c4200000, 0x00000000c4300000|  0%| F|  |TAMS 0x00000000c4200000, 0x00000000c4200000| Untracked 
|  23|0x00000000c4300000, 0x00000000c4300000, 0x00000000c4400000|  0%| F|  |TAMS 0x00000000c4300000, 0x00000000c4300000| Untracked 
|  24|0x00000000c4400000, 0x00000000c4400000, 0x00000000c4500000|  0%| F|  |TAMS 0x00000000c4400000, 0x00000000c4400000| Untracked 
|  25|0x00000000c4500000, 0x00000000c4500000, 0x00000000c4600000|  0%| F|  |TAMS 0x00000000c4500000, 0x00000000c4500000| Untracked 
|  26|0x00000000c4600000, 0x00000000c4600000, 0x00000000c4700000|  0%| F|  |TAMS 0x00000000c4600000, 0x00000000c4600000| Untracked 
|  27|0x00000000c4700000, 0x00000000c4700000, 0x00000000c4800000|  0%| F|  |TAMS 0x00000000c4700000, 0x00000000c4700000| Untracked 
|  28|0x00000000c4800000, 0x00000000c4800000, 0x00000000c4900000|  0%| F|  |TAMS 0x00000000c4800000, 0x00000000c4800000| Untracked 
|  29|0x00000000c4900000, 0x00000000c4900000, 0x00000000c4a00000|  0%| F|  |TAMS 0x00000000c4900000, 0x00000000c4900000| Untracked 
|  30|0x00000000c4a00000, 0x00000000c4a00000, 0x00000000c4b00000|  0%| F|  |TAMS 0x00000000c4a00000, 0x00000000c4a00000| Untracked 
|  31|0x00000000c4b00000, 0x00000000c4b00000, 0x00000000c4c00000|  0%| F|  |TAMS 0x00000000c4b00000, 0x00000000c4b00000| Untracked 
|  32|0x00000000c4c00000, 0x00000000c4c00000, 0x00000000c4d00000|  0%| F|  |TAMS 0x00000000c4c00000, 0x00000000c4c00000| Untracked 
|  33|0x00000000c4d00000, 0x00000000c4d00000, 0x00000000c4e00000|  0%| F|  |TAMS 0x00000000c4d00000, 0x00000000c4d00000| Untracked 
|  34|0x00000000c4e00000, 0x00000000c4e00000, 0x00000000c4f00000|  0%| F|  |TAMS 0x00000000c4e00000, 0x00000000c4e00000| Untracked 
|  35|0x00000000c4f00000, 0x00000000c4f00000, 0x00000000c5000000|  0%| F|  |TAMS 0x00000000c4f00000, 0x00000000c4f00000| Untracked 
|  36|0x00000000c5000000, 0x00000000c5000000, 0x00000000c5100000|  0%| F|  |TAMS 0x00000000c5000000, 0x00000000c5000000| Untracked 
|  37|0x00000000c5100000, 0x00000000c5100000, 0x00000000c5200000|  0%| F|  |TAMS 0x00000000c5100000, 0x00000000c5100000| Untracked 
|  38|0x00000000c5200000, 0x00000000c5200000, 0x00000000c5300000|  0%| F|  |TAMS 0x00000000c5200000, 0x00000000c5200000| Untracked 
|  39|0x00000000c5300000, 0x00000000c5300000, 0x00000000c5400000|  0%| F|  |TAMS 0x00000000c5300000, 0x00000000c5300000| Untracked 
|  40|0x00000000c5400000, 0x00000000c5400000, 0x00000000c5500000|  0%| F|  |TAMS 0x00000000c5400000, 0x00000000c5400000| Untracked 
|  41|0x00000000c5500000, 0x00000000c5500000, 0x00000000c5600000|  0%| F|  |TAMS 0x00000000c5500000, 0x00000000c5500000| Untracked 
|  42|0x00000000c5600000, 0x00000000c5600000, 0x00000000c5700000|  0%| F|  |TAMS 0x00000000c5600000, 0x00000000c5600000| Untracked 
|  43|0x00000000c5700000, 0x00000000c5700000, 0x00000000c5800000|  0%| F|  |TAMS 0x00000000c5700000, 0x00000000c5700000| Untracked 
|  44|0x00000000c5800000, 0x00000000c5800000, 0x00000000c5900000|  0%| F|  |TAMS 0x00000000c5800000, 0x00000000c5800000| Untracked 
|  45|0x00000000c5900000, 0x00000000c5900000, 0x00000000c5a00000|  0%| F|  |TAMS 0x00000000c5900000, 0x00000000c5900000| Untracked 
|  46|0x00000000c5a00000, 0x00000000c5a00000, 0x00000000c5b00000|  0%| F|  |TAMS 0x00000000c5a00000, 0x00000000c5a00000| Untracked 
|  47|0x00000000c5b00000, 0x00000000c5b00000, 0x00000000c5c00000|  0%| F|  |TAMS 0x00000000c5b00000, 0x00000000c5b00000| Untracked 
|  48|0x00000000c5c00000, 0x00000000c5c00000, 0x00000000c5d00000|  0%| F|  |TAMS 0x00000000c5c00000, 0x00000000c5c00000| Untracked 
|  49|0x00000000c5d00000, 0x00000000c5d00000, 0x00000000c5e00000|  0%| F|  |TAMS 0x00000000c5d00000, 0x00000000c5d00000| Untracked 
|  50|0x00000000c5e00000, 0x00000000c5e00000, 0x00000000c5f00000|  0%| F|  |TAMS 0x00000000c5e00000, 0x00000000c5e00000| Untracked 
|  51|0x00000000c5f00000, 0x00000000c5f00000, 0x00000000c6000000|  0%| F|  |TAMS 0x00000000c5f00000, 0x00000000c5f00000| Untracked 
|  52|0x00000000c6000000, 0x00000000c6000000, 0x00000000c6100000|  0%| F|  |TAMS 0x00000000c6000000, 0x00000000c6000000| Untracked 
|  53|0x00000000c6100000, 0x00000000c6100000, 0x00000000c6200000|  0%| F|  |TAMS 0x00000000c6100000, 0x00000000c6100000| Untracked 
|  54|0x00000000c6200000, 0x00000000c6200000, 0x00000000c6300000|  0%| F|  |TAMS 0x00000000c6200000, 0x00000000c6200000| Untracked 
|  55|0x00000000c6300000, 0x00000000c6400000, 0x00000000c6400000|100%| S|CS|TAMS 0x00000000c6300000, 0x00000000c6300000| Complete 
|  56|0x00000000c6400000, 0x00000000c6400000, 0x00000000c6500000|  0%| F|  |TAMS 0x00000000c6400000, 0x00000000c6400000| Untracked 
|  57|0x00000000c6500000, 0x00000000c6500000, 0x00000000c6600000|  0%| F|  |TAMS 0x00000000c6500000, 0x00000000c6500000| Untracked 
|  58|0x00000000c6600000, 0x00000000c6600000, 0x00000000c6700000|  0%| F|  |TAMS 0x00000000c6600000, 0x00000000c6600000| Untracked 
|  59|0x00000000c6700000, 0x00000000c6700000, 0x00000000c6800000|  0%| F|  |TAMS 0x00000000c6700000, 0x00000000c6700000| Untracked 
|  60|0x00000000c6800000, 0x00000000c687dc28, 0x00000000c6900000| 49%| E|  |TAMS 0x00000000c6800000, 0x00000000c6800000| Complete 
|  61|0x00000000c6900000, 0x00000000c6a00000, 0x00000000c6a00000|100%| E|CS|TAMS 0x00000000c6900000, 0x00000000c6900000| Complete 

Card table byte_map: [0x00000179788f0000,0x0000017978ae0000] _byte_map_base: 0x00000179782da000

Marking Bits (Prev, Next): (CMBitMap*) 0x0000017978b3a170, (CMBitMap*) 0x0000017978b3a1b0
 Prev Bits: [0x0000017978de0000, 0x0000017979d30000)
 Next Bits: [0x0000017979d30000, 0x000001797ac80000)

Polling page: 0x0000017976a30000

Metaspace:

Usage:
  Non-class:      3.16 MB used.
      Class:    356.81 KB used.
       Both:      3.51 MB used.

Virtual space:
  Non-class space:        8.00 MB reserved,       3.19 MB ( 40%) committed,  1 nodes.
      Class space:        1.00 GB reserved,     448.00 KB ( <1%) committed,  1 nodes.
              Both:        1.01 GB reserved,       3.62 MB ( <1%) committed. 

Chunk freelists:
   Non-Class:  3.30 MB
       Class:  3.62 MB
        Both:  6.92 MB

MaxMetaspaceSize: 17179869184.00 GB
CompressedClassSpaceSize: 1.00 GB
 - commit_granule_bytes: 65536.
 - commit_granule_words: 8192.
 - virtual_space_node_default_size: 1048576.
 - enlarge_chunks_in_place: 1.
 - new_chunks_are_fully_committed: 0.
 - uncommit_free_chunks: 1.
 - use_allocation_guard: 0.
 - handle_deallocations: 1.


Internal statistics:

num_allocs_failed_limit: 0.
num_arena_births: 46.
num_arena_deaths: 0.
num_vsnodes_births: 2.
num_vsnodes_deaths: 0.
num_space_committed: 58.
num_space_uncommitted: 0.
num_chunks_returned_to_freelist: 0.
num_chunks_taken_from_freelist: 105.
num_chunk_merges: 0.
num_chunk_splits: 52.
num_chunks_enlarged: 24.
num_purges: 0.

CodeHeap 'non-profiled nmethods': size=120064Kb used=205Kb max_used=205Kb free=119858Kb
 bounds [0x000001790f160000, 0x000001790f3d0000, 0x00000179166a0000]
CodeHeap 'profiled nmethods': size=120000Kb used=1344Kb max_used=1344Kb free=118655Kb
 bounds [0x0000017907c30000, 0x0000017907ea0000, 0x000001790f160000]
CodeHeap 'non-nmethods': size=5696Kb used=1165Kb max_used=1178Kb free=4530Kb
 bounds [0x00000179076a0000, 0x0000017907910000, 0x0000017907c30000]
 total_blobs=1215 nmethods=759 adapters=370
 compilation: enabled
              stopped_count=0, restarted_count=0
 full_count=0

Compilation events (20 events):
Event: 0.949 Thread 0x000001797d042c70  741       3       com.sun.org.apache.xerces.internal.dom.NodeImpl::changed (8 bytes)
Event: 0.949 Thread 0x000001797d042c70 nmethod 741 0x0000017907d71010 code [0x0000017907d711c0, 0x0000017907d71488]
Event: 0.949 Thread 0x000001797d042c70  742       3       com.sun.org.apache.xerces.internal.dom.NodeImpl::isNormalized (55 bytes)
Event: 0.949 Thread 0x000001797d042c70 nmethod 742 0x0000017907d71590 code [0x0000017907d71740, 0x0000017907d71a88]
Event: 0.949 Thread 0x000001797d042c70  743       3       com.sun.org.apache.xerces.internal.dom.ChildNode::parentNode (16 bytes)
Event: 0.949 Thread 0x000001797d042c70 nmethod 743 0x0000017907d71b90 code [0x0000017907d71d40, 0x0000017907d71f98]
Event: 0.949 Thread 0x000001797d042c70  744       3       java.util.Properties::getProperty (50 bytes)
Event: 0.950 Thread 0x000001797d042c70 nmethod 744 0x0000017907d72090 code [0x0000017907d72260, 0x0000017907d726f8]
Event: 0.950 Thread 0x000001797d042c70  745       3       java.lang.StringLatin1::compareTo (14 bytes)
Event: 0.950 Thread 0x000001797d042c70 nmethod 745 0x0000017907d72890 code [0x0000017907d72a40, 0x0000017907d72b68]
Event: 0.950 Thread 0x000001797d042c70  746       3       java.util.Collections$UnmodifiableCollection$1::hasNext (10 bytes)
Event: 0.950 Thread 0x000001797d042c70 nmethod 746 0x0000017907d72c90 code [0x0000017907d72e40, 0x0000017907d73028]
Event: 0.951 Thread 0x000001797d042c70  747       3       java.util.ArrayList::rangeCheckForAdd (26 bytes)
Event: 0.951 Thread 0x000001797d042c70 nmethod 747 0x0000017907d73110 code [0x0000017907d73360, 0x0000017907d739a8]
Event: 0.951 Thread 0x000001797d042c70  749       3       java.lang.invoke.MethodType$ConcurrentWeakInternSet::expungeStaleElements (27 bytes)
Event: 0.951 Thread 0x000001797d042c70 nmethod 749 0x0000017907d73c90 code [0x0000017907d73e60, 0x0000017907d74358]
Event: 0.951 Thread 0x000001797d042c70  748       3       java.util.ArrayList::<init> (61 bytes)
Event: 0.952 Thread 0x000001797d042c70 nmethod 748 0x0000017907d74510 code [0x0000017907d74780, 0x0000017907d75118]
Event: 0.952 Thread 0x000001797d042c70  750       3       java.lang.StringConcatHelper::newString (67 bytes)
Event: 0.953 Thread 0x000001797d042c70 nmethod 750 0x0000017907d75410 code [0x0000017907d756a0, 0x0000017907d76128]

GC Heap History (2 events):
Event: 0.842 GC heap before
{Heap before GC invocations=0 (full 0):
 garbage-first heap   total 63488K, used 5120K [0x00000000c2c00000, 0x0000000100000000)
  region size 1024K, 6 young (6144K), 0 survivors (0K)
 Metaspace       used 3347K, committed 3520K, reserved 1056768K
  class space    used 338K, committed 448K, reserved 1048576K
}
Event: 0.847 GC heap after
{Heap after GC invocations=1 (full 0):
 garbage-first heap   total 63488K, used 2009K [0x00000000c2c00000, 0x0000000100000000)
  region size 1024K, 1 young (1024K), 1 survivors (1024K)
 Metaspace       used 3347K, committed 3520K, reserved 1056768K
  class space    used 338K, committed 448K, reserved 1048576K
}

Deoptimization events (10 events):
Event: 0.654 Thread 0x0000017978b0b860 DEOPT PACKING pc=0x0000017907c5a365 sp=0x000000154b1fc060
Event: 0.654 Thread 0x0000017978b0b860 DEOPT UNPACKING pc=0x00000179076edeaf sp=0x000000154b1fb4b0 mode 0
Event: 0.889 Thread 0x0000017978b0b860 Uncommon trap: trap_request=0xffffff45 fr.pc=0x000001790f171568 relative=0x00000000000003a8
Event: 0.889 Thread 0x0000017978b0b860 Uncommon trap: reason=unstable_if action=reinterpret pc=0x000001790f171568 method=java.lang.StringLatin1.canEncode(I)Z @ 4 c2
Event: 0.889 Thread 0x0000017978b0b860 DEOPT PACKING pc=0x000001790f171568 sp=0x000000154b1fe390
Event: 0.889 Thread 0x0000017978b0b860 DEOPT UNPACKING pc=0x00000179076ed728 sp=0x000000154b1fe2b8 mode 2
Event: 0.889 Thread 0x0000017978b0b860 Uncommon trap: trap_request=0xffffff45 fr.pc=0x000001790f169fd8 relative=0x0000000000000398
Event: 0.889 Thread 0x0000017978b0b860 Uncommon trap: reason=unstable_if action=reinterpret pc=0x000001790f169fd8 method=java.lang.AbstractStringBuilder.isLatin1()Z @ 10 c2
Event: 0.889 Thread 0x0000017978b0b860 DEOPT PACKING pc=0x000001790f169fd8 sp=0x000000154b1fe3b0
Event: 0.889 Thread 0x0000017978b0b860 DEOPT UNPACKING pc=0x00000179076ed728 sp=0x000000154b1fe330 mode 2

Classes unloaded (0 events):
No events

Classes redefined (0 events):
No events

Internal exceptions (7 events):
Event: 0.513 Thread 0x0000017978b0b860 Exception <a 'java/lang/NoSuchMethodError'{0x00000000c6727630}: 'java.lang.Object java.lang.invoke.DirectMethodHandle$Holder.invokeVirtual(java.lang.Object, java.lang.Object, java.lang.Object, java.lang.Object)'> (0x00000000c6727630) 
thrown [t:\workspace\open\src\hotspot\share\interpreter\linkResolver.cpp, line 790]
Event: 0.707 Thread 0x0000017978b0b860 Exception <a 'java/lang/NoSuchMethodError'{0x00000000c6596b78}: 'java.lang.Object java.lang.invoke.DirectMethodHandle$Holder.invokeInterface(java.lang.Object, java.lang.Object)'> (0x00000000c6596b78) 
thrown [t:\workspace\open\src\hotspot\share\interpreter\linkResolver.cpp, line 790]
Event: 0.707 Thread 0x0000017978b0b860 Exception <a 'java/lang/IncompatibleClassChangeError'{0x00000000c659a570}: Found class java.lang.Object, but interface was expected> (0x00000000c659a570) 
thrown [t:\workspace\open\src\hotspot\share\interpreter\linkResolver.cpp, line 857]
Event: 0.725 Thread 0x0000017978b0b860 Exception <a 'java/lang/NoSuchMethodError'{0x00000000c65eb868}: 'java.lang.Object java.lang.invoke.DirectMethodHandle$Holder.newInvokeSpecial(java.lang.Object, java.lang.Object, java.lang.Object, java.lang.Object, java.lang.Object)'> (0x00000000c65eb868) 
thrown [t:\workspace\open\src\hotspot\share\interpreter\linkResolver.cpp, line 790]
Event: 0.792 Thread 0x0000017978b0b860 Exception <a 'java/lang/NoSuchMethodError'{0x00000000c647c608}: 'void java.lang.invoke.DirectMethodHandle$Holder.invokeSpecial(java.lang.Object, java.lang.Object, java.lang.Object)'> (0x00000000c647c608) 
thrown [t:\workspace\open\src\hotspot\share\interpreter\linkResolver.cpp, line 790]
Event: 0.797 Thread 0x0000017978b0b860 Exception <a 'java/lang/NoSuchMethodError'{0x00000000c648e428}: 'java.lang.Object java.lang.invoke.DirectMethodHandle$Holder.invokeStatic(java.lang.Object)'> (0x00000000c648e428) 
thrown [t:\workspace\open\src\hotspot\share\interpreter\linkResolver.cpp, line 790]
Event: 0.891 Thread 0x0000017978b0b860 Exception <a 'java/lang/NoSuchMethodError'{0x00000000c69d5f28}: 'java.lang.Object java.lang.invoke.DirectMethodHandle$Holder.invokeStaticInit(java.lang.Object)'> (0x00000000c69d5f28) 
thrown [t:\workspace\open\src\hotspot\share\interpreter\linkResolver.cpp, line 790]

Events (20 events):
Event: 0.920 loading class java/util/concurrent/ConcurrentSkipListMap$Iter done
Event: 0.920 loading class java/util/concurrent/ConcurrentSkipListMap$KeyIterator done
Event: 0.921 loading class java/net/InetAddress$NameServiceAddresses
Event: 0.921 loading class java/net/InetAddress$Addresses
Event: 0.921 loading class java/net/InetAddress$Addresses done
Event: 0.921 loading class java/net/InetAddress$NameServiceAddresses done
Event: 0.928 loading class sun/net/InetAddressCachePolicy
Event: 0.928 loading class sun/net/InetAddressCachePolicy done
Event: 0.928 loading class sun/net/InetAddressCachePolicy$1
Event: 0.928 loading class sun/net/InetAddressCachePolicy$1 done
Event: 0.934 loading class sun/net/InetAddressCachePolicy$2
Event: 0.934 loading class sun/net/InetAddressCachePolicy$2 done
Event: 0.934 loading class java/net/InetAddress$CachedAddresses
Event: 0.934 loading class java/net/InetAddress$CachedAddresses done
Event: 0.937 loading class java/util/concurrent/atomic/Striped64$1
Event: 0.937 loading class java/util/concurrent/atomic/Striped64$1 done
Event: 0.938 loading class java/net/InetAddress$CachedLocalHost
Event: 0.938 loading class java/net/InetAddress$CachedLocalHost done
Event: 0.951 loading class java/util/concurrent/ConcurrentLinkedQueue$Itr
Event: 0.951 loading class java/util/concurrent/ConcurrentLinkedQueue$Itr done


Dynamic libraries:
0x00007ff7cad20000 - 0x00007ff7cad30000 	D:\jdk-16.0.2\bin\java.exe
0x00007ffd0fa10000 - 0x00007ffd0fc05000 	C:\WINDOWS\SYSTEM32\ntdll.dll
0x00007ffd0f1a0000 - 0x00007ffd0f25e000 	C:\WINDOWS\System32\KERNEL32.DLL
0x00007ffd0d580000 - 0x00007ffd0d848000 	C:\WINDOWS\System32\KERNELBASE.dll
0x00007ffd0d480000 - 0x00007ffd0d580000 	C:\WINDOWS\System32\ucrtbase.dll
0x00007ffd03da0000 - 0x00007ffd03db8000 	D:\jdk-16.0.2\bin\jli.dll
0x00007ffd0f8c0000 - 0x00007ffd0f96e000 	C:\WINDOWS\System32\ADVAPI32.dll
0x00007ffd0f100000 - 0x00007ffd0f19e000 	C:\WINDOWS\System32\msvcrt.dll
0x00007ffd0ee90000 - 0x00007ffd0ef2c000 	C:\WINDOWS\System32\sechost.dll
0x00007ffd0f3d0000 - 0x00007ffd0f4f5000 	C:\WINDOWS\System32\RPCRT4.dll
0x00007ffd0eb40000 - 0x00007ffd0ece0000 	C:\WINDOWS\System32\USER32.dll
0x00007ffd0d8e0000 - 0x00007ffd0d902000 	C:\WINDOWS\System32\win32u.dll
0x00007ffd0f610000 - 0x00007ffd0f63a000 	C:\WINDOWS\System32\GDI32.dll
0x00007ffd0d960000 - 0x00007ffd0da6b000 	C:\WINDOWS\System32\gdi32full.dll
0x00007ffd0d130000 - 0x00007ffd0d1cd000 	C:\WINDOWS\System32\msvcp_win.dll
0x00007ffd04fe0000 - 0x00007ffd04ff9000 	D:\jdk-16.0.2\bin\VCRUNTIME140.dll
0x00007ffd0c4c0000 - 0x00007ffd0c75a000 	C:\WINDOWS\WinSxS\amd64_microsoft.windows.common-controls_6595b64144ccf1df_6.0.19041.1110_none_60b5254171f9507e\COMCTL32.dll
0x00007ffd09ba0000 - 0x00007ffd09baa000 	C:\WINDOWS\SYSTEM32\VERSION.dll
0x00007ffd0f7a0000 - 0x00007ffd0f7d0000 	C:\WINDOWS\System32\IMM32.DLL
0x00007ffd03920000 - 0x00007ffd0392c000 	D:\jdk-16.0.2\bin\vcruntime140_1.dll
0x00007ffce4300000 - 0x00007ffce4391000 	D:\jdk-16.0.2\bin\msvcp140.dll
0x00007ffcc3010000 - 0x00007ffcc3bbb000 	D:\jdk-16.0.2\bin\server\jvm.dll
0x00007ffd0f840000 - 0x00007ffd0f848000 	C:\WINDOWS\System32\PSAPI.DLL
0x00007ffcf17d0000 - 0x00007ffcf17d9000 	C:\WINDOWS\SYSTEM32\WSOCK32.dll
0x00007ffd0f7d0000 - 0x00007ffd0f83b000 	C:\WINDOWS\System32\WS2_32.dll
0x00007ffcea6d0000 - 0x00007ffcea6f7000 	C:\WINDOWS\SYSTEM32\WINMM.dll
0x00007ffd0b3e0000 - 0x00007ffd0b3f2000 	C:\WINDOWS\SYSTEM32\kernel.appcore.dll
0x00007ffd03810000 - 0x00007ffd0381a000 	D:\jdk-16.0.2\bin\jimage.dll
0x00007ffd0ca60000 - 0x00007ffd0cc44000 	C:\WINDOWS\SYSTEM32\DBGHELP.DLL
0x00007ffd0c890000 - 0x00007ffd0c8bc000 	C:\WINDOWS\SYSTEM32\dbgcore.DLL
0x00007ffd0d850000 - 0x00007ffd0d8d2000 	C:\WINDOWS\System32\bcryptPrimitives.dll
0x00007ffd038b0000 - 0x00007ffd038d5000 	D:\jdk-16.0.2\bin\java.dll
0x00007ffd0df40000 - 0x00007ffd0e684000 	C:\WINDOWS\System32\SHELL32.dll
0x00007ffd0abc0000 - 0x00007ffd0b354000 	C:\WINDOWS\SYSTEM32\windows.storage.dll
0x00007ffd0e6b0000 - 0x00007ffd0ea04000 	C:\WINDOWS\System32\combase.dll
0x00007ffd0c450000 - 0x00007ffd0c47c000 	C:\WINDOWS\SYSTEM32\Wldp.dll
0x00007ffd0f560000 - 0x00007ffd0f60d000 	C:\WINDOWS\System32\SHCORE.dll
0x00007ffd0f500000 - 0x00007ffd0f555000 	C:\WINDOWS\System32\shlwapi.dll
0x00007ffd0d070000 - 0x00007ffd0d08f000 	C:\WINDOWS\SYSTEM32\profapi.dll
0x00007ffd037f0000 - 0x00007ffd03809000 	D:\jdk-16.0.2\bin\net.dll
0x00007ffcf8dd0000 - 0x00007ffcf8eda000 	C:\WINDOWS\SYSTEM32\WINHTTP.dll
0x00007ffd0c300000 - 0x00007ffd0c36a000 	C:\WINDOWS\system32\mswsock.dll
0x00007ffcf6b80000 - 0x00007ffcf6b93000 	D:\jdk-16.0.2\bin\nio.dll
0x00007ffce57c0000 - 0x00007ffce57d8000 	D:\jdk-16.0.2\bin\zip.dll
0x00007ffcf6bb0000 - 0x00007ffcf6bc0000 	D:\jdk-16.0.2\bin\verify.dll
0x00007ffccb710000 - 0x00007ffccb727000 	C:\WINDOWS\system32\napinsp.dll
0x00007ffccb6f0000 - 0x00007ffccb70b000 	C:\WINDOWS\system32\pnrpnsp.dll
0x00007ffd059f0000 - 0x00007ffd05a05000 	C:\WINDOWS\system32\wshbth.dll
0x00007ffd06860000 - 0x00007ffd0687d000 	C:\WINDOWS\system32\NLAapi.dll
0x00007ffd0bea0000 - 0x00007ffd0bedb000 	C:\WINDOWS\SYSTEM32\IPHLPAPI.DLL
0x00007ffd0bee0000 - 0x00007ffd0bfab000 	C:\WINDOWS\SYSTEM32\DNSAPI.dll
0x00007ffd0f8b0000 - 0x00007ffd0f8b8000 	C:\WINDOWS\System32\NSI.dll
0x00007ffccb6d0000 - 0x00007ffccb6e2000 	C:\WINDOWS\System32\winrnr.dll
0x00007ffcf8490000 - 0x00007ffcf849a000 	C:\Windows\System32\rasadhlp.dll
0x00007ffcf8d50000 - 0x00007ffcf8dcf000 	C:\WINDOWS\System32\fwpuclnt.dll
0x00007ffd0d240000 - 0x00007ffd0d267000 	C:\WINDOWS\System32\bcrypt.dll

dbghelp: loaded successfully - version: 4.0.5 - missing functions: none
symbol engine: initialized successfully - sym options: 0x614 - pdb path: .;D:\jdk-16.0.2\bin;C:\WINDOWS\SYSTEM32;C:\WINDOWS\WinSxS\amd64_microsoft.windows.common-controls_6595b64144ccf1df_6.0.19041.1110_none_60b5254171f9507e;D:\jdk-16.0.2\bin\server

VM Arguments:
jvm_args: -ea 
java_command: org.apache.tools.ant.taskdefs.optional.junit.JUnitTestRunner sistema.ArmaTest methods=setNombreTest skipNonTests=false filtertrace=true haltOnError=false haltOnFailure=false showoutput=true outputtoformatters=true logfailedtests=true threadid=0 logtestlistenerevents=true formatter=org.apache.tools.ant.taskdefs.optional.junit.BriefJUnitResultFormatter formatter=org.apache.tools.ant.taskdefs.optional.junit.XMLJUnitResultFormatter,C:\Users\mimit\AppData\Local\Temp\TEST-sistema.ArmaTest.xml crashfile=C:\Users\mimit\Sistema\Sistema\build\junitvmwatcher3192705842347590699.properties propsfile=C:\Users\mimit\Sistema\Sistema\build\junit5725348337474106073.properties
java_class_path (initial): C:\Users\mimit\Sistema\Sistema\build\classes;D:\NetBeans-12.5\netbeans\platform\modules\ext\junit-4.13.2.jar;D:\NetBeans-12.5\netbeans\platform\modules\ext\hamcrest-core-1.3.jar;C:\Users\mimit\Sistema\Sistema\build\test\classes;D:\NetBeans-12.5\netbeans\extide\ant\lib\ant-launcher.jar;D:\NetBeans-12.5\netbeans\extide\ant\lib\ant.jar;D:\NetBeans-12.5\netbeans\extide\ant\lib\ant-junit.jar;D:\NetBeans-12.5\netbeans\extide\ant\lib\ant-junit4.jar
Launcher Type: SUN_STANDARD

[Global flags]
     intx CICompilerCount                          = 2                                         {product} {ergonomic}
     uint ConcGCThreads                            = 1                                         {product} {ergonomic}
     uint G1ConcRefinementThreads                  = 2                                         {product} {ergonomic}
   size_t G1HeapRegionSize                         = 1048576                                   {product} {ergonomic}
    uintx GCDrainStackTargetSize                   = 64                                        {product} {ergonomic}
   size_t InitialHeapSize                          = 65011712                                  {product} {ergonomic}
   size_t MarkStackSize                            = 4194304                                   {product} {ergonomic}
   size_t MaxHeapSize                              = 1027604480                                {product} {ergonomic}
   size_t MaxNewSize                               = 616562688                                 {product} {ergonomic}
   size_t MinHeapDeltaBytes                        = 1048576                                   {product} {ergonomic}
   size_t MinHeapSize                              = 8388608                                   {product} {ergonomic}
    uintx NonNMethodCodeHeapSize                   = 5826188                                {pd product} {ergonomic}
    uintx NonProfiledCodeHeapSize                  = 122916026                              {pd product} {ergonomic}
    uintx ProfiledCodeHeapSize                     = 122916026                              {pd product} {ergonomic}
    uintx ReservedCodeCacheSize                    = 251658240                              {pd product} {ergonomic}
     bool SegmentedCodeCache                       = true                                      {product} {ergonomic}
   size_t SoftMaxHeapSize                          = 1027604480                             {manageable} {ergonomic}
     bool UseCompressedClassPointers               = true                           {product lp64_product} {ergonomic}
     bool UseCompressedOops                        = true                           {product lp64_product} {ergonomic}
     bool UseG1GC                                  = true                                      {product} {ergonomic}
     bool UseLargePagesIndividualAllocation        = false                                  {pd product} {ergonomic}

Logging:
Log output configuration:
 #0: stdout all=warning uptime,level,tags
 #1: stderr all=off uptime,level,tags

Environment Variables:
PATH=D:\GAMS\37;D:\GAMS\37\gbin;D:\WINDOWS.X64_213000_db_home\bin;C:\Program Files\Common Files\Oracle\Java\javapath;C:\Program Files (x86)\Common Files\Oracle\Java\javapath;C:\WINDOWS\system32;C:\WINDOWS;C:\WINDOWS\System32\Wbem;C:\WINDOWS\System32\WindowsPowerShell\v1.0\;C:\WINDOWS\System32\OpenSSH\;C:\Program Files\Intel\TXE Components\DAL\;C:\Program Files (x86)\Intel\TXE Components\DAL\;D:\GITHUB\Git\cmd;C:\Users\mimit\AppData\Local\Programs\Python\Python310-32\Scripts\;C:\Users\mimit\AppData\Local\Programs\Python\Python310-32\;C:\Users\mimit\AppData\Local\Microsoft\WindowsApps;;D:\PYTHON\PyCharm 2021.3.2\bin;;D:\PYTHON\PyCharm Community Edition 2021.3.2\bin;
USERNAME=mimit
OS=Windows_NT
PROCESSOR_IDENTIFIER=Intel64 Family 6 Model 122 Stepping 8, GenuineIntel



---------------  S Y S T E M  ---------------

OS:
 Windows 10 , 64 bit Build 19041 (10.0.19041.1645)
OS uptime: 1 days 15:37 hours

CPU: total 2 (initial active 2) (2 cores per cpu, 1 threads per core) family 6 model 122 stepping 8 microcode 0xc, cx8, cmov, fxsr, mmx, 3dnowpref, sse, sse2, sse3, ssse3, sse4.1, sse4.2, popcnt, tsc, tscinvbit, aes, erms, clmul, sha, clflush, clflushopt

Memory: 4k page, system-wide physical 3919M (460M free)
TotalPageFile size 11235M (AvailPageFile size 4M)
current process WorkingSet (physical memory assigned to process): 52M, peak: 52M
current process commit charge ("private bytes"): 139M, peak: 139M

vm_info: Java HotSpot(TM) 64-Bit Server VM (16.0.2+7-67) for windows-amd64 JRE (16.0.2+7-67), built on Jun  8 2021 23:24:19 by "mach5one" with MS VC++ 16.7 (VS2019)

END.
