#
# There is insufficient memory for the Java Runtime Environment to continue.
# Native memory allocation (malloc) failed to allocate 32744 bytes for ChunkPool::allocate
# Possible reasons:
#   The system is out of physical RAM or swap space
#   The process is running with CompressedOops enabled, and the Java Heap may be blocking the growth of the native heap
# Possible solutions:
#   Reduce memory load on the system
#   Increase physical memory or swap space
#   Check if swap backing store is full
#   Decrease Java heap size (-Xmx/-Xms)
#   Decrease number of Java threads
#   Decrease Java thread stack sizes (-Xss)
#   Set larger code cache with -XX:ReservedCodeCacheSize=
#   JVM is running with Unscaled Compressed Oops mode in which the Java heap is
#     placed in the first 4GB address space. The Java Heap base address is the
#     maximum limit for the native heap growth. Please use -XX:HeapBaseMinAddress
#     to set the Java Heap base and to place the Java Heap above 4GB virtual address.
# This output file may be truncated or incomplete.
#
#  Out of Memory Error (arena.cpp:79), pid=10288, tid=776
#
# JRE version: Java(TM) SE Runtime Environment (16.0.2+7) (build 16.0.2+7-67)
# Java VM: Java HotSpot(TM) 64-Bit Server VM (16.0.2+7-67, mixed mode, sharing, tiered, compressed oops, compressed class ptrs, g1 gc, windows-amd64)
# No core dump will be written. Minidumps are not enabled by default on client versions of Windows
#

---------------  S U M M A R Y ------------

Command Line: -Dfile.encoding=UTF-8 --module-path=C:\Users\mimit\Sistema\build\classes sistema.Sistema

Host: Intel(R) Celeron(R) N4020 CPU @ 1.10GHz, 2 cores, 3G,  Windows 10 , 64 bit Build 19041 (10.0.19041.1566)
Time: Thu Apr 14 15:51:44 2022 Hora de verano romance elapsed time: 0.059115 seconds (0d 0h 0m 0s)

---------------  T H R E A D  ---------------

Current thread (0x000002077ecafee0):  JavaThread "C2 CompilerThread0" daemon [_thread_in_vm, id=776, stack(0x000000ca6a800000,0x000000ca6a900000)]

Stack: [0x000000ca6a800000,0x000000ca6a900000]
Native frames: (J=compiled Java code, j=interpreted, Vv=VM code, C=native code)
V  [jvm.dll+0x6681ca]
V  [jvm.dll+0x7c9e69]
V  [jvm.dll+0x7cb61e]
V  [jvm.dll+0x7cbc73]
V  [jvm.dll+0x242c55]
V  [jvm.dll+0xae10f]
V  [jvm.dll+0xae45c]
V  [jvm.dll+0x1ff289]
V  [jvm.dll+0x6dbff5]
V  [jvm.dll+0x6c2992]
V  [jvm.dll+0x1a1ddd]
V  [jvm.dll+0x223f4c]
V  [jvm.dll+0x22305a]
V  [jvm.dll+0x77fa62]
V  [jvm.dll+0x7795aa]
V  [jvm.dll+0x667066]
C  [ucrtbase.dll+0x21bb2]
C  [KERNEL32.DLL+0x17034]
C  [ntdll.dll+0x52651]


---------------  P R O C E S S  ---------------

Threads class SMR info:
_java_thread_list=0x000002077ec97ab0, length=10, elements={
0x0000020773177bd0, 0x000002077ec99850, 0x000002077ec9a620, 0x000002077ecab2b0,
0x000002077ecadfd0, 0x000002077ecae8e0, 0x000002077ecaf1f0, 0x000002077ecafee0,
0x000002077ecc60e0, 0x000002077f808070
}

Java Threads: ( => current thread )
  0x0000020773177bd0 JavaThread "main" [_thread_in_vm, id=15032, stack(0x000000ca69b00000,0x000000ca69c00000)]
  0x000002077ec99850 JavaThread "Reference Handler" daemon [_thread_blocked, id=12740, stack(0x000000ca6a200000,0x000000ca6a300000)]
  0x000002077ec9a620 JavaThread "Finalizer" daemon [_thread_blocked, id=15012, stack(0x000000ca6a300000,0x000000ca6a400000)]
  0x000002077ecab2b0 JavaThread "Signal Dispatcher" daemon [_thread_blocked, id=14548, stack(0x000000ca6a400000,0x000000ca6a500000)]
  0x000002077ecadfd0 JavaThread "Attach Listener" daemon [_thread_blocked, id=1740, stack(0x000000ca6a500000,0x000000ca6a600000)]
  0x000002077ecae8e0 JavaThread "Service Thread" daemon [_thread_blocked, id=9236, stack(0x000000ca6a600000,0x000000ca6a700000)]
  0x000002077ecaf1f0 JavaThread "Monitor Deflation Thread" daemon [_thread_blocked, id=10204, stack(0x000000ca6a700000,0x000000ca6a800000)]
=>0x000002077ecafee0 JavaThread "C2 CompilerThread0" daemon [_thread_in_vm, id=776, stack(0x000000ca6a800000,0x000000ca6a900000)]
  0x000002077ecc60e0 JavaThread "C1 CompilerThread0" daemon [_thread_blocked, id=15336, stack(0x000000ca6a900000,0x000000ca6aa00000)]
  0x000002077f808070 JavaThread "Sweeper thread" daemon [_thread_blocked, id=14172, stack(0x000000ca6aa00000,0x000000ca6ab00000)]

Other Threads:
  0x000002077325ec50 VMThread "VM Thread" [stack: 0x000000ca6a100000,0x000000ca6a200000] [id=15348]
  0x00000207731a73d0 GCTaskThread "GC Thread#0" [stack: 0x000000ca69c00000,0x000000ca69d00000] [id=8860]
  0x00000207731afea0 ConcurrentGCThread "G1 Main Marker" [stack: 0x000000ca69d00000,0x000000ca69e00000] [id=11632]
  0x00000207731b1040 ConcurrentGCThread "G1 Conc#0" [stack: 0x000000ca69e00000,0x000000ca69f00000] [id=13060]
  0x00000207731e8380 ConcurrentGCThread "G1 Refine#0" [stack: 0x000000ca69f00000,0x000000ca6a000000] [id=15308]
  0x00000207731e8d90 ConcurrentGCThread "G1 Service" [stack: 0x000000ca6a000000,0x000000ca6a100000] [id=10348]

Threads with active compile tasks:

VM state: not at safepoint (normal execution)

VM Mutex/Monitor currently owned by a thread: None

Heap address: 0x00000000c2c00000, size: 980 MB, Compressed Oops mode: 32-bit

CDS archive(s) mapped at: [0x0000000800000000-0x0000000800bb0000-0x0000000800bb0000), size 12255232, SharedBaseAddress: 0x0000000800000000, ArchiveRelocationMode: 0.
Compressed class space mapped at: 0x0000000800c00000-0x0000000840c00000, reserved size: 1073741824
Narrow klass base: 0x0000000800000000, Narrow klass shift: 3, Narrow klass range: 0x100000000

GC Precious Log:
 CPUs: 2 total, 2 available
 Memory: 3919M
 Large Page Support: Disabled
 NUMA Support: Disabled
 Compressed Oops: Enabled (32-bit)
 Heap Region Size: 1M
 Heap Min Capacity: 8M
 Heap Initial Capacity: 62M
 Heap Max Capacity: 980M
 Pre-touch: Disabled
 Parallel Workers: 2
 Concurrent Workers: 1
 Concurrent Refinement Workers: 2
 Periodic GC: Disabled

Heap:
 garbage-first heap   total 63488K, used 0K [0x00000000c2c00000, 0x0000000100000000)
  region size 1024K, 1 young (1024K), 0 survivors (0K)
 Metaspace       used 108K, committed 192K, reserved 1056768K
  class space    used 4K, committed 64K, reserved 1048576K

Heap Regions: E=young(eden), S=young(survivor), O=old, HS=humongous(starts), HC=humongous(continues), CS=collection set, F=free, OA=open archive, CA=closed archive, TAMS=top-at-mark-start (previous, next)
|   0|0x00000000c2c00000, 0x00000000c2c00000, 0x00000000c2d00000|  0%| F|  |TAMS 0x00000000c2c00000, 0x00000000c2c00000| Untracked 
|   1|0x00000000c2d00000, 0x00000000c2d00000, 0x00000000c2e00000|  0%| F|  |TAMS 0x00000000c2d00000, 0x00000000c2d00000| Untracked 
|   2|0x00000000c2e00000, 0x00000000c2e00000, 0x00000000c2f00000|  0%| F|  |TAMS 0x00000000c2e00000, 0x00000000c2e00000| Untracked 
|   3|0x00000000c2f00000, 0x00000000c2f00000, 0x00000000c3000000|  0%| F|  |TAMS 0x00000000c2f00000, 0x00000000c2f00000| Untracked 
|   4|0x00000000c3000000, 0x00000000c3000000, 0x00000000c3100000|  0%| F|  |TAMS 0x00000000c3000000, 0x00000000c3000000| Untracked 
|   5|0x00000000c3100000, 0x00000000c3100000, 0x00000000c3200000|  0%| F|  |TAMS 0x00000000c3100000, 0x00000000c3100000| Untracked 
|   6|0x00000000c3200000, 0x00000000c3200000, 0x00000000c3300000|  0%| F|  |TAMS 0x00000000c3200000, 0x00000000c3200000| Untracked 
|   7|0x00000000c3300000, 0x00000000c3300000, 0x00000000c3400000|  0%| F|  |TAMS 0x00000000c3300000, 0x00000000c3300000| Untracked 
|   8|0x00000000c3400000, 0x00000000c3400000, 0x00000000c3500000|  0%| F|  |TAMS 0x00000000c3400000, 0x00000000c3400000| Untracked 
|   9|0x00000000c3500000, 0x00000000c3500000, 0x00000000c3600000|  0%| F|  |TAMS 0x00000000c3500000, 0x00000000c3500000| Untracked 
|  10|0x00000000c3600000, 0x00000000c3600000, 0x00000000c3700000|  0%| F|  |TAMS 0x00000000c3600000, 0x00000000c3600000| Untracked 
|  11|0x00000000c3700000, 0x00000000c3700000, 0x00000000c3800000|  0%| F|  |TAMS 0x00000000c3700000, 0x00000000c3700000| Untracked 
|  12|0x00000000c3800000, 0x00000000c3800000, 0x00000000c3900000|  0%| F|  |TAMS 0x00000000c3800000, 0x00000000c3800000| Untracked 
|  13|0x00000000c3900000, 0x00000000c3900000, 0x00000000c3a00000|  0%| F|  |TAMS 0x00000000c3900000, 0x00000000c3900000| Untracked 
|  14|0x00000000c3a00000, 0x00000000c3a00000, 0x00000000c3b00000|  0%| F|  |TAMS 0x00000000c3a00000, 0x00000000c3a00000| Untracked 
|  15|0x00000000c3b00000, 0x00000000c3b00000, 0x00000000c3c00000|  0%| F|  |TAMS 0x00000000c3b00000, 0x00000000c3b00000| Untracked 
|  16|0x00000000c3c00000, 0x00000000c3c00000, 0x00000000c3d00000|  0%| F|  |TAMS 0x00000000c3c00000, 0x00000000c3c00000| Untracked 
|  17|0x00000000c3d00000, 0x00000000c3d00000, 0x00000000c3e00000|  0%| F|  |TAMS 0x00000000c3d00000, 0x00000000c3d00000| Untracked 
|  18|0x00000000c3e00000, 0x00000000c3e00000, 0x00000000c3f00000|  0%| F|  |TAMS 0x00000000c3e00000, 0x00000000c3e00000| Untracked 
|  19|0x00000000c3f00000, 0x00000000c3f00000, 0x00000000c4000000|  0%| F|  |TAMS 0x00000000c3f00000, 0x00000000c3f00000| Untracked 
|  20|0x00000000c4000000, 0x00000000c4000000, 0x00000000c4100000|  0%| F|  |TAMS 0x00000000c4000000, 0x00000000c4000000| Untracked 
|  21|0x00000000c4100000, 0x00000000c4100000, 0x00000000c4200000|  0%| F|  |TAMS 0x00000000c4100000, 0x00000000c4100000| Untracked 
|  22|0x00000000c4200000, 0x00000000c4200000, 0x00000000c4300000|  0%| F|  |TAMS 0x00000000c4200000, 0x00000000c4200000| Untracked 
|  23|0x00000000c4300000, 0x00000000c4300000, 0x00000000c4400000|  0%| F|  |TAMS 0x00000000c4300000, 0x00000000c4300000| Untracked 
|  24|0x00000000c4400000, 0x00000000c4400000, 0x00000000c4500000|  0%| F|  |TAMS 0x00000000c4400000, 0x00000000c4400000| Untracked 
|  25|0x00000000c4500000, 0x00000000c4500000, 0x00000000c4600000|  0%| F|  |TAMS 0x00000000c4500000, 0x00000000c4500000| Untracked 
|  26|0x00000000c4600000, 0x00000000c4600000, 0x00000000c4700000|  0%| F|  |TAMS 0x00000000c4600000, 0x00000000c4600000| Untracked 
|  27|0x00000000c4700000, 0x00000000c4700000, 0x00000000c4800000|  0%| F|  |TAMS 0x00000000c4700000, 0x00000000c4700000| Untracked 
|  28|0x00000000c4800000, 0x00000000c4800000, 0x00000000c4900000|  0%| F|  |TAMS 0x00000000c4800000, 0x00000000c4800000| Untracked 
|  29|0x00000000c4900000, 0x00000000c4900000, 0x00000000c4a00000|  0%| F|  |TAMS 0x00000000c4900000, 0x00000000c4900000| Untracked 
|  30|0x00000000c4a00000, 0x00000000c4a00000, 0x00000000c4b00000|  0%| F|  |TAMS 0x00000000c4a00000, 0x00000000c4a00000| Untracked 
|  31|0x00000000c4b00000, 0x00000000c4b00000, 0x00000000c4c00000|  0%| F|  |TAMS 0x00000000c4b00000, 0x00000000c4b00000| Untracked 
|  32|0x00000000c4c00000, 0x00000000c4c00000, 0x00000000c4d00000|  0%| F|  |TAMS 0x00000000c4c00000, 0x00000000c4c00000| Untracked 
|  33|0x00000000c4d00000, 0x00000000c4d00000, 0x00000000c4e00000|  0%| F|  |TAMS 0x00000000c4d00000, 0x00000000c4d00000| Untracked 
|  34|0x00000000c4e00000, 0x00000000c4e00000, 0x00000000c4f00000|  0%| F|  |TAMS 0x00000000c4e00000, 0x00000000c4e00000| Untracked 
|  35|0x00000000c4f00000, 0x00000000c4f00000, 0x00000000c5000000|  0%| F|  |TAMS 0x00000000c4f00000, 0x00000000c4f00000| Untracked 
|  36|0x00000000c5000000, 0x00000000c5000000, 0x00000000c5100000|  0%| F|  |TAMS 0x00000000c5000000, 0x00000000c5000000| Untracked 
|  37|0x00000000c5100000, 0x00000000c5100000, 0x00000000c5200000|  0%| F|  |TAMS 0x00000000c5100000, 0x00000000c5100000| Untracked 
|  38|0x00000000c5200000, 0x00000000c5200000, 0x00000000c5300000|  0%| F|  |TAMS 0x00000000c5200000, 0x00000000c5200000| Untracked 
|  39|0x00000000c5300000, 0x00000000c5300000, 0x00000000c5400000|  0%| F|  |TAMS 0x00000000c5300000, 0x00000000c5300000| Untracked 
|  40|0x00000000c5400000, 0x00000000c5400000, 0x00000000c5500000|  0%| F|  |TAMS 0x00000000c5400000, 0x00000000c5400000| Untracked 
|  41|0x00000000c5500000, 0x00000000c5500000, 0x00000000c5600000|  0%| F|  |TAMS 0x00000000c5500000, 0x00000000c5500000| Untracked 
|  42|0x00000000c5600000, 0x00000000c5600000, 0x00000000c5700000|  0%| F|  |TAMS 0x00000000c5600000, 0x00000000c5600000| Untracked 
|  43|0x00000000c5700000, 0x00000000c5700000, 0x00000000c5800000|  0%| F|  |TAMS 0x00000000c5700000, 0x00000000c5700000| Untracked 
|  44|0x00000000c5800000, 0x00000000c5800000, 0x00000000c5900000|  0%| F|  |TAMS 0x00000000c5800000, 0x00000000c5800000| Untracked 
|  45|0x00000000c5900000, 0x00000000c5900000, 0x00000000c5a00000|  0%| F|  |TAMS 0x00000000c5900000, 0x00000000c5900000| Untracked 
|  46|0x00000000c5a00000, 0x00000000c5a00000, 0x00000000c5b00000|  0%| F|  |TAMS 0x00000000c5a00000, 0x00000000c5a00000| Untracked 
|  47|0x00000000c5b00000, 0x00000000c5b00000, 0x00000000c5c00000|  0%| F|  |TAMS 0x00000000c5b00000, 0x00000000c5b00000| Untracked 
|  48|0x00000000c5c00000, 0x00000000c5c00000, 0x00000000c5d00000|  0%| F|  |TAMS 0x00000000c5c00000, 0x00000000c5c00000| Untracked 
|  49|0x00000000c5d00000, 0x00000000c5d00000, 0x00000000c5e00000|  0%| F|  |TAMS 0x00000000c5d00000, 0x00000000c5d00000| Untracked 
|  50|0x00000000c5e00000, 0x00000000c5e00000, 0x00000000c5f00000|  0%| F|  |TAMS 0x00000000c5e00000, 0x00000000c5e00000| Untracked 
|  51|0x00000000c5f00000, 0x00000000c5f00000, 0x00000000c6000000|  0%| F|  |TAMS 0x00000000c5f00000, 0x00000000c5f00000| Untracked 
|  52|0x00000000c6000000, 0x00000000c6000000, 0x00000000c6100000|  0%| F|  |TAMS 0x00000000c6000000, 0x00000000c6000000| Untracked 
|  53|0x00000000c6100000, 0x00000000c6100000, 0x00000000c6200000|  0%| F|  |TAMS 0x00000000c6100000, 0x00000000c6100000| Untracked 
|  54|0x00000000c6200000, 0x00000000c6200000, 0x00000000c6300000|  0%| F|  |TAMS 0x00000000c6200000, 0x00000000c6200000| Untracked 
|  55|0x00000000c6300000, 0x00000000c6300000, 0x00000000c6400000|  0%| F|  |TAMS 0x00000000c6300000, 0x00000000c6300000| Untracked 
|  56|0x00000000c6400000, 0x00000000c6400000, 0x00000000c6500000|  0%| F|  |TAMS 0x00000000c6400000, 0x00000000c6400000| Untracked 
|  57|0x00000000c6500000, 0x00000000c6500000, 0x00000000c6600000|  0%| F|  |TAMS 0x00000000c6500000, 0x00000000c6500000| Untracked 
|  58|0x00000000c6600000, 0x00000000c6600000, 0x00000000c6700000|  0%| F|  |TAMS 0x00000000c6600000, 0x00000000c6600000| Untracked 
|  59|0x00000000c6700000, 0x00000000c6700000, 0x00000000c6800000|  0%| F|  |TAMS 0x00000000c6700000, 0x00000000c6700000| Untracked 
|  60|0x00000000c6800000, 0x00000000c6800000, 0x00000000c6900000|  0%| F|  |TAMS 0x00000000c6800000, 0x00000000c6800000| Untracked 
|  61|0x00000000c6900000, 0x00000000c6981080, 0x00000000c6a00000| 50%| E|  |TAMS 0x00000000c6900000, 0x00000000c6900000| Complete 

Card table byte_map: [0x0000020772f50000,0x0000020773140000] _byte_map_base: 0x000002077293a000

Marking Bits (Prev, Next): (CMBitMap*) 0x00000207731a79d0, (CMBitMap*) 0x00000207731a7a10
 Prev Bits: [0x000002077aaf0000, 0x000002077ba40000)
 Next Bits: [0x000002077ba40000, 0x000002077c990000)

Polling page: 0x0000020771150000

Metaspace:

Usage:
  Non-class:    103.59 KB used.
      Class:      4.95 KB used.
       Both:    108.54 KB used.

Virtual space:
  Non-class space:        8.00 MB reserved,     128.00 KB (  2%) committed,  1 nodes.
      Class space:        1.00 GB reserved,      64.00 KB ( <1%) committed,  1 nodes.
              Both:        1.01 GB reserved,     192.00 KB ( <1%) committed. 

Chunk freelists:
   Non-Class:  0 bytes
       Class:  3.75 MB
        Both:  3.75 MB

MaxMetaspaceSize: 17179869184.00 GB
CompressedClassSpaceSize: 1.00 GB
 - commit_granule_bytes: 65536.
 - commit_granule_words: 8192.
 - virtual_space_node_default_size: 1048576.
 - enlarge_chunks_in_place: 1.
 - new_chunks_are_fully_committed: 0.
 - uncommit_free_chunks: 1.
 - use_allocation_guard: 0.
 - handle_deallocations: 1.


Internal statistics:

num_allocs_failed_limit: 0.
num_arena_births: 2.
num_arena_deaths: 0.
num_vsnodes_births: 2.
num_vsnodes_deaths: 0.
num_space_committed: 3.
num_space_uncommitted: 0.
num_chunks_returned_to_freelist: 0.
num_chunks_taken_from_freelist: 3.
num_chunk_merges: 0.
num_chunk_splits: 1.
num_chunks_enlarged: 0.
num_purges: 0.

CodeHeap 'non-profiled nmethods': size=120064Kb used=2Kb max_used=2Kb free=120061Kb
 bounds [0x0000020707ac0000, 0x0000020707d30000, 0x000002070f000000]
CodeHeap 'profiled nmethods': size=120000Kb used=35Kb max_used=35Kb free=119964Kb
 bounds [0x0000020700590000, 0x0000020700800000, 0x0000020707ac0000]
CodeHeap 'non-nmethods': size=5696Kb used=1046Kb max_used=1046Kb free=4649Kb
 bounds [0x0000020700000000, 0x0000020700270000, 0x0000020700590000]
 total_blobs=327 nmethods=29 adapters=226
 compilation: enabled
              stopped_count=0, restarted_count=0
 full_count=0

Compilation events (0 events):
No events

GC Heap History (0 events):
No events

Deoptimization events (0 events):
No events

Classes unloaded (0 events):
No events

Classes redefined (0 events):
No events

Internal exceptions (0 events):
No events

Events (12 events):
Event: 0.010 Loaded shared library D:\jdk-16.0.2\bin\java.dll
Event: 0.023 Thread 0x0000020773177bd0 Thread added: 0x0000020773177bd0
Event: 0.027 Thread 0x000002077ec99850 Thread added: 0x000002077ec99850
Event: 0.027 Thread 0x000002077ec9a620 Thread added: 0x000002077ec9a620
Event: 0.037 loading class sun/nio/cs/UTF_8$Encoder
Event: 0.037 loading class sun/nio/cs/UTF_8$Encoder done
Event: 0.039 Thread 0x000002077ecab2b0 Thread added: 0x000002077ecab2b0
Event: 0.039 Thread 0x000002077ecadfd0 Thread added: 0x000002077ecadfd0
Event: 0.039 Thread 0x000002077ecae8e0 Thread added: 0x000002077ecae8e0
Event: 0.039 Thread 0x000002077ecaf1f0 Thread added: 0x000002077ecaf1f0
Event: 0.040 Thread 0x000002077ecafee0 Thread added: 0x000002077ecafee0
Event: 0.040 Thread 0x000002077ecc60e0 Thread added: 0x000002077ecc60e0


Dynamic libraries:
0x00007ff6c8cc0000 - 0x00007ff6c8cd0000 	D:\jdk-16.0.2\bin\java.exe
0x00007ffc01ad0000 - 0x00007ffc01cc5000 	C:\WINDOWS\SYSTEM32\ntdll.dll
0x00007ffc006b0000 - 0x00007ffc0076e000 	C:\WINDOWS\System32\KERNEL32.DLL
0x00007ffbff390000 - 0x00007ffbff658000 	C:\WINDOWS\System32\KERNELBASE.dll
0x00007ffbff920000 - 0x00007ffbffa20000 	C:\WINDOWS\System32\ucrtbase.dll
0x00007ffbf6da0000 - 0x00007ffbf6db8000 	D:\jdk-16.0.2\bin\jli.dll
0x00007ffbf99f0000 - 0x00007ffbf9a09000 	D:\jdk-16.0.2\bin\VCRUNTIME140.dll
0x00007ffbffc30000 - 0x00007ffbffcde000 	C:\WINDOWS\System32\ADVAPI32.dll
0x00007ffc00e00000 - 0x00007ffc00e9e000 	C:\WINDOWS\System32\msvcrt.dll
0x00007ffc005f0000 - 0x00007ffc0068c000 	C:\WINDOWS\System32\sechost.dll
0x00007ffc016f0000 - 0x00007ffc01815000 	C:\WINDOWS\System32\RPCRT4.dll
0x00007ffc00c60000 - 0x00007ffc00e00000 	C:\WINDOWS\System32\USER32.dll
0x00007ffbff220000 - 0x00007ffbff242000 	C:\WINDOWS\System32\win32u.dll
0x00007ffc00ea0000 - 0x00007ffc00ecb000 	C:\WINDOWS\System32\GDI32.dll
0x00007ffbffa20000 - 0x00007ffbffb2b000 	C:\WINDOWS\System32\gdi32full.dll
0x00007ffbff880000 - 0x00007ffbff91d000 	C:\WINDOWS\System32\msvcp_win.dll
0x00007ffbfe570000 - 0x00007ffbfe80a000 	C:\WINDOWS\WinSxS\amd64_microsoft.windows.common-controls_6595b64144ccf1df_6.0.19041.1110_none_60b5254171f9507e\COMCTL32.dll
0x00007ffbfbc50000 - 0x00007ffbfbc5a000 	C:\WINDOWS\SYSTEM32\VERSION.dll
0x00007ffc009d0000 - 0x00007ffc00a00000 	C:\WINDOWS\System32\IMM32.DLL
0x00007ffbfc720000 - 0x00007ffbfc72c000 	D:\jdk-16.0.2\bin\vcruntime140_1.dll
0x00007ffbd6b60000 - 0x00007ffbd6bf1000 	D:\jdk-16.0.2\bin\msvcp140.dll
0x00007ffbc4190000 - 0x00007ffbc4d3b000 	D:\jdk-16.0.2\bin\server\jvm.dll
0x00007ffc01820000 - 0x00007ffc01828000 	C:\WINDOWS\System32\PSAPI.DLL
0x00007ffbe10f0000 - 0x00007ffbe10f9000 	C:\WINDOWS\SYSTEM32\WSOCK32.dll
0x00007ffbddec0000 - 0x00007ffbddee7000 	C:\WINDOWS\SYSTEM32\WINMM.dll
0x00007ffc01620000 - 0x00007ffc0168b000 	C:\WINDOWS\System32\WS2_32.dll
0x00007ffbfd440000 - 0x00007ffbfd452000 	C:\WINDOWS\SYSTEM32\kernel.appcore.dll
0x00007ffbfc6f0000 - 0x00007ffbfc6fa000 	D:\jdk-16.0.2\bin\jimage.dll
0x00007ffbfe970000 - 0x00007ffbfeb54000 	C:\WINDOWS\SYSTEM32\DBGHELP.DLL
0x00007ffbfe940000 - 0x00007ffbfe96c000 	C:\WINDOWS\SYSTEM32\dbgcore.DLL
0x00007ffbff250000 - 0x00007ffbff2d2000 	C:\WINDOWS\System32\bcryptPrimitives.dll
0x00007ffbf6dc0000 - 0x00007ffbf6de5000 	D:\jdk-16.0.2\bin\java.dll
0x00007ffc00ed0000 - 0x00007ffc01614000 	C:\WINDOWS\System32\SHELL32.dll
0x00007ffbfca20000 - 0x00007ffbfd1b4000 	C:\WINDOWS\SYSTEM32\windows.storage.dll
0x00007ffc00160000 - 0x00007ffc004b4000 	C:\WINDOWS\System32\combase.dll
0x00007ffbfe500000 - 0x00007ffbfe52c000 	C:\WINDOWS\SYSTEM32\Wldp.dll
0x00007ffc004c0000 - 0x00007ffc0056d000 	C:\WINDOWS\System32\SHCORE.dll
0x00007ffc008a0000 - 0x00007ffc008f5000 	C:\WINDOWS\System32\shlwapi.dll
0x00007ffbff130000 - 0x00007ffbff14f000 	C:\WINDOWS\SYSTEM32\profapi.dll

dbghelp: loaded successfully - version: 4.0.5 - missing functions: none
symbol engine: initialized successfully - sym options: 0x614 - pdb path: .;D:\jdk-16.0.2\bin;C:\WINDOWS\SYSTEM32;C:\WINDOWS\WinSxS\amd64_microsoft.windows.common-controls_6595b64144ccf1df_6.0.19041.1110_none_60b5254171f9507e;D:\jdk-16.0.2\bin\server

VM Arguments:
jvm_args: -Dfile.encoding=UTF-8 --module-path=C:\Users\mimit\Sistema\build\classes 
java_command: sistema.Sistema
java_class_path (initial): C:\Users\mimit\Sistema\build\classes
Launcher Type: SUN_STANDARD

[Global flags]
     intx CICompilerCount                          = 2                                         {product} {ergonomic}
     uint ConcGCThreads                            = 1                                         {product} {ergonomic}
     uint G1ConcRefinementThreads                  = 2                                         {product} {ergonomic}
   size_t G1HeapRegionSize                         = 1048576                                   {product} {ergonomic}
    uintx GCDrainStackTargetSize                   = 64                                        {product} {ergonomic}
   size_t InitialHeapSize                          = 65011712                                  {product} {ergonomic}
   size_t MarkStackSize                            = 4194304                                   {product} {ergonomic}
   size_t MaxHeapSize                              = 1027604480                                {product} {ergonomic}
   size_t MaxNewSize                               = 616562688                                 {product} {ergonomic}
   size_t MinHeapDeltaBytes                        = 1048576                                   {product} {ergonomic}
   size_t MinHeapSize                              = 8388608                                   {product} {ergonomic}
    uintx NonNMethodCodeHeapSize                   = 5826188                                {pd product} {ergonomic}
    uintx NonProfiledCodeHeapSize                  = 122916026                              {pd product} {ergonomic}
    uintx ProfiledCodeHeapSize                     = 122916026                              {pd product} {ergonomic}
    uintx ReservedCodeCacheSize                    = 251658240                              {pd product} {ergonomic}
     bool SegmentedCodeCache                       = true                                      {product} {ergonomic}
   size_t SoftMaxHeapSize                          = 1027604480                             {manageable} {ergonomic}
     bool UseCompressedClassPointers               = true                           {product lp64_product} {ergonomic}
     bool UseCompressedOops                        = true                           {product lp64_product} {ergonomic}
     bool UseG1GC                                  = true                                      {product} {ergonomic}
     bool UseLargePagesIndividualAllocation        = false                                  {pd product} {ergonomic}

Logging:
Log output configuration:
 #0: stdout all=warning uptime,level,tags
 #1: stderr all=off uptime,level,tags

Environment Variables:
PATH=D:\GAMS\37;D:\GAMS\37\gbin;D:\WINDOWS.X64_213000_db_home\bin;C:\Program Files\Common Files\Oracle\Java\javapath;C:\Program Files (x86)\Common Files\Oracle\Java\javapath;C:\WINDOWS\system32;C:\WINDOWS;C:\WINDOWS\System32\Wbem;C:\WINDOWS\System32\WindowsPowerShell\v1.0\;C:\WINDOWS\System32\OpenSSH\;C:\Program Files\Intel\TXE Components\DAL\;C:\Program Files (x86)\Intel\TXE Components\DAL\;D:\GITHUB\Git\cmd;C:\Users\mimit\AppData\Local\Programs\Python\Python310-32\Scripts\;C:\Users\mimit\AppData\Local\Programs\Python\Python310-32\;C:\Users\mimit\AppData\Local\Microsoft\WindowsApps;;D:\PYTHON\PyCharm 2021.3.2\bin;;D:\PYTHON\PyCharm Community Edition 2021.3.2\bin;
USERNAME=mimit
OS=Windows_NT
PROCESSOR_IDENTIFIER=Intel64 Family 6 Model 122 Stepping 8, GenuineIntel



---------------  S Y S T E M  ---------------

OS:
 Windows 10 , 64 bit Build 19041 (10.0.19041.1566)
OS uptime: 3 days 7:50 hours

CPU: total 2 (initial active 2) (2 cores per cpu, 1 threads per core) family 6 model 122 stepping 8 microcode 0xc, cx8, cmov, fxsr, mmx, 3dnowpref, sse, sse2, sse3, ssse3, sse4.1, sse4.2, popcnt, tsc, tscinvbit, aes, erms, clmul, sha, clflush, clflushopt

Memory: 4k page, system-wide physical 3919M (476M free)
TotalPageFile size 11235M (AvailPageFile size 3M)
current process WorkingSet (physical memory assigned to process): 23M, peak: 23M
current process commit charge ("private bytes"): 126M, peak: 126M

vm_info: Java HotSpot(TM) 64-Bit Server VM (16.0.2+7-67) for windows-amd64 JRE (16.0.2+7-67), built on Jun  8 2021 23:24:19 by "mach5one" with MS VC++ 16.7 (VS2019)

END.
