#
# There is insufficient memory for the Java Runtime Environment to continue.
# Native memory allocation (malloc) failed to allocate 32744 bytes for ChunkPool::allocate
# Possible reasons:
#   The system is out of physical RAM or swap space
#   The process is running with CompressedOops enabled, and the Java Heap may be blocking the growth of the native heap
# Possible solutions:
#   Reduce memory load on the system
#   Increase physical memory or swap space
#   Check if swap backing store is full
#   Decrease Java heap size (-Xmx/-Xms)
#   Decrease number of Java threads
#   Decrease Java thread stack sizes (-Xss)
#   Set larger code cache with -XX:ReservedCodeCacheSize=
#   JVM is running with Unscaled Compressed Oops mode in which the Java heap is
#     placed in the first 4GB address space. The Java Heap base address is the
#     maximum limit for the native heap growth. Please use -XX:HeapBaseMinAddress
#     to set the Java Heap base and to place the Java Heap above 4GB virtual address.
# This output file may be truncated or incomplete.
#
#  Out of Memory Error (arena.cpp:79), pid=13772, tid=15192
#
# JRE version: Java(TM) SE Runtime Environment (16.0.2+7) (build 16.0.2+7-67)
# Java VM: Java HotSpot(TM) 64-Bit Server VM (16.0.2+7-67, mixed mode, tiered, compressed oops, compressed class ptrs, g1 gc, windows-amd64)
# No core dump will be written. Minidumps are not enabled by default on client versions of Windows
#

---------------  S U M M A R Y ------------

Command Line: -Dfile.encoding=UTF-8 --module-path=C:\Users\mimit\Sistema\build\classes sistema.Sistema

Host: Intel(R) Celeron(R) N4020 CPU @ 1.10GHz, 2 cores, 3G,  Windows 10 , 64 bit Build 19041 (10.0.19041.1566)
Time: Thu Apr 14 15:49:32 2022 Hora de verano romance elapsed time: 0.525086 seconds (0d 0h 0m 0s)

---------------  T H R E A D  ---------------

Current thread (0x0000010d1f1e4be0):  JavaThread "C2 CompilerThread0" daemon [_thread_in_native, id=15192, stack(0x0000000a66c00000,0x0000000a66d00000)]


Current CompileTask:
C2:    525  177       4       java.util.HashMap::putVal (300 bytes)

Stack: [0x0000000a66c00000,0x0000000a66d00000]
Native frames: (J=compiled Java code, j=interpreted, Vv=VM code, C=native code)
V  [jvm.dll+0x6681ca]
V  [jvm.dll+0x7c9e69]
V  [jvm.dll+0x7cb61e]
V  [jvm.dll+0x7cbc73]
V  [jvm.dll+0x242c55]
V  [jvm.dll+0xae10f]
V  [jvm.dll+0xae45c]
V  [jvm.dll+0x5f428f]
V  [jvm.dll+0x5f442f]
V  [jvm.dll+0x5f442f]
V  [jvm.dll+0x5f442f]
V  [jvm.dll+0x5fa347]
V  [jvm.dll+0x5fb1da]
V  [jvm.dll+0x5f979c]
V  [jvm.dll+0x215b58]
V  [jvm.dll+0x215100]
V  [jvm.dll+0x1a1beb]
V  [jvm.dll+0x225158]
V  [jvm.dll+0x22319c]
V  [jvm.dll+0x77fa62]
V  [jvm.dll+0x7795aa]
V  [jvm.dll+0x667066]
C  [ucrtbase.dll+0x21bb2]
C  [KERNEL32.DLL+0x17034]
C  [ntdll.dll+0x52651]


---------------  P R O C E S S  ---------------

Threads class SMR info:
_java_thread_list=0x0000010d1fe136e0, length=12, elements={
0x0000010d045e8180, 0x0000010d1f1ab260, 0x0000010d1f1ac7d0, 0x0000010d1f1de100,
0x0000010d1f1e1a30, 0x0000010d1f1e2750, 0x0000010d1f1e3800, 0x0000010d1f1e4be0,
0x0000010d1f1f72d0, 0x0000010d1f203840, 0x0000010d1f12b480, 0x0000010d1fe40140
}

Java Threads: ( => current thread )
  0x0000010d045e8180 JavaThread "main" [_thread_in_vm, id=552, stack(0x0000000a65f00000,0x0000000a66000000)]
  0x0000010d1f1ab260 JavaThread "Reference Handler" daemon [_thread_blocked, id=5724, stack(0x0000000a66600000,0x0000000a66700000)]
  0x0000010d1f1ac7d0 JavaThread "Finalizer" daemon [_thread_blocked, id=14984, stack(0x0000000a66700000,0x0000000a66800000)]
  0x0000010d1f1de100 JavaThread "Signal Dispatcher" daemon [_thread_blocked, id=4428, stack(0x0000000a66800000,0x0000000a66900000)]
  0x0000010d1f1e1a30 JavaThread "Attach Listener" daemon [_thread_blocked, id=12472, stack(0x0000000a66900000,0x0000000a66a00000)]
  0x0000010d1f1e2750 JavaThread "Service Thread" daemon [_thread_blocked, id=13444, stack(0x0000000a66a00000,0x0000000a66b00000)]
  0x0000010d1f1e3800 JavaThread "Monitor Deflation Thread" daemon [_thread_blocked, id=14608, stack(0x0000000a66b00000,0x0000000a66c00000)]
=>0x0000010d1f1e4be0 JavaThread "C2 CompilerThread0" daemon [_thread_in_native, id=15192, stack(0x0000000a66c00000,0x0000000a66d00000)]
  0x0000010d1f1f72d0 JavaThread "C1 CompilerThread0" daemon [_thread_blocked, id=9808, stack(0x0000000a66d00000,0x0000000a66e00000)]
  0x0000010d1f203840 JavaThread "Sweeper thread" daemon [_thread_blocked, id=2296, stack(0x0000000a66e00000,0x0000000a66f00000)]
  0x0000010d1f12b480 JavaThread "Common-Cleaner" daemon [_thread_blocked, id=10084, stack(0x0000000a66f00000,0x0000000a67000000)]
  0x0000010d1fe40140 JavaThread "Notification Thread" daemon [_thread_blocked, id=10912, stack(0x0000000a67000000,0x0000000a67100000)]

Other Threads:
  0x0000010d1f1957d0 VMThread "VM Thread" [stack: 0x0000000a66500000,0x0000000a66600000] [id=2344]
  0x0000010d1fe43b50 WatcherThread [stack: 0x0000000a67100000,0x0000000a67200000] [id=8760]
  0x0000010d046182f0 GCTaskThread "GC Thread#0" [stack: 0x0000000a66000000,0x0000000a66100000] [id=12368]
  0x0000010d04620dc0 ConcurrentGCThread "G1 Main Marker" [stack: 0x0000000a66100000,0x0000000a66200000] [id=9800]
  0x0000010d04621f60 ConcurrentGCThread "G1 Conc#0" [stack: 0x0000000a66200000,0x0000000a66300000] [id=14420]
  0x0000010d0465a6b0 ConcurrentGCThread "G1 Refine#0" [stack: 0x0000000a66300000,0x0000000a66400000] [id=8724]
  0x0000010d0465b0c0 ConcurrentGCThread "G1 Service" [stack: 0x0000000a66400000,0x0000000a66500000] [id=8120]

Threads with active compile tasks:
C2 CompilerThread0      613  177       4       java.util.HashMap::putVal (300 bytes)

VM state: not at safepoint (normal execution)

VM Mutex/Monitor currently owned by a thread: None

Heap address: 0x00000000c2c00000, size: 980 MB, Compressed Oops mode: 32-bit

CDS disabled.
Compressed class space mapped at: 0x0000000100000000-0x0000000140000000, reserved size: 1073741824
Narrow klass base: 0x0000000000000000, Narrow klass shift: 3, Narrow klass range: 0x140000000

GC Precious Log:
 CPUs: 2 total, 2 available
 Memory: 3919M
 Large Page Support: Disabled
 NUMA Support: Disabled
 Compressed Oops: Enabled (32-bit)
 Heap Region Size: 1M
 Heap Min Capacity: 8M
 Heap Initial Capacity: 62M
 Heap Max Capacity: 980M
 Pre-touch: Disabled
 Parallel Workers: 2
 Concurrent Workers: 1
 Concurrent Refinement Workers: 2
 Periodic GC: Disabled

Heap:
 garbage-first heap   total 63488K, used 1024K [0x00000000c2c00000, 0x0000000100000000)
  region size 1024K, 2 young (2048K), 0 survivors (0K)
 Metaspace       used 6302K, committed 6464K, reserved 1056768K
  class space    used 536K, committed 640K, reserved 1048576K

Heap Regions: E=young(eden), S=young(survivor), O=old, HS=humongous(starts), HC=humongous(continues), CS=collection set, F=free, OA=open archive, CA=closed archive, TAMS=top-at-mark-start (previous, next)
|   0|0x00000000c2c00000, 0x00000000c2c00000, 0x00000000c2d00000|  0%| F|  |TAMS 0x00000000c2c00000, 0x00000000c2c00000| Untracked 
|   1|0x00000000c2d00000, 0x00000000c2d00000, 0x00000000c2e00000|  0%| F|  |TAMS 0x00000000c2d00000, 0x00000000c2d00000| Untracked 
|   2|0x00000000c2e00000, 0x00000000c2e00000, 0x00000000c2f00000|  0%| F|  |TAMS 0x00000000c2e00000, 0x00000000c2e00000| Untracked 
|   3|0x00000000c2f00000, 0x00000000c2f00000, 0x00000000c3000000|  0%| F|  |TAMS 0x00000000c2f00000, 0x00000000c2f00000| Untracked 
|   4|0x00000000c3000000, 0x00000000c3000000, 0x00000000c3100000|  0%| F|  |TAMS 0x00000000c3000000, 0x00000000c3000000| Untracked 
|   5|0x00000000c3100000, 0x00000000c3100000, 0x00000000c3200000|  0%| F|  |TAMS 0x00000000c3100000, 0x00000000c3100000| Untracked 
|   6|0x00000000c3200000, 0x00000000c3200000, 0x00000000c3300000|  0%| F|  |TAMS 0x00000000c3200000, 0x00000000c3200000| Untracked 
|   7|0x00000000c3300000, 0x00000000c3300000, 0x00000000c3400000|  0%| F|  |TAMS 0x00000000c3300000, 0x00000000c3300000| Untracked 
|   8|0x00000000c3400000, 0x00000000c3400000, 0x00000000c3500000|  0%| F|  |TAMS 0x00000000c3400000, 0x00000000c3400000| Untracked 
|   9|0x00000000c3500000, 0x00000000c3500000, 0x00000000c3600000|  0%| F|  |TAMS 0x00000000c3500000, 0x00000000c3500000| Untracked 
|  10|0x00000000c3600000, 0x00000000c3600000, 0x00000000c3700000|  0%| F|  |TAMS 0x00000000c3600000, 0x00000000c3600000| Untracked 
|  11|0x00000000c3700000, 0x00000000c3700000, 0x00000000c3800000|  0%| F|  |TAMS 0x00000000c3700000, 0x00000000c3700000| Untracked 
|  12|0x00000000c3800000, 0x00000000c3800000, 0x00000000c3900000|  0%| F|  |TAMS 0x00000000c3800000, 0x00000000c3800000| Untracked 
|  13|0x00000000c3900000, 0x00000000c3900000, 0x00000000c3a00000|  0%| F|  |TAMS 0x00000000c3900000, 0x00000000c3900000| Untracked 
|  14|0x00000000c3a00000, 0x00000000c3a00000, 0x00000000c3b00000|  0%| F|  |TAMS 0x00000000c3a00000, 0x00000000c3a00000| Untracked 
|  15|0x00000000c3b00000, 0x00000000c3b00000, 0x00000000c3c00000|  0%| F|  |TAMS 0x00000000c3b00000, 0x00000000c3b00000| Untracked 
|  16|0x00000000c3c00000, 0x00000000c3c00000, 0x00000000c3d00000|  0%| F|  |TAMS 0x00000000c3c00000, 0x00000000c3c00000| Untracked 
|  17|0x00000000c3d00000, 0x00000000c3d00000, 0x00000000c3e00000|  0%| F|  |TAMS 0x00000000c3d00000, 0x00000000c3d00000| Untracked 
|  18|0x00000000c3e00000, 0x00000000c3e00000, 0x00000000c3f00000|  0%| F|  |TAMS 0x00000000c3e00000, 0x00000000c3e00000| Untracked 
|  19|0x00000000c3f00000, 0x00000000c3f00000, 0x00000000c4000000|  0%| F|  |TAMS 0x00000000c3f00000, 0x00000000c3f00000| Untracked 
|  20|0x00000000c4000000, 0x00000000c4000000, 0x00000000c4100000|  0%| F|  |TAMS 0x00000000c4000000, 0x00000000c4000000| Untracked 
|  21|0x00000000c4100000, 0x00000000c4100000, 0x00000000c4200000|  0%| F|  |TAMS 0x00000000c4100000, 0x00000000c4100000| Untracked 
|  22|0x00000000c4200000, 0x00000000c4200000, 0x00000000c4300000|  0%| F|  |TAMS 0x00000000c4200000, 0x00000000c4200000| Untracked 
|  23|0x00000000c4300000, 0x00000000c4300000, 0x00000000c4400000|  0%| F|  |TAMS 0x00000000c4300000, 0x00000000c4300000| Untracked 
|  24|0x00000000c4400000, 0x00000000c4400000, 0x00000000c4500000|  0%| F|  |TAMS 0x00000000c4400000, 0x00000000c4400000| Untracked 
|  25|0x00000000c4500000, 0x00000000c4500000, 0x00000000c4600000|  0%| F|  |TAMS 0x00000000c4500000, 0x00000000c4500000| Untracked 
|  26|0x00000000c4600000, 0x00000000c4600000, 0x00000000c4700000|  0%| F|  |TAMS 0x00000000c4600000, 0x00000000c4600000| Untracked 
|  27|0x00000000c4700000, 0x00000000c4700000, 0x00000000c4800000|  0%| F|  |TAMS 0x00000000c4700000, 0x00000000c4700000| Untracked 
|  28|0x00000000c4800000, 0x00000000c4800000, 0x00000000c4900000|  0%| F|  |TAMS 0x00000000c4800000, 0x00000000c4800000| Untracked 
|  29|0x00000000c4900000, 0x00000000c4900000, 0x00000000c4a00000|  0%| F|  |TAMS 0x00000000c4900000, 0x00000000c4900000| Untracked 
|  30|0x00000000c4a00000, 0x00000000c4a00000, 0x00000000c4b00000|  0%| F|  |TAMS 0x00000000c4a00000, 0x00000000c4a00000| Untracked 
|  31|0x00000000c4b00000, 0x00000000c4b00000, 0x00000000c4c00000|  0%| F|  |TAMS 0x00000000c4b00000, 0x00000000c4b00000| Untracked 
|  32|0x00000000c4c00000, 0x00000000c4c00000, 0x00000000c4d00000|  0%| F|  |TAMS 0x00000000c4c00000, 0x00000000c4c00000| Untracked 
|  33|0x00000000c4d00000, 0x00000000c4d00000, 0x00000000c4e00000|  0%| F|  |TAMS 0x00000000c4d00000, 0x00000000c4d00000| Untracked 
|  34|0x00000000c4e00000, 0x00000000c4e00000, 0x00000000c4f00000|  0%| F|  |TAMS 0x00000000c4e00000, 0x00000000c4e00000| Untracked 
|  35|0x00000000c4f00000, 0x00000000c4f00000, 0x00000000c5000000|  0%| F|  |TAMS 0x00000000c4f00000, 0x00000000c4f00000| Untracked 
|  36|0x00000000c5000000, 0x00000000c5000000, 0x00000000c5100000|  0%| F|  |TAMS 0x00000000c5000000, 0x00000000c5000000| Untracked 
|  37|0x00000000c5100000, 0x00000000c5100000, 0x00000000c5200000|  0%| F|  |TAMS 0x00000000c5100000, 0x00000000c5100000| Untracked 
|  38|0x00000000c5200000, 0x00000000c5200000, 0x00000000c5300000|  0%| F|  |TAMS 0x00000000c5200000, 0x00000000c5200000| Untracked 
|  39|0x00000000c5300000, 0x00000000c5300000, 0x00000000c5400000|  0%| F|  |TAMS 0x00000000c5300000, 0x00000000c5300000| Untracked 
|  40|0x00000000c5400000, 0x00000000c5400000, 0x00000000c5500000|  0%| F|  |TAMS 0x00000000c5400000, 0x00000000c5400000| Untracked 
|  41|0x00000000c5500000, 0x00000000c5500000, 0x00000000c5600000|  0%| F|  |TAMS 0x00000000c5500000, 0x00000000c5500000| Untracked 
|  42|0x00000000c5600000, 0x00000000c5600000, 0x00000000c5700000|  0%| F|  |TAMS 0x00000000c5600000, 0x00000000c5600000| Untracked 
|  43|0x00000000c5700000, 0x00000000c5700000, 0x00000000c5800000|  0%| F|  |TAMS 0x00000000c5700000, 0x00000000c5700000| Untracked 
|  44|0x00000000c5800000, 0x00000000c5800000, 0x00000000c5900000|  0%| F|  |TAMS 0x00000000c5800000, 0x00000000c5800000| Untracked 
|  45|0x00000000c5900000, 0x00000000c5900000, 0x00000000c5a00000|  0%| F|  |TAMS 0x00000000c5900000, 0x00000000c5900000| Untracked 
|  46|0x00000000c5a00000, 0x00000000c5a00000, 0x00000000c5b00000|  0%| F|  |TAMS 0x00000000c5a00000, 0x00000000c5a00000| Untracked 
|  47|0x00000000c5b00000, 0x00000000c5b00000, 0x00000000c5c00000|  0%| F|  |TAMS 0x00000000c5b00000, 0x00000000c5b00000| Untracked 
|  48|0x00000000c5c00000, 0x00000000c5c00000, 0x00000000c5d00000|  0%| F|  |TAMS 0x00000000c5c00000, 0x00000000c5c00000| Untracked 
|  49|0x00000000c5d00000, 0x00000000c5d00000, 0x00000000c5e00000|  0%| F|  |TAMS 0x00000000c5d00000, 0x00000000c5d00000| Untracked 
|  50|0x00000000c5e00000, 0x00000000c5e00000, 0x00000000c5f00000|  0%| F|  |TAMS 0x00000000c5e00000, 0x00000000c5e00000| Untracked 
|  51|0x00000000c5f00000, 0x00000000c5f00000, 0x00000000c6000000|  0%| F|  |TAMS 0x00000000c5f00000, 0x00000000c5f00000| Untracked 
|  52|0x00000000c6000000, 0x00000000c6000000, 0x00000000c6100000|  0%| F|  |TAMS 0x00000000c6000000, 0x00000000c6000000| Untracked 
|  53|0x00000000c6100000, 0x00000000c6100000, 0x00000000c6200000|  0%| F|  |TAMS 0x00000000c6100000, 0x00000000c6100000| Untracked 
|  54|0x00000000c6200000, 0x00000000c6200000, 0x00000000c6300000|  0%| F|  |TAMS 0x00000000c6200000, 0x00000000c6200000| Untracked 
|  55|0x00000000c6300000, 0x00000000c6300000, 0x00000000c6400000|  0%| F|  |TAMS 0x00000000c6300000, 0x00000000c6300000| Untracked 
|  56|0x00000000c6400000, 0x00000000c6400000, 0x00000000c6500000|  0%| F|  |TAMS 0x00000000c6400000, 0x00000000c6400000| Untracked 
|  57|0x00000000c6500000, 0x00000000c6500000, 0x00000000c6600000|  0%| F|  |TAMS 0x00000000c6500000, 0x00000000c6500000| Untracked 
|  58|0x00000000c6600000, 0x00000000c6600000, 0x00000000c6700000|  0%| F|  |TAMS 0x00000000c6600000, 0x00000000c6600000| Untracked 
|  59|0x00000000c6700000, 0x00000000c6700000, 0x00000000c6800000|  0%| F|  |TAMS 0x00000000c6700000, 0x00000000c6700000| Untracked 
|  60|0x00000000c6800000, 0x00000000c68bba08, 0x00000000c6900000| 73%| E|  |TAMS 0x00000000c6800000, 0x00000000c6800000| Complete 
|  61|0x00000000c6900000, 0x00000000c6a00000, 0x00000000c6a00000|100%| E|CS|TAMS 0x00000000c6900000, 0x00000000c6900000| Complete 

Card table byte_map: [0x0000010d043e0000,0x0000010d045d0000] _byte_map_base: 0x0000010d03dca000

Marking Bits (Prev, Next): (CMBitMap*) 0x0000010d046188f0, (CMBitMap*) 0x0000010d04618930
 Prev Bits: [0x0000010d1af60000, 0x0000010d1beb0000)
 Next Bits: [0x0000010d1beb0000, 0x0000010d1ce00000)

Polling page: 0x0000010d027a0000

Metaspace:

Usage:
  Non-class:      5.63 MB used.
      Class:    536.28 KB used.
       Both:      6.15 MB used.

Virtual space:
  Non-class space:        8.00 MB reserved,       5.69 MB ( 71%) committed,  1 nodes.
      Class space:        1.00 GB reserved,     640.00 KB ( <1%) committed,  1 nodes.
              Both:        1.01 GB reserved,       6.31 MB ( <1%) committed. 

Chunk freelists:
   Non-Class:  2.23 MB
       Class:  3.25 MB
        Both:  5.48 MB

MaxMetaspaceSize: 17179869184.00 GB
CompressedClassSpaceSize: 1.00 GB
 - commit_granule_bytes: 65536.
 - commit_granule_words: 8192.
 - virtual_space_node_default_size: 1048576.
 - enlarge_chunks_in_place: 1.
 - new_chunks_are_fully_committed: 0.
 - uncommit_free_chunks: 1.
 - use_allocation_guard: 0.
 - handle_deallocations: 1.


Internal statistics:

num_allocs_failed_limit: 0.
num_arena_births: 6.
num_arena_deaths: 0.
num_vsnodes_births: 2.
num_vsnodes_deaths: 0.
num_space_committed: 101.
num_space_uncommitted: 0.
num_chunks_returned_to_freelist: 0.
num_chunks_taken_from_freelist: 20.
num_chunk_merges: 0.
num_chunk_splits: 5.
num_chunks_enlarged: 2.
num_purges: 0.

CodeHeap 'non-profiled nmethods': size=120064Kb used=65Kb max_used=65Kb free=119998Kb
 bounds [0x0000010d13830000, 0x0000010d13aa0000, 0x0000010d1ad70000]
CodeHeap 'profiled nmethods': size=120000Kb used=268Kb max_used=268Kb free=119731Kb
 bounds [0x0000010d0c300000, 0x0000010d0c570000, 0x0000010d13830000]
CodeHeap 'non-nmethods': size=5696Kb used=1088Kb max_used=1099Kb free=4607Kb
 bounds [0x0000010d0bd70000, 0x0000010d0bfe0000, 0x0000010d0c300000]
 total_blobs=586 nmethods=232 adapters=268
 compilation: enabled
              stopped_count=0, restarted_count=0
 full_count=0

Compilation events (20 events):
Event: 0.497 Thread 0x0000010d1f1f72d0  197       3       java.util.HashMap$KeySet::iterator (12 bytes)
Event: 0.497 Thread 0x0000010d1f1f72d0 nmethod 197 0x0000010d0c337c90 code [0x0000010d0c337e40, 0x0000010d0c3380a8]
Event: 0.497 Thread 0x0000010d1f1f72d0  198       3       java.util.HashMap$KeyIterator::<init> (11 bytes)
Event: 0.497 Thread 0x0000010d1f1f72d0 nmethod 198 0x0000010d0c338190 code [0x0000010d0c338340, 0x0000010d0c3384c8]
Event: 0.497 Thread 0x0000010d1f1f72d0  199       3       java.util.HashSet::iterator (13 bytes)
Event: 0.497 Thread 0x0000010d1f1f72d0 nmethod 199 0x0000010d0c338590 code [0x0000010d0c338740, 0x0000010d0c3389d8]
Event: 0.497 Thread 0x0000010d1f1f72d0  195       1       java.lang.module.ModuleDescriptor$Version::toString (5 bytes)
Event: 0.497 Thread 0x0000010d1f1f72d0 nmethod 195 0x0000010d1383dd10 code [0x0000010d1383dea0, 0x0000010d1383df78]
Event: 0.498 Thread 0x0000010d1f1f72d0  201       3       java.util.HashSet::<init> (16 bytes)
Event: 0.498 Thread 0x0000010d1f1f72d0 nmethod 201 0x0000010d0c338b10 code [0x0000010d0c338ce0, 0x0000010d0c3390f8]
Event: 0.499 Thread 0x0000010d1f1f72d0  202       1       java.lang.module.ResolvedModule::configuration (5 bytes)
Event: 0.499 Thread 0x0000010d1f1f72d0 nmethod 202 0x0000010d1383e010 code [0x0000010d1383e1a0, 0x0000010d1383e278]
Event: 0.499 Thread 0x0000010d1f1f72d0  204       3       java.lang.module.ResolvedModule::name (11 bytes)
Event: 0.499 Thread 0x0000010d1f1f72d0 nmethod 204 0x0000010d0c339290 code [0x0000010d0c339440, 0x0000010d0c339598]
Event: 0.499 Thread 0x0000010d1f1f72d0  203       1       java.lang.module.ModuleDescriptor::isOpen (5 bytes)
Event: 0.499 Thread 0x0000010d1f1f72d0 nmethod 203 0x0000010d1383e310 code [0x0000010d1383e4a0, 0x0000010d1383e578]
Event: 0.499 Thread 0x0000010d1f1f72d0  205       1       java.util.HashMap::size (5 bytes)
Event: 0.499 Thread 0x0000010d1f1f72d0 nmethod 205 0x0000010d1383e610 code [0x0000010d1383e7a0, 0x0000010d1383e878]
Event: 0.500 Thread 0x0000010d1f1f72d0  206       1       java.lang.module.ModuleDescriptor$Provides::service (5 bytes)
Event: 0.500 Thread 0x0000010d1f1f72d0 nmethod 206 0x0000010d1383e910 code [0x0000010d1383eaa0, 0x0000010d1383eb78]

GC Heap History (0 events):
No events

Deoptimization events (4 events):
Event: 0.454 Thread 0x0000010d045e8180 Uncommon trap: trap_request=0xffffff45 fr.pc=0x0000010d13835c7c relative=0x000000000000005c
Event: 0.454 Thread 0x0000010d045e8180 Uncommon trap: reason=unstable_if action=reinterpret pc=0x0000010d13835c7c method=java.lang.String.isLatin1()Z @ 10 c2
Event: 0.454 Thread 0x0000010d045e8180 DEOPT PACKING pc=0x0000010d13835c7c sp=0x0000000a65ffce60
Event: 0.454 Thread 0x0000010d045e8180 DEOPT UNPACKING pc=0x0000010d0bdbd728 sp=0x0000000a65ffcdf0 mode 2

Classes unloaded (0 events):
No events

Classes redefined (0 events):
No events

Internal exceptions (3 events):
Event: 0.468 Thread 0x0000010d045e8180 Exception <a 'sun/nio/fs/WindowsException'{0x00000000c680c8e8}> (0x00000000c680c8e8) 
thrown [t:\workspace\open\src\hotspot\share\prims\jni.cpp, line 579]
Event: 0.469 Thread 0x0000010d045e8180 Exception <a 'sun/nio/fs/WindowsException'{0x00000000c680cd58}> (0x00000000c680cd58) 
thrown [t:\workspace\open\src\hotspot\share\prims\jni.cpp, line 579]
Event: 0.472 Thread 0x0000010d045e8180 Exception <a 'sun/nio/fs/WindowsException'{0x00000000c680ec10}> (0x00000000c680ec10) 
thrown [t:\workspace\open\src\hotspot\share\prims\jni.cpp, line 579]

Events (20 events):
Event: 0.500 loading class jdk/internal/module/ModuleBootstrap$SafeModuleFinder
Event: 0.500 loading class jdk/internal/module/ModuleBootstrap$SafeModuleFinder done
Event: 0.500 loading class java/lang/invoke/StringConcatFactory
Event: 0.500 loading class java/lang/invoke/StringConcatFactory done
Event: 0.500 loading class java/lang/invoke/StringConcatFactory$1
Event: 0.501 loading class java/lang/invoke/StringConcatFactory$1 done
Event: 0.501 loading class java/lang/invoke/StringConcatFactory$2
Event: 0.501 loading class java/lang/invoke/StringConcatFactory$2 done
Event: 0.501 loading class java/lang/invoke/StringConcatFactory$3
Event: 0.501 loading class java/lang/invoke/StringConcatFactory$3 done
Event: 0.501 Thread 0x0000010d1fe40140 Thread added: 0x0000010d1fe40140
Event: 0.501 loading class jdk/internal/vm/PostVMInitHook
Event: 0.501 loading class jdk/internal/vm/PostVMInitHook done
Event: 0.501 loading class java/util/Locale
Event: 0.502 loading class java/util/Locale done
Event: 0.502 loading class sun/util/locale/BaseLocale
Event: 0.502 loading class sun/util/locale/BaseLocale done
Event: 0.502 loading class sun/util/locale/LocaleUtils
Event: 0.502 loading class sun/util/locale/LocaleUtils done
Event: 0.502 loading class sun/util/locale/BaseLocale$Key


Dynamic libraries:
0x00007ff6c8cc0000 - 0x00007ff6c8cd0000 	D:\jdk-16.0.2\bin\java.exe
0x00007ffc01ad0000 - 0x00007ffc01cc5000 	C:\WINDOWS\SYSTEM32\ntdll.dll
0x00007ffc006b0000 - 0x00007ffc0076e000 	C:\WINDOWS\System32\KERNEL32.DLL
0x00007ffbff390000 - 0x00007ffbff658000 	C:\WINDOWS\System32\KERNELBASE.dll
0x00007ffbff920000 - 0x00007ffbffa20000 	C:\WINDOWS\System32\ucrtbase.dll
0x00007ffbf6da0000 - 0x00007ffbf6db8000 	D:\jdk-16.0.2\bin\jli.dll
0x00007ffbffc30000 - 0x00007ffbffcde000 	C:\WINDOWS\System32\ADVAPI32.dll
0x00007ffc00e00000 - 0x00007ffc00e9e000 	C:\WINDOWS\System32\msvcrt.dll
0x00007ffc005f0000 - 0x00007ffc0068c000 	C:\WINDOWS\System32\sechost.dll
0x00007ffc016f0000 - 0x00007ffc01815000 	C:\WINDOWS\System32\RPCRT4.dll
0x00007ffc00c60000 - 0x00007ffc00e00000 	C:\WINDOWS\System32\USER32.dll
0x00007ffbff220000 - 0x00007ffbff242000 	C:\WINDOWS\System32\win32u.dll
0x00007ffc00ea0000 - 0x00007ffc00ecb000 	C:\WINDOWS\System32\GDI32.dll
0x00007ffbffa20000 - 0x00007ffbffb2b000 	C:\WINDOWS\System32\gdi32full.dll
0x00007ffbff880000 - 0x00007ffbff91d000 	C:\WINDOWS\System32\msvcp_win.dll
0x00007ffbf9780000 - 0x00007ffbf9799000 	D:\jdk-16.0.2\bin\VCRUNTIME140.dll
0x00007ffbfe570000 - 0x00007ffbfe80a000 	C:\WINDOWS\WinSxS\amd64_microsoft.windows.common-controls_6595b64144ccf1df_6.0.19041.1110_none_60b5254171f9507e\COMCTL32.dll
0x00007ffbfbc50000 - 0x00007ffbfbc5a000 	C:\WINDOWS\SYSTEM32\VERSION.dll
0x00007ffc009d0000 - 0x00007ffc00a00000 	C:\WINDOWS\System32\IMM32.DLL
0x00007ffbfc720000 - 0x00007ffbfc72c000 	D:\jdk-16.0.2\bin\vcruntime140_1.dll
0x00007ffbf5d60000 - 0x00007ffbf5df1000 	D:\jdk-16.0.2\bin\msvcp140.dll
0x00007ffbc4190000 - 0x00007ffbc4d3b000 	D:\jdk-16.0.2\bin\server\jvm.dll
0x00007ffc01820000 - 0x00007ffc01828000 	C:\WINDOWS\System32\PSAPI.DLL
0x00007ffbe10f0000 - 0x00007ffbe10f9000 	C:\WINDOWS\SYSTEM32\WSOCK32.dll
0x00007ffc01620000 - 0x00007ffc0168b000 	C:\WINDOWS\System32\WS2_32.dll
0x00007ffbddec0000 - 0x00007ffbddee7000 	C:\WINDOWS\SYSTEM32\WINMM.dll
0x00007ffbfd440000 - 0x00007ffbfd452000 	C:\WINDOWS\SYSTEM32\kernel.appcore.dll
0x00007ffbfc6f0000 - 0x00007ffbfc6fa000 	D:\jdk-16.0.2\bin\jimage.dll
0x00007ffbfe970000 - 0x00007ffbfeb54000 	C:\WINDOWS\SYSTEM32\DBGHELP.DLL
0x00007ffbfe940000 - 0x00007ffbfe96c000 	C:\WINDOWS\SYSTEM32\dbgcore.DLL
0x00007ffbff250000 - 0x00007ffbff2d2000 	C:\WINDOWS\System32\bcryptPrimitives.dll
0x00007ffbf6dc0000 - 0x00007ffbf6de5000 	D:\jdk-16.0.2\bin\java.dll
0x00007ffc00ed0000 - 0x00007ffc01614000 	C:\WINDOWS\System32\SHELL32.dll
0x00007ffbfca20000 - 0x00007ffbfd1b4000 	C:\WINDOWS\SYSTEM32\windows.storage.dll
0x00007ffc00160000 - 0x00007ffc004b4000 	C:\WINDOWS\System32\combase.dll
0x00007ffbfe500000 - 0x00007ffbfe52c000 	C:\WINDOWS\SYSTEM32\Wldp.dll
0x00007ffc004c0000 - 0x00007ffc0056d000 	C:\WINDOWS\System32\SHCORE.dll
0x00007ffc008a0000 - 0x00007ffc008f5000 	C:\WINDOWS\System32\shlwapi.dll
0x00007ffbff130000 - 0x00007ffbff14f000 	C:\WINDOWS\SYSTEM32\profapi.dll
0x00007ffbf86c0000 - 0x00007ffbf86d9000 	D:\jdk-16.0.2\bin\net.dll
0x00007ffbeb5f0000 - 0x00007ffbeb6f9000 	C:\WINDOWS\SYSTEM32\WINHTTP.dll
0x00007ffbfe3d0000 - 0x00007ffbfe43a000 	C:\WINDOWS\system32\mswsock.dll
0x00007ffbf71d0000 - 0x00007ffbf71e3000 	D:\jdk-16.0.2\bin\nio.dll

dbghelp: loaded successfully - version: 4.0.5 - missing functions: none
symbol engine: initialized successfully - sym options: 0x614 - pdb path: .;D:\jdk-16.0.2\bin;C:\WINDOWS\SYSTEM32;C:\WINDOWS\WinSxS\amd64_microsoft.windows.common-controls_6595b64144ccf1df_6.0.19041.1110_none_60b5254171f9507e;D:\jdk-16.0.2\bin\server

VM Arguments:
jvm_args: -Dfile.encoding=UTF-8 --module-path=C:\Users\mimit\Sistema\build\classes 
java_command: sistema.Sistema
java_class_path (initial): C:\Users\mimit\Sistema\build\classes
Launcher Type: SUN_STANDARD

[Global flags]
     intx CICompilerCount                          = 2                                         {product} {ergonomic}
     uint ConcGCThreads                            = 1                                         {product} {ergonomic}
     uint G1ConcRefinementThreads                  = 2                                         {product} {ergonomic}
   size_t G1HeapRegionSize                         = 1048576                                   {product} {ergonomic}
    uintx GCDrainStackTargetSize                   = 64                                        {product} {ergonomic}
   size_t InitialHeapSize                          = 65011712                                  {product} {ergonomic}
   size_t MarkStackSize                            = 4194304                                   {product} {ergonomic}
   size_t MaxHeapSize                              = 1027604480                                {product} {ergonomic}
   size_t MaxNewSize                               = 616562688                                 {product} {ergonomic}
   size_t MinHeapDeltaBytes                        = 1048576                                   {product} {ergonomic}
   size_t MinHeapSize                              = 8388608                                   {product} {ergonomic}
    uintx NonNMethodCodeHeapSize                   = 5826188                                {pd product} {ergonomic}
    uintx NonProfiledCodeHeapSize                  = 122916026                              {pd product} {ergonomic}
    uintx ProfiledCodeHeapSize                     = 122916026                              {pd product} {ergonomic}
    uintx ReservedCodeCacheSize                    = 251658240                              {pd product} {ergonomic}
     bool SegmentedCodeCache                       = true                                      {product} {ergonomic}
   size_t SoftMaxHeapSize                          = 1027604480                             {manageable} {ergonomic}
     bool UseCompressedClassPointers               = true                           {product lp64_product} {ergonomic}
     bool UseCompressedOops                        = true                           {product lp64_product} {ergonomic}
     bool UseG1GC                                  = true                                      {product} {ergonomic}
     bool UseLargePagesIndividualAllocation        = false                                  {pd product} {ergonomic}

Logging:
Log output configuration:
 #0: stdout all=warning uptime,level,tags
 #1: stderr all=off uptime,level,tags

Environment Variables:
PATH=D:\GAMS\37;D:\GAMS\37\gbin;D:\WINDOWS.X64_213000_db_home\bin;C:\Program Files\Common Files\Oracle\Java\javapath;C:\Program Files (x86)\Common Files\Oracle\Java\javapath;C:\WINDOWS\system32;C:\WINDOWS;C:\WINDOWS\System32\Wbem;C:\WINDOWS\System32\WindowsPowerShell\v1.0\;C:\WINDOWS\System32\OpenSSH\;C:\Program Files\Intel\TXE Components\DAL\;C:\Program Files (x86)\Intel\TXE Components\DAL\;D:\GITHUB\Git\cmd;C:\Users\mimit\AppData\Local\Programs\Python\Python310-32\Scripts\;C:\Users\mimit\AppData\Local\Programs\Python\Python310-32\;C:\Users\mimit\AppData\Local\Microsoft\WindowsApps;;D:\PYTHON\PyCharm 2021.3.2\bin;;D:\PYTHON\PyCharm Community Edition 2021.3.2\bin;
USERNAME=mimit
OS=Windows_NT
PROCESSOR_IDENTIFIER=Intel64 Family 6 Model 122 Stepping 8, GenuineIntel



---------------  S Y S T E M  ---------------

OS:
 Windows 10 , 64 bit Build 19041 (10.0.19041.1566)
OS uptime: 3 days 7:48 hours

CPU: total 2 (initial active 2) (2 cores per cpu, 1 threads per core) family 6 model 122 stepping 8 microcode 0xc, cx8, cmov, fxsr, mmx, 3dnowpref, sse, sse2, sse3, ssse3, sse4.1, sse4.2, popcnt, tsc, tscinvbit, aes, erms, clmul, sha, clflush, clflushopt

Memory: 4k page, system-wide physical 3919M (362M free)
TotalPageFile size 11235M (AvailPageFile size 0M)
current process WorkingSet (physical memory assigned to process): 31M, peak: 31M
current process commit charge ("private bytes"): 124M, peak: 124M

vm_info: Java HotSpot(TM) 64-Bit Server VM (16.0.2+7-67) for windows-amd64 JRE (16.0.2+7-67), built on Jun  8 2021 23:24:19 by "mach5one" with MS VC++ 16.7 (VS2019)

END.
