#
# There is insufficient memory for the Java Runtime Environment to continue.
# Native memory allocation (mmap) failed to map 65011712 bytes for G1 virtual space
# Possible reasons:
#   The system is out of physical RAM or swap space
#   The process is running with CompressedOops enabled, and the Java Heap may be blocking the growth of the native heap
# Possible solutions:
#   Reduce memory load on the system
#   Increase physical memory or swap space
#   Check if swap backing store is full
#   Decrease Java heap size (-Xmx/-Xms)
#   Decrease number of Java threads
#   Decrease Java thread stack sizes (-Xss)
#   Set larger code cache with -XX:ReservedCodeCacheSize=
#   JVM is running with Unscaled Compressed Oops mode in which the Java heap is
#     placed in the first 4GB address space. The Java Heap base address is the
#     maximum limit for the native heap growth. Please use -XX:HeapBaseMinAddress
#     to set the Java Heap base and to place the Java Heap above 4GB virtual address.
# This output file may be truncated or incomplete.
#
#  Out of Memory Error (os_windows.cpp:3466), pid=4200, tid=1304
#
# JRE version:  (16.0.2+7) (build )
# Java VM: Java HotSpot(TM) 64-Bit Server VM (16.0.2+7-67, mixed mode, sharing, tiered, compressed oops, compressed class ptrs, g1 gc, windows-amd64)
# No core dump will be written. Minidumps are not enabled by default on client versions of Windows
#

---------------  S U M M A R Y ------------

Command Line: -ea org.apache.tools.ant.taskdefs.optional.junit.JUnitTestRunner sistema.UsuarioTest methods=testSetPassword skipNonTests=false filtertrace=true haltOnError=false haltOnFailure=false showoutput=true outputtoformatters=true logfailedtests=true threadid=0 logtestlistenerevents=true formatter=org.apache.tools.ant.taskdefs.optional.junit.BriefJUnitResultFormatter formatter=org.apache.tools.ant.taskdefs.optional.junit.XMLJUnitResultFormatter,C:\Users\mimit\AppData\Local\Temp\TEST-sistema.UsuarioTest.xml crashfile=D:\Sistema\build\junitvmwatcher16085266175263093817.properties propsfile=D:\Sistema\build\junit434655069505337528.properties

Host: Intel(R) Celeron(R) N4020 CPU @ 1.10GHz, 2 cores, 3G,  Windows 10 , 64 bit Build 19041 (10.0.19041.1706)
Time: Sun May 29 12:24:52 2022 Hora de verano romance elapsed time: 0.242660 seconds (0d 0h 0m 0s)

---------------  T H R E A D  ---------------

Current thread (0x0000024c524cb7f0):  JavaThread "Unknown thread" [_thread_in_vm, id=1304, stack(0x0000005cc8600000,0x0000005cc8700000)]

Stack: [0x0000005cc8600000,0x0000005cc8700000]
Native frames: (J=compiled Java code, j=interpreted, Vv=VM code, C=native code)
V  [jvm.dll+0x6681ca]
V  [jvm.dll+0x7c9e69]
V  [jvm.dll+0x7cb61e]
V  [jvm.dll+0x7cbc73]
V  [jvm.dll+0x242c55]
V  [jvm.dll+0x664f89]
V  [jvm.dll+0x659b75]
V  [jvm.dll+0x2fbfbb]
V  [jvm.dll+0x3031b6]
V  [jvm.dll+0x35299e]
V  [jvm.dll+0x352bcf]
V  [jvm.dll+0x2d3028]
V  [jvm.dll+0x2d4264]
V  [jvm.dll+0x79c741]
V  [jvm.dll+0x360791]
V  [jvm.dll+0x77a3f0]
V  [jvm.dll+0x3e4e8f]
V  [jvm.dll+0x3e6961]
C  [jli.dll+0x52fb]
C  [ucrtbase.dll+0x21bb2]
C  [KERNEL32.DLL+0x17034]
C  [ntdll.dll+0x52651]


---------------  P R O C E S S  ---------------

Threads class SMR info:
_java_thread_list=0x00007ffdf2e2cbb8, length=0, elements={
}

Java Threads: ( => current thread )

Other Threads:
  0x0000024c524fa200 GCTaskThread "GC Thread#0" [stack: 0x0000005cc8700000,0x0000005cc8800000] [id=9872]
  0x0000024c52503ce0 ConcurrentGCThread "G1 Main Marker" [stack: 0x0000005cc8800000,0x0000005cc8900000] [id=11688]
  0x0000024c525046e0 ConcurrentGCThread "G1 Conc#0" [stack: 0x0000005cc8900000,0x0000005cc8a00000] [id=1216]

[error occurred during error reporting (printing all threads), id 0xc0000005, EXCEPTION_ACCESS_VIOLATION (0xc0000005) at pc=0x00007ffdf2603ee7]

VM state: not at safepoint (not fully initialized)

VM Mutex/Monitor currently owned by a thread:  ([mutex/lock_event])
[0x0000024c524c7690] Heap_lock - owner thread: 0x0000024c524cb7f0

Heap address: 0x00000000c2c00000, size: 980 MB, Compressed Oops mode: 32-bit

CDS archive(s) mapped at: [0x0000000000000000-0x0000000000000000-0x0000000000000000), size 0, SharedBaseAddress: 0x0000000800000000, ArchiveRelocationMode: 0.
Narrow klass base: 0x0000000000000000, Narrow klass shift: 0, Narrow klass range: 0x0

GC Precious Log:
<Empty>

Heap:
 garbage-first heap   total 0K, used 0K [0x00000000c2c00000, 0x0000000100000000)
  region size 1024K, 0 young (0K), 0 survivors (0K)

[error occurred during error reporting (printing heap information), id 0xc0000005, EXCEPTION_ACCESS_VIOLATION (0xc0000005) at pc=0x00007ffdf29e1eed]

GC Heap History (0 events):
No events

Deoptimization events (0 events):
No events

Classes unloaded (0 events):
No events

Classes redefined (0 events):
No events

Internal exceptions (0 events):
No events

Events (1 events):
Event: 0.094 Loaded shared library D:\jdk-16.0.2\bin\java.dll


Dynamic libraries:
0x00007ff6dbcb0000 - 0x00007ff6dbcc0000 	D:\jdk-16.0.2\bin\java.exe
0x00007ffe39550000 - 0x00007ffe39745000 	C:\WINDOWS\SYSTEM32\ntdll.dll
0x00007ffe37af0000 - 0x00007ffe37bad000 	C:\WINDOWS\System32\KERNEL32.DLL
0x00007ffe36d00000 - 0x00007ffe36fcd000 	C:\WINDOWS\System32\KERNELBASE.dll
0x00007ffe374a0000 - 0x00007ffe375a0000 	C:\WINDOWS\System32\ucrtbase.dll
0x00007ffe32720000 - 0x00007ffe32738000 	D:\jdk-16.0.2\bin\jli.dll
0x00007ffe38d40000 - 0x00007ffe38dee000 	C:\WINDOWS\System32\ADVAPI32.dll
0x00007ffe38f90000 - 0x00007ffe3902e000 	C:\WINDOWS\System32\msvcrt.dll
0x00007ffe39140000 - 0x00007ffe391dc000 	C:\WINDOWS\System32\sechost.dll
0x00007ffe391e0000 - 0x00007ffe39305000 	C:\WINDOWS\System32\RPCRT4.dll
0x00007ffe38ba0000 - 0x00007ffe38d40000 	C:\WINDOWS\System32\USER32.dll
0x00007ffe373c0000 - 0x00007ffe373e2000 	C:\WINDOWS\System32\win32u.dll
0x00007ffe37960000 - 0x00007ffe3798a000 	C:\WINDOWS\System32\GDI32.dll
0x00007ffe37150000 - 0x00007ffe3725b000 	C:\WINDOWS\System32\gdi32full.dll
0x00007ffe36c60000 - 0x00007ffe36cfd000 	C:\WINDOWS\System32\msvcp_win.dll
0x00007ffe1c5c0000 - 0x00007ffe1c85a000 	C:\WINDOWS\WinSxS\amd64_microsoft.windows.common-controls_6595b64144ccf1df_6.0.19041.1110_none_60b5254171f9507e\COMCTL32.dll
0x00007ffe33eb0000 - 0x00007ffe33eba000 	C:\WINDOWS\SYSTEM32\VERSION.dll
0x00007ffe326e0000 - 0x00007ffe326f9000 	D:\jdk-16.0.2\bin\VCRUNTIME140.dll
0x00007ffe38ed0000 - 0x00007ffe38f00000 	C:\WINDOWS\System32\IMM32.DLL
0x00007ffe326d0000 - 0x00007ffe326dc000 	D:\jdk-16.0.2\bin\vcruntime140_1.dll
0x00007ffe2f9e0000 - 0x00007ffe2fa71000 	D:\jdk-16.0.2\bin\msvcp140.dll
0x00007ffdf2320000 - 0x00007ffdf2ecb000 	D:\jdk-16.0.2\bin\server\jvm.dll
0x00007ffe38f00000 - 0x00007ffe38f08000 	C:\WINDOWS\System32\PSAPI.DLL
0x00007ffe11ea0000 - 0x00007ffe11ea9000 	C:\WINDOWS\SYSTEM32\WSOCK32.dll
0x00007ffe37a80000 - 0x00007ffe37aeb000 	C:\WINDOWS\System32\WS2_32.dll
0x00007ffe1da70000 - 0x00007ffe1da97000 	C:\WINDOWS\SYSTEM32\WINMM.dll
0x00007ffe35640000 - 0x00007ffe35652000 	C:\WINDOWS\SYSTEM32\kernel.appcore.dll
0x00007ffe32680000 - 0x00007ffe3268a000 	D:\jdk-16.0.2\bin\jimage.dll
0x00007ffe351b0000 - 0x00007ffe35394000 	C:\WINDOWS\SYSTEM32\DBGHELP.DLL
0x00007ffe246b0000 - 0x00007ffe246dc000 	C:\WINDOWS\SYSTEM32\dbgcore.DLL
0x00007ffe36fd0000 - 0x00007ffe37052000 	C:\WINDOWS\System32\bcryptPrimitives.dll
0x00007ffe31e70000 - 0x00007ffe31e95000 	D:\jdk-16.0.2\bin\java.dll

dbghelp: loaded successfully - version: 4.0.5 - missing functions: none
symbol engine: initialized successfully - sym options: 0x614 - pdb path: .;D:\jdk-16.0.2\bin;C:\WINDOWS\SYSTEM32;C:\WINDOWS\WinSxS\amd64_microsoft.windows.common-controls_6595b64144ccf1df_6.0.19041.1110_none_60b5254171f9507e;D:\jdk-16.0.2\bin\server

VM Arguments:
jvm_args: -ea 
java_command: org.apache.tools.ant.taskdefs.optional.junit.JUnitTestRunner sistema.UsuarioTest methods=testSetPassword skipNonTests=false filtertrace=true haltOnError=false haltOnFailure=false showoutput=true outputtoformatters=true logfailedtests=true threadid=0 logtestlistenerevents=true formatter=org.apache.tools.ant.taskdefs.optional.junit.BriefJUnitResultFormatter formatter=org.apache.tools.ant.taskdefs.optional.junit.XMLJUnitResultFormatter,C:\Users\mimit\AppData\Local\Temp\TEST-sistema.UsuarioTest.xml crashfile=D:\Sistema\build\junitvmwatcher16085266175263093817.properties propsfile=D:\Sistema\build\junit434655069505337528.properties
java_class_path (initial): D:\Sistema\build\classes;D:\NetBeans-12.5\netbeans\platform\modules\ext\junit-4.13.2.jar;D:\NetBeans-12.5\netbeans\platform\modules\ext\hamcrest-core-1.3.jar;D:\Sistema\build\test\classes;D:\NetBeans-12.5\netbeans\extide\ant\lib\ant-launcher.jar;D:\NetBeans-12.5\netbeans\extide\ant\lib\ant.jar;D:\NetBeans-12.5\netbeans\extide\ant\lib\ant-junit.jar;D:\NetBeans-12.5\netbeans\extide\ant\lib\ant-junit4.jar
Launcher Type: SUN_STANDARD

[Global flags]
     intx CICompilerCount                          = 2                                         {product} {ergonomic}
     uint ConcGCThreads                            = 1                                         {product} {ergonomic}
     uint G1ConcRefinementThreads                  = 2                                         {product} {ergonomic}
   size_t G1HeapRegionSize                         = 1048576                                   {product} {ergonomic}
    uintx GCDrainStackTargetSize                   = 64                                        {product} {ergonomic}
   size_t InitialHeapSize                          = 65011712                                  {product} {ergonomic}
   size_t MarkStackSize                            = 4194304                                   {product} {ergonomic}
   size_t MaxHeapSize                              = 1027604480                                {product} {ergonomic}
   size_t MinHeapDeltaBytes                        = 1048576                                   {product} {ergonomic}
   size_t MinHeapSize                              = 8388608                                   {product} {ergonomic}
    uintx NonNMethodCodeHeapSize                   = 5826188                                {pd product} {ergonomic}
    uintx NonProfiledCodeHeapSize                  = 122916026                              {pd product} {ergonomic}
    uintx ProfiledCodeHeapSize                     = 122916026                              {pd product} {ergonomic}
    uintx ReservedCodeCacheSize                    = 251658240                              {pd product} {ergonomic}
     bool SegmentedCodeCache                       = true                                      {product} {ergonomic}
   size_t SoftMaxHeapSize                          = 1027604480                             {manageable} {ergonomic}
     bool UseCompressedClassPointers               = true                           {product lp64_product} {ergonomic}
     bool UseCompressedOops                        = true                           {product lp64_product} {ergonomic}
     bool UseG1GC                                  = true                                      {product} {ergonomic}
     bool UseLargePagesIndividualAllocation        = false                                  {pd product} {ergonomic}

Logging:
Log output configuration:
 #0: stdout all=warning uptime,level,tags
 #1: stderr all=off uptime,level,tags

Environment Variables:
PATH=D:\GAMS\37;D:\GAMS\37\gbin;D:\WINDOWS.X64_213000_db_home\bin;C:\Program Files\Common Files\Oracle\Java\javapath;C:\Program Files (x86)\Common Files\Oracle\Java\javapath;C:\WINDOWS\system32;C:\WINDOWS;C:\WINDOWS\System32\Wbem;C:\WINDOWS\System32\WindowsPowerShell\v1.0\;C:\WINDOWS\System32\OpenSSH\;C:\Program Files\Intel\TXE Components\DAL\;C:\Program Files (x86)\Intel\TXE Components\DAL\;D:\GITHUB\Git\cmd;C:\Users\mimit\AppData\Local\Programs\Python\Python310-32\Scripts\;C:\Users\mimit\AppData\Local\Programs\Python\Python310-32\;C:\Users\mimit\AppData\Local\Microsoft\WindowsApps;;D:\PYTHON\PyCharm 2021.3.2\bin;;D:\PYTHON\PyCharm Community Edition 2021.3.2\bin;
USERNAME=mimit
OS=Windows_NT
PROCESSOR_IDENTIFIER=Intel64 Family 6 Model 122 Stepping 8, GenuineIntel



---------------  S Y S T E M  ---------------

OS:
 Windows 10 , 64 bit Build 19041 (10.0.19041.1706)
OS uptime: 7 days 4:44 hours

CPU: total 2 (initial active 2) (2 cores per cpu, 1 threads per core) family 6 model 122 stepping 8 microcode 0xc, cx8, cmov, fxsr, mmx, 3dnowpref, sse, sse2, sse3, ssse3, sse4.1, sse4.2, popcnt, tsc, tscinvbit, aes, erms, clmul, sha, clflush, clflushopt

Memory: 4k page, system-wide physical 3919M (518M free)
TotalPageFile size 11235M (AvailPageFile size 23M)
current process WorkingSet (physical memory assigned to process): 9M, peak: 9M
current process commit charge ("private bytes"): 47M, peak: 109M

vm_info: Java HotSpot(TM) 64-Bit Server VM (16.0.2+7-67) for windows-amd64 JRE (16.0.2+7-67), built on Jun  8 2021 23:24:19 by "mach5one" with MS VC++ 16.7 (VS2019)

END.
