#
# A fatal error has been detected by the Java Runtime Environment:
#
#  EXCEPTION_ACCESS_VIOLATION (0xc0000005) at pc=0x00007ffbfc6f1c4d, pid=12056, tid=6656
#
# JRE version:  (16.0.2+7) (build )
# Java VM: Java HotSpot(TM) 64-Bit Server VM (16.0.2+7-67, mixed mode, sharing, tiered, unknown gc, windows-amd64)
# Problematic frame:
# C  [jimage.dll+0x1c4d]
#
# No core dump will be written. Minidumps are not enabled by default on client versions of Windows
#
#

---------------  S U M M A R Y ------------

Command Line: 

Host: Intel(R) Celeron(R) N4020 CPU @ 1.10GHz, 2 cores, 3G,  Windows 10 , 64 bit Build 19041 (10.0.19041.1566)
Time: Thu Apr 14 15:34:06 2022 Hora de verano romance elapsed time: 0.163945 seconds (0d 0h 0m 0s)

---------------  T H R E A D  ---------------

Current thread is native thread

Stack: [0x000000c1f9b00000,0x000000c1f9c00000],  sp=0x000000c1f9bfdda0,  free space=1015k
Native frames: (J=compiled Java code, j=interpreted, Vv=VM code, C=native code)
C  [jimage.dll+0x1c4d]


siginfo: EXCEPTION_ACCESS_VIOLATION (0xc0000005), reading address 0x000000000001bd84


Registers:
RAX=0x0000000000006f5a, RBX=0x000000c1f9bfde91, RCX=0x00007ffbfc6f6000, RDX=0x0000000000006f5a
RSP=0x000000c1f9bfdda0, RBP=0x000000c1f9bfde90, RSI=0x000000000000709a, RDI=0x000000c1f9bfde90
R8 =0x00007ffbfc6f4298, R9 =0x000000000000001c, R10=0x00007ffbc4687900, R11=0x00007ffbfc6f6000
R12=0x0000000000000000, R13=0x000002b557359270, R14=0x000000c1f9bfef00, R15=0x00007ffbc46879d0
RIP=0x00007ffbfc6f1c4d, EFLAGS=0x0000000000010246

Top of Stack: (sp=0x000000c1f9bfdda0)
0x000000c1f9bfdda0:   0000000057340101 00007ffc01b2f700
0x000000c1f9bfddb0:   000000000000000f 000002b55734e340
0x000000c1f9bfddc0:   000002b557343000 00007ffbfc6f1ddb
0x000000c1f9bfddd0:   000000000000000b 000002b557343000
0x000000c1f9bfdde0:   000000000000000f 0000000000000000
0x000000c1f9bfddf0:   000000c1f9bfde04 000002b557240f60
0x000000c1f9bfde00:   0000000000000000 0000000000000000
0x000000c1f9bfde10:   0000000000000000 000002b557342ff0
0x000000c1f9bfde20:   0000000000180016 000002b557351148
0x000000c1f9bfde30:   00005cd99c0e0645 000002b557347f00
0x000000c1f9bfde40:   00007ffbc46659a0 0000000000000017
0x000000c1f9bfde50:   000002b557343000 000000c1f9bfef00
0x000000c1f9bfde60:   000000000000000b 00007ffbfc6f26b9
0x000000c1f9bfde70:   0045005400530059 000000000000000f
0x000000c1f9bfde80:   0048004700420044 002e005012010013
0x000000c1f9bfde90:   61622e6176616a2f 692f6b646a2f6573 

Instructions: (pc=0x00007ffbfc6f1c4d)
0x00007ffbfc6f1b4d:   48 85 c9 74 1d 80 3d b7 44 00 00 00 74 06 48 8b
0x00007ffbfc6f1b5d:   53 18 eb 04 48 8b 53 40 e8 ae 0e 00 00 48 83 63
0x00007ffbfc6f1b6d:   48 00 8b 4b 0c 83 f9 ff 74 09 e8 e4 0c 00 00 83
0x00007ffbfc6f1b7d:   4b 0c ff 48 8b 4b 70 48 85 c9 74 0f ba 10 00 00
0x00007ffbfc6f1b8d:   00 e8 fd 0e 00 00 48 83 63 70 00 48 83 c4 20 5b
0x00007ffbfc6f1b9d:   c3 cc cc 40 53 48 83 ec 20 48 8b d9 48 8d 0d 80
0x00007ffbfc6f1bad:   46 00 00 e8 b3 0c 00 00 83 6b 08 01 75 24 48 8b
0x00007ffbfc6f1bbd:   d3 48 8d 0d 53 44 00 00 e8 22 08 00 00 48 8b cb
0x00007ffbfc6f1bcd:   e8 82 fe ff ff ba 78 00 00 00 48 8b cb e8 b1 0e
0x00007ffbfc6f1bdd:   00 00 48 8d 0d 4a 46 00 00 48 83 c4 20 5b e9 80
0x00007ffbfc6f1bed:   0c 00 00 48 89 5c 24 08 48 89 74 24 10 57 48 83
0x00007ffbfc6f1bfd:   ec 20 41 8b f1 4d 8b c8 48 8b fa 4c 8b d9 4d 85
0x00007ffbfc6f1c0d:   c0 74 78 85 f6 74 74 44 8a 12 48 8d 5a 01 48 8b
0x00007ffbfc6f1c1d:   d3 b8 93 01 00 01 eb 12 69 c0 93 01 00 01 41 0f
0x00007ffbfc6f1c2d:   b6 ca 44 8a 12 33 c1 48 ff c2 45 84 d2 75 e9 4d
0x00007ffbfc6f1c3d:   8b 03 0f ba f0 1f 33 d2 49 8b cb f7 f6 48 63 c2
0x00007ffbfc6f1c4d:   41 8b 14 81 41 ff 50 08 85 c0 7e 24 8a 0f eb 10
0x00007ffbfc6f1c5d:   69 c0 93 01 00 01 0f b6 c9 33 c1 8a 0b 48 ff c3
0x00007ffbfc6f1c6d:   84 c9 75 ec 0f ba f0 1f 33 d2 f7 f6 8b c2 eb 0e
0x00007ffbfc6f1c7d:   79 09 83 c9 ff 2b c8 8b c1 eb 03 83 c8 ff 48 8b
0x00007ffbfc6f1c8d:   5c 24 30 48 8b 74 24 38 48 83 c4 20 5f c3 cc 48
0x00007ffbfc6f1c9d:   89 5c 24 08 48 89 74 24 10 57 48 83 ec 20 48 8b
0x00007ffbfc6f1cad:   f1 48 8d 0d 7b 45 00 00 e8 ae 0b 00 00 33 ff 39
0x00007ffbfc6f1cbd:   3d 56 43 00 00 76 24 48 8b 05 55 43 00 00 48 8b
0x00007ffbfc6f1ccd:   d6 48 8b 1c f8 48 8b 0b e8 d6 1e 00 00 85 c0 74
0x00007ffbfc6f1cdd:   2b ff c7 3b 3d 32 43 00 00 72 dc 33 db 48 8d 0d
0x00007ffbfc6f1ced:   3f 45 00 00 e8 7a 0b 00 00 48 8b 74 24 38 48 8b
0x00007ffbfc6f1cfd:   c3 48 8b 5c 24 30 48 83 c4 20 5f c3 ff 43 08 eb
0x00007ffbfc6f1d0d:   dc cc cc 48 89 5c 24 08 48 89 74 24 10 57 48 83
0x00007ffbfc6f1d1d:   ec 20 48 8b d9 48 8b f2 48 8b 49 10 49 8b f8 8b
0x00007ffbfc6f1d2d:   53 30 48 8b 01 ff 50 20 4c 8b 43 50 48 8b d6 48
0x00007ffbfc6f1d3d:   8b 4b 10 44 8b c8 e8 a8 fe ff ff 83 f8 ff 74 38 



---------------  P R O C E S S  ---------------

VM state: not at safepoint (not fully initialized)

VM Mutex/Monitor currently owned by a thread: None

GC Precious Log:
<Not initialized>


Dynamic libraries:
0x00007ff6cea80000 - 0x00007ff6cea90000 	D:\jdk-16.0.2\bin\java.exe
0x00007ffc01ad0000 - 0x00007ffc01cc5000 	C:\WINDOWS\SYSTEM32\ntdll.dll
0x00007ffc006b0000 - 0x00007ffc0076e000 	C:\WINDOWS\System32\KERNEL32.DLL
0x00007ffbff390000 - 0x00007ffbff658000 	C:\WINDOWS\System32\KERNELBASE.dll
0x00007ffbff920000 - 0x00007ffbffa20000 	C:\WINDOWS\System32\ucrtbase.dll
0x00007ffbf86c0000 - 0x00007ffbf86d9000 	D:\jdk-16.0.2\bin\VCRUNTIME140.dll
0x00007ffbfa250000 - 0x00007ffbfa268000 	D:\jdk-16.0.2\bin\jli.dll
0x00007ffbffc30000 - 0x00007ffbffcde000 	C:\WINDOWS\System32\ADVAPI32.dll
0x00007ffc00e00000 - 0x00007ffc00e9e000 	C:\WINDOWS\System32\msvcrt.dll
0x00007ffc005f0000 - 0x00007ffc0068c000 	C:\WINDOWS\System32\sechost.dll
0x00007ffc016f0000 - 0x00007ffc01815000 	C:\WINDOWS\System32\RPCRT4.dll
0x00007ffc00c60000 - 0x00007ffc00e00000 	C:\WINDOWS\System32\USER32.dll
0x00007ffbff220000 - 0x00007ffbff242000 	C:\WINDOWS\System32\win32u.dll
0x00007ffc00ea0000 - 0x00007ffc00ecb000 	C:\WINDOWS\System32\GDI32.dll
0x00007ffbffa20000 - 0x00007ffbffb2b000 	C:\WINDOWS\System32\gdi32full.dll
0x00007ffbff880000 - 0x00007ffbff91d000 	C:\WINDOWS\System32\msvcp_win.dll
0x00007ffbfe570000 - 0x00007ffbfe80a000 	C:\WINDOWS\WinSxS\amd64_microsoft.windows.common-controls_6595b64144ccf1df_6.0.19041.1110_none_60b5254171f9507e\COMCTL32.dll
0x00007ffbfbc50000 - 0x00007ffbfbc5a000 	C:\WINDOWS\SYSTEM32\VERSION.dll
0x00007ffc009d0000 - 0x00007ffc00a00000 	C:\WINDOWS\System32\IMM32.DLL
0x00007ffbfc720000 - 0x00007ffbfc72c000 	D:\jdk-16.0.2\bin\vcruntime140_1.dll
0x00007ffbf6dc0000 - 0x00007ffbf6e51000 	D:\jdk-16.0.2\bin\msvcp140.dll
0x00007ffbc3dc0000 - 0x00007ffbc496b000 	D:\jdk-16.0.2\bin\server\jvm.dll
0x00007ffc01820000 - 0x00007ffc01828000 	C:\WINDOWS\System32\PSAPI.DLL
0x00007ffbe10f0000 - 0x00007ffbe10f9000 	C:\WINDOWS\SYSTEM32\WSOCK32.dll
0x00007ffc01620000 - 0x00007ffc0168b000 	C:\WINDOWS\System32\WS2_32.dll
0x00007ffbddec0000 - 0x00007ffbddee7000 	C:\WINDOWS\SYSTEM32\WINMM.dll
0x00007ffbfd440000 - 0x00007ffbfd452000 	C:\WINDOWS\SYSTEM32\kernel.appcore.dll
0x00007ffbfc6f0000 - 0x00007ffbfc6fa000 	D:\jdk-16.0.2\bin\jimage.dll

dbghelp: loading error: 1455
symbol engine: initialization error.

VM Arguments:
java_command: <unknown>
java_class_path (initial): <not set>
Launcher Type: SUN_STANDARD

[Global flags]
     bool UseLargePagesIndividualAllocation        = false                                  {pd product} {ergonomic}

Logging:
Log output configuration:
 #0: stdout all=warning uptime,level,tags
 #1: stderr all=off uptime,level,tags

Environment Variables:
PATH=D:\GAMS\37;D:\GAMS\37\gbin;D:\WINDOWS.X64_213000_db_home\bin;C:\Program Files\Common Files\Oracle\Java\javapath;C:\Program Files (x86)\Common Files\Oracle\Java\javapath;C:\WINDOWS\system32;C:\WINDOWS;C:\WINDOWS\System32\Wbem;C:\WINDOWS\System32\WindowsPowerShell\v1.0\;C:\WINDOWS\System32\OpenSSH\;C:\Program Files\Intel\TXE Components\DAL\;C:\Program Files (x86)\Intel\TXE Components\DAL\;D:\GITHUB\Git\cmd;C:\Users\mimit\AppData\Local\Programs\Python\Python310-32\Scripts\;C:\Users\mimit\AppData\Local\Programs\Python\Python310-32\;C:\Users\mimit\AppData\Local\Microsoft\WindowsApps;;D:\PYTHON\PyCharm 2021.3.2\bin;;D:\PYTHON\PyCharm Community Edition 2021.3.2\bin;
USERNAME=mimit
OS=Windows_NT
PROCESSOR_IDENTIFIER=Intel64 Family 6 Model 122 Stepping 8, GenuineIntel



---------------  S Y S T E M  ---------------

OS:
 Windows 10 , 64 bit Build 19041 (10.0.19041.1566)
OS uptime: 3 days 7:32 hours

CPU: total 2 (initial active 0) 

Memory: 4k page, system-wide physical 3919M (309M free)
TotalPageFile size 11235M (AvailPageFile size 4M)
current process WorkingSet (physical memory assigned to process): 6M, peak: 6M
current process commit charge ("private bytes"): 1M, peak: 2M

vm_info: Java HotSpot(TM) 64-Bit Server VM (16.0.2+7-67) for windows-amd64 JRE (16.0.2+7-67), built on Jun  8 2021 23:24:19 by "mach5one" with MS VC++ 16.7 (VS2019)

END.
