#
# There is insufficient memory for the Java Runtime Environment to continue.
# Native memory allocation (malloc) failed to allocate 32744 bytes for ChunkPool::allocate
# Possible reasons:
#   The system is out of physical RAM or swap space
#   The process is running with CompressedOops enabled, and the Java Heap may be blocking the growth of the native heap
# Possible solutions:
#   Reduce memory load on the system
#   Increase physical memory or swap space
#   Check if swap backing store is full
#   Decrease Java heap size (-Xmx/-Xms)
#   Decrease number of Java threads
#   Decrease Java thread stack sizes (-Xss)
#   Set larger code cache with -XX:ReservedCodeCacheSize=
#   JVM is running with Unscaled Compressed Oops mode in which the Java heap is
#     placed in the first 4GB address space. The Java Heap base address is the
#     maximum limit for the native heap growth. Please use -XX:HeapBaseMinAddress
#     to set the Java Heap base and to place the Java Heap above 4GB virtual address.
# This output file may be truncated or incomplete.
#
#  Out of Memory Error (arena.cpp:79), pid=6604, tid=11344
#
# JRE version: Java(TM) SE Runtime Environment (16.0.2+7) (build 16.0.2+7-67)
# Java VM: Java HotSpot(TM) 64-Bit Server VM (16.0.2+7-67, mixed mode, sharing, tiered, compressed oops, compressed class ptrs, g1 gc, windows-amd64)
# No core dump will be written. Minidumps are not enabled by default on client versions of Windows
#

---------------  S U M M A R Y ------------

Command Line: -Dapplication.home=D:\jdk-16.0.2 --add-modules=ALL-DEFAULT -Xms8m -Djdk.module.main=jdk.compiler jdk.compiler/com.sun.tools.javac.Main -d C:\Users\mimit\Sistema\Sistema\build\classes -classpath C:\Users\mimit\Sistema\Sistema\build\classes -sourcepath C:\Users\mimit\Sistema\Sistema\build\empty -target 16 -encoding UTF-8 -g -processorpath C:\Users\mimit\Sistema\Sistema\build\empty -s C:\Users\mimit\Sistema\Sistema\build\generated-sources\ap-source-output -source 16 C:\Users\mimit\Sistema\Sistema\src\sistema\Arma.java C:\Users\mimit\Sistema\Sistema\src\sistema\Armadura.java C:\Users\mimit\Sistema\Sistema\src\sistema\Cazador.java C:\Users\mimit\Sistema\Sistema\src\sistema\Combate.java C:\Users\mimit\Sistema\Sistema\src\sistema\Debilidad.java C:\Users\mimit\Sistema\Sistema\src\sistema\Demonio.java C:\Users\mimit\Sistema\Sistema\src\sistema\Desafio.java C:\Users\mimit\Sistema\Sistema\src\sistema\Disciplina.java C:\Users\mimit\Sistema\Sistema\src\sistema\Don.java C:\Users\mimit\Sistema\Sistema\src\sistema\Esbirro.java C:\Users\mimit\Sistema\Sistema\src\sistema\Fabrica.java C:\Users\mimit\Sistema\Sistema\src\sistema\FabricacionCazador.java C:\Users\mimit\Sistema\Sistema\src\sistema\FabricacionLicantropo.java C:\Users\mimit\Sistema\Sistema\src\sistema\FabricacionVampiro.java C:\Users\mimit\Sistema\Sistema\src\sistema\Fortaleza.java C:\Users\mimit\Sistema\Sistema\src\sistema\Ghoul.java C:\Users\mimit\Sistema\Sistema\src\sistema\Habilidad.java C:\Users\mimit\Sistema\Sistema\src\sistema\Humano.java C:\Users\mimit\Sistema\Sistema\src\sistema\Iterator.java C:\Users\mimit\Sistema\Sistema\src\sistema\Lealtad.java C:\Users\mimit\Sistema\Sistema\src\sistema\Licantropo.java C:\Users\mimit\Sistema\Sistema\src\sistema\MenuInicio.java C:\Users\mimit\Sistema\Sistema\src\sistema\Operador.java C:\Users\mimit\Sistema\Sistema\src\sistema\Personaje.java C:\Users\mimit\Sistema\Sistema\src\sistema\Ronda.java C:\Users\mimit\Sistema\Sistema\src\sistema\Sistema.java C:\Users\mimit\Sistema\Sistema\src\sistema\Talento.java C:\Users\mimit\Sistema\Sistema\src\sistema\Usuario.java C:\Users\mimit\Sistema\Sistema\src\sistema\Vampiro.java

Host: Intel(R) Celeron(R) N4020 CPU @ 1.10GHz, 2 cores, 3G,  Windows 10 , 64 bit Build 19041 (10.0.19041.1645)
Time: Sun May  8 15:38:21 2022 Hora de verano romance elapsed time: 1.062380 seconds (0d 0h 0m 1s)

---------------  T H R E A D  ---------------

Current thread (0x000002aaf20636d0):  JavaThread "main" [_thread_in_vm, id=11344, stack(0x000000c519700000,0x000000c519800000)]

Stack: [0x000000c519700000,0x000000c519800000]
Native frames: (J=compiled Java code, j=interpreted, Vv=VM code, C=native code)
V  [jvm.dll+0x6681ca]
V  [jvm.dll+0x7c9e69]
V  [jvm.dll+0x7cb61e]
V  [jvm.dll+0x7cbc73]
V  [jvm.dll+0x242c55]
V  [jvm.dll+0xae10f]
V  [jvm.dll+0xae45c]
V  [jvm.dll+0x2b7c79]
V  [jvm.dll+0x2b724e]
V  [jvm.dll+0x1eb23a]
V  [jvm.dll+0x1df64a]
V  [jvm.dll+0x535ff8]
V  [jvm.dll+0x74222e]
V  [jvm.dll+0x4076da]
V  [jvm.dll+0x41b9b6]
C  [java.dll+0x164d]

Java frames: (J=compiled Java code, j=interpreted, Vv=VM code)
j  java.lang.ClassLoader.defineClass0(Ljava/lang/ClassLoader;Ljava/lang/Class;Ljava/lang/String;[BIILjava/security/ProtectionDomain;ZILjava/lang/Object;)Ljava/lang/Class;+0 java.base@16.0.2
j  java.lang.System$2.defineClass(Ljava/lang/ClassLoader;Ljava/lang/Class;Ljava/lang/String;[BLjava/security/ProtectionDomain;ZILjava/lang/Object;)Ljava/lang/Class;+17 java.base@16.0.2
j  java.lang.invoke.MethodHandles$Lookup$ClassDefiner.defineClass(ZLjava/lang/Object;)Ljava/lang/Class;+54 java.base@16.0.2
j  java.lang.invoke.InvokerBytecodeGenerator.loadMethod([B)Ljava/lang/invoke/MemberName;+16 java.base@16.0.2
j  java.lang.invoke.InvokerBytecodeGenerator.generateCustomizedCode(Ljava/lang/invoke/LambdaForm;Ljava/lang/invoke/MethodType;)Ljava/lang/invoke/MemberName;+30 java.base@16.0.2
j  java.lang.invoke.LambdaForm.compileToBytecode()V+69 java.base@16.0.2
j  java.lang.invoke.LambdaForm.prepare()V+21 java.base@16.0.2
j  java.lang.invoke.MethodHandle.<init>(Ljava/lang/invoke/MethodType;Ljava/lang/invoke/LambdaForm;)V+33 java.base@16.0.2
j  java.lang.invoke.BoundMethodHandle.<init>(Ljava/lang/invoke/MethodType;Ljava/lang/invoke/LambdaForm;)V+3 java.base@16.0.2
j  java.lang.invoke.BoundMethodHandle$Species_LL.<init>(Ljava/lang/invoke/MethodType;Ljava/lang/invoke/LambdaForm;Ljava/lang/Object;Ljava/lang/Object;)V+3 java.base@16.0.2
j  java.lang.invoke.BoundMethodHandle$Species_LL.make(Ljava/lang/invoke/MethodType;Ljava/lang/invoke/LambdaForm;Ljava/lang/Object;Ljava/lang/Object;)Ljava/lang/invoke/BoundMethodHandle;+8 java.base@16.0.2
j  java.lang.invoke.DirectMethodHandle$Holder.invokeStatic(Ljava/lang/Object;Ljava/lang/Object;Ljava/lang/Object;Ljava/lang/Object;Ljava/lang/Object;)Ljava/lang/Object;+16 java.base@16.0.2
j  java.lang.invoke.BoundMethodHandle$Species_L.copyWithExtendL(Ljava/lang/invoke/MethodType;Ljava/lang/invoke/LambdaForm;Ljava/lang/Object;)Ljava/lang/invoke/BoundMethodHandle;+19 java.base@16.0.2
j  java.lang.invoke.LambdaFormEditor.bindArgumentL(Ljava/lang/invoke/BoundMethodHandle;ILjava/lang/Object;)Ljava/lang/invoke/BoundMethodHandle;+55 java.base@16.0.2
j  java.lang.invoke.BoundMethodHandle.bindArgumentL(ILjava/lang/Object;)Ljava/lang/invoke/BoundMethodHandle;+7 java.base@16.0.2
j  java.lang.invoke.MethodHandles.insertArguments(Ljava/lang/invoke/MethodHandle;I[Ljava/lang/Object;)Ljava/lang/invoke/MethodHandle;+84 java.base@16.0.2
j  java.lang.invoke.StringConcatFactory.prepender(Ljava/lang/String;Ljava/lang/Class;)Ljava/lang/invoke/MethodHandle;+44 java.base@16.0.2
j  java.lang.invoke.StringConcatFactory.generateMHInlineCopy(Ljava/lang/invoke/MethodType;Ljava/util/List;)Ljava/lang/invoke/MethodHandle;+366 java.base@16.0.2
j  java.lang.invoke.StringConcatFactory.makeConcatWithConstants(Ljava/lang/invoke/MethodHandles$Lookup;Ljava/lang/String;Ljava/lang/invoke/MethodType;Ljava/lang/String;[Ljava/lang/Object;)Ljava/lang/invoke/CallSite;+220 java.base@16.0.2
j  java.lang.invoke.DirectMethodHandle$Holder.invokeStatic(Ljava/lang/Object;Ljava/lang/Object;Ljava/lang/Object;Ljava/lang/Object;Ljava/lang/Object;Ljava/lang/Object;)Ljava/lang/Object;+18 java.base@16.0.2
j  java.lang.invoke.DelegatingMethodHandle$Holder.delegate(Ljava/lang/Object;Ljava/lang/Object;Ljava/lang/Object;Ljava/lang/Object;Ljava/lang/Object;Ljava/lang/Object;)Ljava/lang/Object;+21 java.base@16.0.2
j  java.lang.invoke.Invokers$Holder.invokeExact_MT(Ljava/lang/Object;Ljava/lang/Object;Ljava/lang/Object;Ljava/lang/Object;Ljava/lang/Object;Ljava/lang/Object;Ljava/lang/Object;)Ljava/lang/Object;+26 java.base@16.0.2
j  java.lang.invoke.BootstrapMethodInvoker.invoke(Ljava/lang/Class;Ljava/lang/invoke/MethodHandle;Ljava/lang/String;Ljava/lang/Object;Ljava/lang/Object;Ljava/lang/Class;)Ljava/lang/Object;+134 java.base@16.0.2
j  java.lang.invoke.CallSite.makeSite(Ljava/lang/invoke/MethodHandle;Ljava/lang/String;Ljava/lang/invoke/MethodType;Ljava/lang/Object;Ljava/lang/Class;)Ljava/lang/invoke/CallSite;+8 java.base@16.0.2
j  java.lang.invoke.MethodHandleNatives.linkCallSiteImpl(Ljava/lang/Class;Ljava/lang/invoke/MethodHandle;Ljava/lang/String;Ljava/lang/invoke/MethodType;Ljava/lang/Object;[Ljava/lang/Object;)Ljava/lang/invoke/MemberName;+6 java.base@16.0.2
j  java.lang.invoke.MethodHandleNatives.linkCallSite(Ljava/lang/Object;ILjava/lang/Object;Ljava/lang/Object;Ljava/lang/Object;Ljava/lang/Object;[Ljava/lang/Object;)Ljava/lang/invoke/MemberName;+46 java.base@16.0.2
v  ~StubRoutines::call_stub
j  javax.lang.model.SourceVersion.getLatestSupported()Ljavax/lang/model/SourceVersion;+19 java.compiler@16.0.2
j  javax.lang.model.SourceVersion.<clinit>()V+255 java.compiler@16.0.2
v  ~StubRoutines::call_stub
j  com.sun.tools.javac.code.Source.toSourceVersion(Lcom/sun/tools/javac/code/Source;)Ljavax/lang/model/SourceVersion;+168 jdk.compiler@16.0.2
j  com.sun.tools.javac.main.Arguments.validate()Z+1573 jdk.compiler@16.0.2
j  com.sun.tools.javac.main.Main.compile([Ljava/lang/String;Lcom/sun/tools/javac/util/Context;)Lcom/sun/tools/javac/main/Main$Result;+396 jdk.compiler@16.0.2
j  com.sun.tools.javac.main.Main.compile([Ljava/lang/String;)Lcom/sun/tools/javac/main/Main$Result;+15 jdk.compiler@16.0.2
j  com.sun.tools.javac.Main.compile([Ljava/lang/String;)I+12 jdk.compiler@16.0.2
j  com.sun.tools.javac.Main.main([Ljava/lang/String;)V+1 jdk.compiler@16.0.2
v  ~StubRoutines::call_stub

---------------  P R O C E S S  ---------------

Threads class SMR info:
_java_thread_list=0x000002aafe8608f0, length=12, elements={
0x000002aaf20636d0, 0x000002aaf211fdf0, 0x000002aaf2122fd0, 0x000002aaf2134250,
0x000002aaf2137b80, 0x000002aaf2138490, 0x000002aaf2139540, 0x000002aaf213ea30,
0x000002aafdb77da0, 0x000002aafdb78300, 0x000002aafdb6aa00, 0x000002aafe8897e0
}

Java Threads: ( => current thread )
=>0x000002aaf20636d0 JavaThread "main" [_thread_in_vm, id=11344, stack(0x000000c519700000,0x000000c519800000)]
  0x000002aaf211fdf0 JavaThread "Reference Handler" daemon [_thread_blocked, id=13748, stack(0x000000c519e00000,0x000000c519f00000)]
  0x000002aaf2122fd0 JavaThread "Finalizer" daemon [_thread_blocked, id=11336, stack(0x000000c519f00000,0x000000c51a000000)]
  0x000002aaf2134250 JavaThread "Signal Dispatcher" daemon [_thread_blocked, id=11576, stack(0x000000c51a000000,0x000000c51a100000)]
  0x000002aaf2137b80 JavaThread "Attach Listener" daemon [_thread_blocked, id=4612, stack(0x000000c51a100000,0x000000c51a200000)]
  0x000002aaf2138490 JavaThread "Service Thread" daemon [_thread_blocked, id=12912, stack(0x000000c51a200000,0x000000c51a300000)]
  0x000002aaf2139540 JavaThread "Monitor Deflation Thread" daemon [_thread_blocked, id=10596, stack(0x000000c51a300000,0x000000c51a400000)]
  0x000002aaf213ea30 JavaThread "C2 CompilerThread0" daemon [_thread_blocked, id=12944, stack(0x000000c51a400000,0x000000c51a500000)]
  0x000002aafdb77da0 JavaThread "C1 CompilerThread0" daemon [_thread_blocked, id=6768, stack(0x000000c51a500000,0x000000c51a600000)]
  0x000002aafdb78300 JavaThread "Sweeper thread" daemon [_thread_blocked, id=9664, stack(0x000000c51a600000,0x000000c51a700000)]
  0x000002aafdb6aa00 JavaThread "Common-Cleaner" daemon [_thread_blocked, id=3652, stack(0x000000c51a700000,0x000000c51a800000)]
  0x000002aafe8897e0 JavaThread "Notification Thread" daemon [_thread_blocked, id=12176, stack(0x000000c51a800000,0x000000c51a900000)]

Other Threads:
  0x000002aaf211a720 VMThread "VM Thread" [stack: 0x000000c519d00000,0x000000c519e00000] [id=6036]
  0x000002aafe85a860 WatcherThread [stack: 0x000000c51a900000,0x000000c51aa00000] [id=636]
  0x000002aaf208bd90 GCTaskThread "GC Thread#0" [stack: 0x000000c519800000,0x000000c519900000] [id=11796]
  0x000002aaf2094860 ConcurrentGCThread "G1 Main Marker" [stack: 0x000000c519900000,0x000000c519a00000] [id=13344]
  0x000002aaf2095260 ConcurrentGCThread "G1 Conc#0" [stack: 0x000000c519a00000,0x000000c519b00000] [id=4724]
  0x000002aaf20a5750 ConcurrentGCThread "G1 Refine#0" [stack: 0x000000c519b00000,0x000000c519c00000] [id=3156]
  0x000002aaf20a6160 ConcurrentGCThread "G1 Service" [stack: 0x000000c519c00000,0x000000c519d00000] [id=12464]

Threads with active compile tasks:

VM state: not at safepoint (normal execution)

VM Mutex/Monitor currently owned by a thread: None

Heap address: 0x00000000c2c00000, size: 980 MB, Compressed Oops mode: 32-bit

CDS archive(s) mapped at: [0x0000000800000000-0x0000000800bb0000-0x0000000800bb0000), size 12255232, SharedBaseAddress: 0x0000000800000000, ArchiveRelocationMode: 0.
Compressed class space mapped at: 0x0000000800c00000-0x0000000840c00000, reserved size: 1073741824
Narrow klass base: 0x0000000800000000, Narrow klass shift: 3, Narrow klass range: 0x100000000

GC Precious Log:
 CPUs: 2 total, 2 available
 Memory: 3919M
 Large Page Support: Disabled
 NUMA Support: Disabled
 Compressed Oops: Enabled (32-bit)
 Heap Region Size: 1M
 Heap Min Capacity: 8M
 Heap Initial Capacity: 8M
 Heap Max Capacity: 980M
 Pre-touch: Disabled
 Parallel Workers: 2
 Concurrent Workers: 1
 Concurrent Refinement Workers: 2
 Periodic GC: Disabled

Heap:
 garbage-first heap   total 8192K, used 2048K [0x00000000c2c00000, 0x0000000100000000)
  region size 1024K, 3 young (3072K), 0 survivors (0K)
 Metaspace       used 2214K, committed 2368K, reserved 1056768K
  class space    used 247K, committed 320K, reserved 1048576K

Heap Regions: E=young(eden), S=young(survivor), O=old, HS=humongous(starts), HC=humongous(continues), CS=collection set, F=free, OA=open archive, CA=closed archive, TAMS=top-at-mark-start (previous, next)
|   0|0x00000000c2c00000, 0x00000000c2c00000, 0x00000000c2d00000|  0%| F|  |TAMS 0x00000000c2c00000, 0x00000000c2c00000| Untracked 
|   1|0x00000000c2d00000, 0x00000000c2d00000, 0x00000000c2e00000|  0%| F|  |TAMS 0x00000000c2d00000, 0x00000000c2d00000| Untracked 
|   2|0x00000000c2e00000, 0x00000000c2e00000, 0x00000000c2f00000|  0%| F|  |TAMS 0x00000000c2e00000, 0x00000000c2e00000| Untracked 
|   3|0x00000000c2f00000, 0x00000000c2f00000, 0x00000000c3000000|  0%| F|  |TAMS 0x00000000c2f00000, 0x00000000c2f00000| Untracked 
|   4|0x00000000c3000000, 0x00000000c3000000, 0x00000000c3100000|  0%| F|  |TAMS 0x00000000c3000000, 0x00000000c3000000| Untracked 
|   5|0x00000000c3100000, 0x00000000c31b8f50, 0x00000000c3200000| 72%| E|  |TAMS 0x00000000c3100000, 0x00000000c3100000| Complete 
|   6|0x00000000c3200000, 0x00000000c3300000, 0x00000000c3300000|100%| E|CS|TAMS 0x00000000c3200000, 0x00000000c3200000| Complete 
|   7|0x00000000c3300000, 0x00000000c3400000, 0x00000000c3400000|100%| E|CS|TAMS 0x00000000c3300000, 0x00000000c3300000| Complete 

Card table byte_map: [0x000002aaf1e30000,0x000002aaf2020000] _byte_map_base: 0x000002aaf181a000

Marking Bits (Prev, Next): (CMBitMap*) 0x000002aaf208c390, (CMBitMap*) 0x000002aaf208c3d0
 Prev Bits: [0x000002aaf99d0000, 0x000002aafa920000)
 Next Bits: [0x000002aafa920000, 0x000002aafb870000)

Polling page: 0x000002aaeffe0000

Metaspace:

Usage:
  Non-class:      1.92 MB used.
      Class:    247.90 KB used.
       Both:      2.16 MB used.

Virtual space:
  Non-class space:        8.00 MB reserved,       2.00 MB ( 25%) committed,  1 nodes.
      Class space:        1.00 GB reserved,     320.00 KB ( <1%) committed,  1 nodes.
              Both:        1.01 GB reserved,       2.31 MB ( <1%) committed. 

Chunk freelists:
   Non-Class:  2.90 MB
       Class:  3.57 MB
        Both:  6.47 MB

MaxMetaspaceSize: 17179869184.00 GB
CompressedClassSpaceSize: 1.00 GB
 - commit_granule_bytes: 65536.
 - commit_granule_words: 8192.
 - virtual_space_node_default_size: 1048576.
 - enlarge_chunks_in_place: 1.
 - new_chunks_are_fully_committed: 0.
 - uncommit_free_chunks: 1.
 - use_allocation_guard: 0.
 - handle_deallocations: 1.


Internal statistics:

num_allocs_failed_limit: 0.
num_arena_births: 34.
num_arena_deaths: 0.
num_vsnodes_births: 2.
num_vsnodes_deaths: 0.
num_space_committed: 37.
num_space_uncommitted: 0.
num_chunks_returned_to_freelist: 0.
num_chunks_taken_from_freelist: 111.
num_chunk_merges: 0.
num_chunk_splits: 65.
num_chunks_enlarged: 36.
num_purges: 0.

CodeHeap 'non-profiled nmethods': size=120064Kb used=122Kb max_used=122Kb free=119941Kb
 bounds [0x000002aa87ac0000, 0x000002aa87d30000, 0x000002aa8f000000]
CodeHeap 'profiled nmethods': size=120000Kb used=595Kb max_used=595Kb free=119405Kb
 bounds [0x000002aa80590000, 0x000002aa80800000, 0x000002aa87ac0000]
CodeHeap 'non-nmethods': size=5696Kb used=1117Kb max_used=1129Kb free=4579Kb
 bounds [0x000002aa80000000, 0x000002aa80270000, 0x000002aa80590000]
 total_blobs=819 nmethods=426 adapters=307
 compilation: enabled
              stopped_count=0, restarted_count=0
 full_count=0

Compilation events (20 events):
Event: 1.035 Thread 0x000002aafdb77da0  403       3       jdk.internal.org.objectweb.asm.SymbolTable::addConstantClass (8 bytes)
Event: 1.035 Thread 0x000002aafdb77da0 nmethod 403 0x000002aa80618190 code [0x000002aa80618340, 0x000002aa80618488]
Event: 1.035 Thread 0x000002aafdb77da0  405       1       java.lang.invoke.MethodTypeForm::basicType (5 bytes)
Event: 1.035 Thread 0x000002aafdb77da0 nmethod 405 0x000002aa87adc790 code [0x000002aa87adc920, 0x000002aa87adc9f8]
Event: 1.035 Thread 0x000002aafdb77da0  408       3       jdk.internal.org.objectweb.asm.ByteVector::put122 (93 bytes)
Event: 1.035 Thread 0x000002aafdb77da0 nmethod 408 0x000002aa80618510 code [0x000002aa806186c0, 0x000002aa80618948]
Event: 1.037 Thread 0x000002aafdb77da0  412       3       java.lang.invoke.LambdaForm$Name::initIndex (26 bytes)
Event: 1.039 Thread 0x000002aafdb77da0 nmethod 412 0x000002aa80618b10 code [0x000002aa80618cc0, 0x000002aa80618e78]
Event: 1.040 Thread 0x000002aafdb77da0  416       3       java.lang.invoke.MemberName::isResolved (13 bytes)
Event: 1.040 Thread 0x000002aafdb77da0 nmethod 416 0x000002aa80618f10 code [0x000002aa806190a0, 0x000002aa80619218]
Event: 1.041 Thread 0x000002aafdb77da0  417       3       jdk.internal.org.objectweb.asm.ByteVector::putInt (74 bytes)
Event: 1.041 Thread 0x000002aafdb77da0 nmethod 417 0x000002aa80619290 code [0x000002aa80619440, 0x000002aa806196a8]
Event: 1.042 Thread 0x000002aafdb77da0  421   !   3       java.lang.invoke.MemberName::clone (14 bytes)
Event: 1.042 Thread 0x000002aafdb77da0 nmethod 421 0x000002aa80619810 code [0x000002aa806199e0, 0x000002aa80619d78]
Event: 1.043 Thread 0x000002aafdb77da0  424       3       sun.invoke.util.Wrapper::hashPrim (30 bytes)
Event: 1.044 Thread 0x000002aafdb77da0 nmethod 424 0x000002aa80619f10 code [0x000002aa8061a1a0, 0x000002aa8061adc8]
Event: 1.044 Thread 0x000002aafdb77da0  425       3       jdk.internal.org.objectweb.asm.Frame::execute (2305 bytes)
Event: 1.059 Thread 0x000002aafdb77da0 nmethod 425 0x000002aa8061b290 code [0x000002aa8061c1c0, 0x000002aa80622c38]
Event: 1.059 Thread 0x000002aafdb77da0  426       3       java.util.ArrayList$Itr::hasNext (20 bytes)
Event: 1.059 Thread 0x000002aafdb77da0 nmethod 426 0x000002aa80624810 code [0x000002aa806249a0, 0x000002aa80624b18]

GC Heap History (0 events):
No events

Deoptimization events (4 events):
Event: 0.937 Thread 0x000002aaf20636d0 Uncommon trap: trap_request=0xffffff45 fr.pc=0x000002aa87acb434 relative=0x0000000000000654
Event: 0.937 Thread 0x000002aaf20636d0 Uncommon trap: reason=unstable_if action=reinterpret pc=0x000002aa87acb434 method=java.util.HashMap.putVal(ILjava/lang/Object;Ljava/lang/Object;ZZ)Ljava/lang/Object; @ 69 c2
Event: 0.937 Thread 0x000002aaf20636d0 DEOPT PACKING pc=0x000002aa87acb434 sp=0x000000c5197fef20
Event: 0.937 Thread 0x000002aaf20636d0 DEOPT UNPACKING pc=0x000002aa8004d728 sp=0x000000c5197feec0 mode 2

Classes unloaded (0 events):
No events

Classes redefined (0 events):
No events

Internal exceptions (10 events):
Event: 0.658 Thread 0x000002aaf20636d0 Exception <a 'java/lang/NoSuchMethodError'{0x00000000c32932d0}: 'java.lang.Object java.lang.invoke.DirectMethodHandle$Holder.invokeStatic(java.lang.Object)'> (0x00000000c32932d0) 
thrown [t:\workspace\open\src\hotspot\share\interpreter\linkResolver.cpp, line 790]
Event: 0.899 Thread 0x000002aaf20636d0 Exception <a 'java/lang/NoSuchMethodError'{0x00000000c3100ff8}: 'void java.lang.invoke.DirectMethodHandle$Holder.invokeSpecial(java.lang.Object, java.lang.Object, java.lang.Object)'> (0x00000000c3100ff8) 
thrown [t:\workspace\open\src\hotspot\share\interpreter\linkResolver.cpp, line 790]
Event: 1.008 Thread 0x000002aaf20636d0 Exception <a 'java/lang/NoSuchMethodError'{0x00000000c3172bc0}: 'java.lang.Object java.lang.invoke.DirectMethodHandle$Holder.invokeVirtual(java.lang.Object, java.lang.Object, java.lang.Object)'> (0x00000000c3172bc0) 
thrown [t:\workspace\open\src\hotspot\share\interpreter\linkResolver.cpp, line 790]
Event: 1.014 Thread 0x000002aaf20636d0 Exception <a 'java/lang/NoSuchMethodError'{0x00000000c317de50}: 'int java.lang.invoke.DirectMethodHandle$Holder.invokeInterface(java.lang.Object, java.lang.Object)'> (0x00000000c317de50) 
thrown [t:\workspace\open\src\hotspot\share\interpreter\linkResolver.cpp, line 790]
Event: 1.023 Thread 0x000002aaf20636d0 Exception <a 'sun/nio/fs/WindowsException'{0x00000000c3186108}> (0x00000000c3186108) 
thrown [t:\workspace\open\src\hotspot\share\prims\jni.cpp, line 579]
Event: 1.029 Thread 0x000002aaf20636d0 Exception <a 'sun/nio/fs/WindowsException'{0x00000000c3186800}> (0x00000000c3186800) 
thrown [t:\workspace\open\src\hotspot\share\prims\jni.cpp, line 579]
Event: 1.030 Thread 0x000002aaf20636d0 Exception <a 'sun/nio/fs/WindowsException'{0x00000000c31872c8}> (0x00000000c31872c8) 
thrown [t:\workspace\open\src\hotspot\share\prims\jni.cpp, line 579]
Event: 1.030 Thread 0x000002aaf20636d0 Exception <a 'sun/nio/fs/WindowsException'{0x00000000c3187538}> (0x00000000c3187538) 
thrown [t:\workspace\open\src\hotspot\share\prims\jni.cpp, line 579]
Event: 1.033 Thread 0x000002aaf20636d0 Exception <a 'java/lang/NoSuchMethodError'{0x00000000c318cbd0}: 'int java.lang.invoke.DirectMethodHandle$Holder.invokeVirtual(java.lang.Object, java.lang.Object, java.lang.Object)'> (0x00000000c318cbd0) 
thrown [t:\workspace\open\src\hotspot\share\interpreter\linkResolver.cpp, line 790]
Event: 1.034 Thread 0x000002aaf20636d0 Exception <a 'java/lang/NoSuchMethodError'{0x00000000c31934a0}: 'void java.lang.invoke.DirectMethodHandle$Holder.invokeInterface(java.lang.Object, java.lang.Object, java.lang.Object)'> (0x00000000c31934a0) 
thrown [t:\workspace\open\src\hotspot\share\interpreter\linkResolver.cpp, line 790]

Events (20 events):
Event: 0.963 loading class sun/nio/ch/FileChannelImpl$Closer
Event: 0.963 loading class sun/nio/ch/FileChannelImpl$Closer done
Event: 0.981 loading class sun/nio/fs/WindowsPath$1
Event: 0.982 loading class sun/nio/fs/WindowsPath$1 done
Event: 0.989 loading class java/nio/file/FileSystemNotFoundException
Event: 0.990 loading class java/nio/file/FileSystemNotFoundException done
Event: 0.992 loading class java/lang/NoSuchFieldError
Event: 0.992 loading class java/lang/NoSuchFieldError done
Event: 0.993 loading class java/util/AbstractQueue
Event: 1.002 loading class java/util/AbstractQueue done
Event: 1.004 Executing  VM operation: HandshakeAllThreads
Event: 1.004 Executing  VM operation: HandshakeAllThreads done
Event: 1.011 loading class sun/nio/fs/WindowsLinkSupport
Event: 1.012 loading class sun/nio/fs/WindowsLinkSupport done
Event: 1.020 loading class sun/nio/fs/WindowsException
Event: 1.023 loading class sun/nio/fs/WindowsException done
Event: 1.023 loading class sun/nio/fs/WindowsDirectoryStream
Event: 1.023 loading class java/nio/file/DirectoryStream
Event: 1.025 loading class java/nio/file/DirectoryStream done
Event: 1.025 loading class sun/nio/fs/WindowsDirectoryStream done


Dynamic libraries:
0x00007ff757a70000 - 0x00007ff757a78000 	D:\jdk-16.0.2\bin\javac.exe
0x00007ffd0fa10000 - 0x00007ffd0fc05000 	C:\WINDOWS\SYSTEM32\ntdll.dll
0x00007ffd0f1a0000 - 0x00007ffd0f25e000 	C:\WINDOWS\System32\KERNEL32.DLL
0x00007ffd0d580000 - 0x00007ffd0d848000 	C:\WINDOWS\System32\KERNELBASE.dll
0x00007ffd0d480000 - 0x00007ffd0d580000 	C:\WINDOWS\System32\ucrtbase.dll
0x00007ffd0a8e0000 - 0x00007ffd0a8f8000 	D:\jdk-16.0.2\bin\jli.dll
0x00007ffd04fe0000 - 0x00007ffd04ff9000 	D:\jdk-16.0.2\bin\VCRUNTIME140.dll
0x00007ffd0f8c0000 - 0x00007ffd0f96e000 	C:\WINDOWS\System32\ADVAPI32.dll
0x00007ffd0f100000 - 0x00007ffd0f19e000 	C:\WINDOWS\System32\msvcrt.dll
0x00007ffd0ee90000 - 0x00007ffd0ef2c000 	C:\WINDOWS\System32\sechost.dll
0x00007ffd0f3d0000 - 0x00007ffd0f4f5000 	C:\WINDOWS\System32\RPCRT4.dll
0x00007ffd0eb40000 - 0x00007ffd0ece0000 	C:\WINDOWS\System32\USER32.dll
0x00007ffd0d8e0000 - 0x00007ffd0d902000 	C:\WINDOWS\System32\win32u.dll
0x00007ffd0f610000 - 0x00007ffd0f63a000 	C:\WINDOWS\System32\GDI32.dll
0x00007ffd0d960000 - 0x00007ffd0da6b000 	C:\WINDOWS\System32\gdi32full.dll
0x00007ffd0d130000 - 0x00007ffd0d1cd000 	C:\WINDOWS\System32\msvcp_win.dll
0x00007ffd0c4c0000 - 0x00007ffd0c75a000 	C:\WINDOWS\WinSxS\amd64_microsoft.windows.common-controls_6595b64144ccf1df_6.0.19041.1110_none_60b5254171f9507e\COMCTL32.dll
0x00007ffd09ba0000 - 0x00007ffd09baa000 	C:\WINDOWS\SYSTEM32\VERSION.dll
0x00007ffd0f7a0000 - 0x00007ffd0f7d0000 	C:\WINDOWS\System32\IMM32.DLL
0x00007ffd03920000 - 0x00007ffd0392c000 	D:\jdk-16.0.2\bin\vcruntime140_1.dll
0x00007ffce4300000 - 0x00007ffce4391000 	D:\jdk-16.0.2\bin\msvcp140.dll
0x00007ffcc3010000 - 0x00007ffcc3bbb000 	D:\jdk-16.0.2\bin\server\jvm.dll
0x00007ffd0f840000 - 0x00007ffd0f848000 	C:\WINDOWS\System32\PSAPI.DLL
0x00007ffcf17d0000 - 0x00007ffcf17d9000 	C:\WINDOWS\SYSTEM32\WSOCK32.dll
0x00007ffd0f7d0000 - 0x00007ffd0f83b000 	C:\WINDOWS\System32\WS2_32.dll
0x00007ffcea6d0000 - 0x00007ffcea6f7000 	C:\WINDOWS\SYSTEM32\WINMM.dll
0x00007ffd0b3e0000 - 0x00007ffd0b3f2000 	C:\WINDOWS\SYSTEM32\kernel.appcore.dll
0x00007ffd03810000 - 0x00007ffd0381a000 	D:\jdk-16.0.2\bin\jimage.dll
0x00007ffd0ca60000 - 0x00007ffd0cc44000 	C:\WINDOWS\SYSTEM32\DBGHELP.DLL
0x00007ffd0c890000 - 0x00007ffd0c8bc000 	C:\WINDOWS\SYSTEM32\dbgcore.DLL
0x00007ffd0d850000 - 0x00007ffd0d8d2000 	C:\WINDOWS\System32\bcryptPrimitives.dll
0x00007ffd038b0000 - 0x00007ffd038d5000 	D:\jdk-16.0.2\bin\java.dll
0x00007ffd0df40000 - 0x00007ffd0e684000 	C:\WINDOWS\System32\SHELL32.dll
0x00007ffd0abc0000 - 0x00007ffd0b354000 	C:\WINDOWS\SYSTEM32\windows.storage.dll
0x00007ffd0e6b0000 - 0x00007ffd0ea04000 	C:\WINDOWS\System32\combase.dll
0x00007ffd0c450000 - 0x00007ffd0c47c000 	C:\WINDOWS\SYSTEM32\Wldp.dll
0x00007ffd0f560000 - 0x00007ffd0f60d000 	C:\WINDOWS\System32\SHCORE.dll
0x00007ffd0f500000 - 0x00007ffd0f555000 	C:\WINDOWS\System32\shlwapi.dll
0x00007ffd0d070000 - 0x00007ffd0d08f000 	C:\WINDOWS\SYSTEM32\profapi.dll
0x00007ffd037f0000 - 0x00007ffd03809000 	D:\jdk-16.0.2\bin\net.dll
0x00007ffcf8dd0000 - 0x00007ffcf8eda000 	C:\WINDOWS\SYSTEM32\WINHTTP.dll
0x00007ffd0c300000 - 0x00007ffd0c36a000 	C:\WINDOWS\system32\mswsock.dll
0x00007ffcf6b80000 - 0x00007ffcf6b93000 	D:\jdk-16.0.2\bin\nio.dll

dbghelp: loaded successfully - version: 4.0.5 - missing functions: none
symbol engine: initialized successfully - sym options: 0x614 - pdb path: .;D:\jdk-16.0.2\bin;C:\WINDOWS\SYSTEM32;C:\WINDOWS\WinSxS\amd64_microsoft.windows.common-controls_6595b64144ccf1df_6.0.19041.1110_none_60b5254171f9507e;D:\jdk-16.0.2\bin\server

VM Arguments:
jvm_args: -Dapplication.home=D:\jdk-16.0.2 --add-modules=ALL-DEFAULT -Xms8m -Djdk.module.main=jdk.compiler 
java_command: jdk.compiler/com.sun.tools.javac.Main -d C:\Users\mimit\Sistema\Sistema\build\classes -classpath C:\Users\mimit\Sistema\Sistema\build\classes -sourcepath C:\Users\mimit\Sistema\Sistema\build\empty -target 16 -encoding UTF-8 -g -processorpath C:\Users\mimit\Sistema\Sistema\build\empty -s C:\Users\mimit\Sistema\Sistema\build\generated-sources\ap-source-output -source 16 C:\Users\mimit\Sistema\Sistema\src\sistema\Arma.java C:\Users\mimit\Sistema\Sistema\src\sistema\Armadura.java C:\Users\mimit\Sistema\Sistema\src\sistema\Cazador.java C:\Users\mimit\Sistema\Sistema\src\sistema\Combate.java C:\Users\mimit\Sistema\Sistema\src\sistema\Debilidad.java C:\Users\mimit\Sistema\Sistema\src\sistema\Demonio.java C:\Users\mimit\Sistema\Sistema\src\sistema\Desafio.java C:\Users\mimit\Sistema\Sistema\src\sistema\Disciplina.java C:\Users\mimit\Sistema\Sistema\src\sistema\Don.java C:\Users\mimit\Sistema\Sistema\src\sistema\Esbirro.java C:\Users\mimit\Sistema\Sistema\src\sistema\Fabrica.java C:\Users\mimit\Sistema\Sistema\src\sistema\FabricacionCazador.java C:\Users\mimit\Sistema\Sistema\src\sistema\FabricacionLicantropo.java C:\Users\mimit\Sistema\Sistema\src\sistema\FabricacionVampiro.java C:\Users\mimit\Sistema\Sistema\src\sistema\Fortaleza.java C:\Users\mimit\Sistema\Sistema\src\sistema\Ghoul.java C:\Users\mimit\Sistema\Sistema\src\sistema\Habilidad.java C:\Users\mimit\Sistema\Sistema\src\sistema\Humano.java C:\Users\mimit\Sistema\Sistema\src\sistema\Iterator.java C:\Users\mimit\Sistema\Sistema\src\sistema\Lealtad.java C:\Users\mimit\Sistema\Sistema\src\sistema\Licantropo.java C:\Users\mimit\Sistema\Sistema\src\sistema\MenuInicio.java C:\Users\mimit\Sistema\Sistema\src\sistema\Operador.java C:\Users\mimit\Sistema\Sistema\src\sistema\Personaje.java C:\Users\mimit\Sistema\Sistema\src\sistema\Ronda.java C:\Users\mimit\Sistema\Sistema\src\sistema\Sistema.java C:\Users\mimit\Sistema\Sistema\src\sistema\Talento.java C:\Users\mimit\Sistema\Sistema\src\sistema\Usuario.java C
java_class_path (initial): <not set>
Launcher Type: SUN_STANDARD

[Global flags]
     intx CICompilerCount                          = 2                                         {product} {ergonomic}
     uint ConcGCThreads                            = 1                                         {product} {ergonomic}
     uint G1ConcRefinementThreads                  = 2                                         {product} {ergonomic}
   size_t G1HeapRegionSize                         = 1048576                                   {product} {ergonomic}
    uintx GCDrainStackTargetSize                   = 64                                        {product} {ergonomic}
   size_t InitialHeapSize                          = 8388608                                   {product} {command line}
   size_t MarkStackSize                            = 4194304                                   {product} {ergonomic}
   size_t MaxHeapSize                              = 1027604480                                {product} {ergonomic}
   size_t MaxNewSize                               = 616562688                                 {product} {ergonomic}
   size_t MinHeapDeltaBytes                        = 1048576                                   {product} {ergonomic}
   size_t MinHeapSize                              = 8388608                                   {product} {command line}
    uintx NonNMethodCodeHeapSize                   = 5826188                                {pd product} {ergonomic}
    uintx NonProfiledCodeHeapSize                  = 122916026                              {pd product} {ergonomic}
    uintx ProfiledCodeHeapSize                     = 122916026                              {pd product} {ergonomic}
    uintx ReservedCodeCacheSize                    = 251658240                              {pd product} {ergonomic}
     bool SegmentedCodeCache                       = true                                      {product} {ergonomic}
   size_t SoftMaxHeapSize                          = 1027604480                             {manageable} {ergonomic}
     bool UseCompressedClassPointers               = true                           {product lp64_product} {ergonomic}
     bool UseCompressedOops                        = true                           {product lp64_product} {ergonomic}
     bool UseG1GC                                  = true                                      {product} {ergonomic}
     bool UseLargePagesIndividualAllocation        = false                                  {pd product} {ergonomic}

Logging:
Log output configuration:
 #0: stdout all=warning uptime,level,tags
 #1: stderr all=off uptime,level,tags

Environment Variables:
PATH=D:\GAMS\37;D:\GAMS\37\gbin;D:\WINDOWS.X64_213000_db_home\bin;C:\Program Files\Common Files\Oracle\Java\javapath;C:\Program Files (x86)\Common Files\Oracle\Java\javapath;C:\WINDOWS\system32;C:\WINDOWS;C:\WINDOWS\System32\Wbem;C:\WINDOWS\System32\WindowsPowerShell\v1.0\;C:\WINDOWS\System32\OpenSSH\;C:\Program Files\Intel\TXE Components\DAL\;C:\Program Files (x86)\Intel\TXE Components\DAL\;D:\GITHUB\Git\cmd;C:\Users\mimit\AppData\Local\Programs\Python\Python310-32\Scripts\;C:\Users\mimit\AppData\Local\Programs\Python\Python310-32\;C:\Users\mimit\AppData\Local\Microsoft\WindowsApps;;D:\PYTHON\PyCharm 2021.3.2\bin;;D:\PYTHON\PyCharm Community Edition 2021.3.2\bin;
USERNAME=mimit
OS=Windows_NT
PROCESSOR_IDENTIFIER=Intel64 Family 6 Model 122 Stepping 8, GenuineIntel



---------------  S Y S T E M  ---------------

OS:
 Windows 10 , 64 bit Build 19041 (10.0.19041.1645)
OS uptime: 1 days 15:50 hours

CPU: total 2 (initial active 2) (2 cores per cpu, 1 threads per core) family 6 model 122 stepping 8 microcode 0xc, cx8, cmov, fxsr, mmx, 3dnowpref, sse, sse2, sse3, ssse3, sse4.1, sse4.2, popcnt, tsc, tscinvbit, aes, erms, clmul, sha, clflush, clflushopt

Memory: 4k page, system-wide physical 3919M (413M free)
TotalPageFile size 11235M (AvailPageFile size 4M)
current process WorkingSet (physical memory assigned to process): 38M, peak: 38M
current process commit charge ("private bytes"): 76M, peak: 76M

vm_info: Java HotSpot(TM) 64-Bit Server VM (16.0.2+7-67) for windows-amd64 JRE (16.0.2+7-67), built on Jun  8 2021 23:24:19 by "mach5one" with MS VC++ 16.7 (VS2019)

END.
