#
# There is insufficient memory for the Java Runtime Environment to continue.
# Native memory allocation (malloc) failed to allocate 32744 bytes for ChunkPool::allocate
# Possible reasons:
#   The system is out of physical RAM or swap space
#   The process is running with CompressedOops enabled, and the Java Heap may be blocking the growth of the native heap
# Possible solutions:
#   Reduce memory load on the system
#   Increase physical memory or swap space
#   Check if swap backing store is full
#   Decrease Java heap size (-Xmx/-Xms)
#   Decrease number of Java threads
#   Decrease Java thread stack sizes (-Xss)
#   Set larger code cache with -XX:ReservedCodeCacheSize=
#   JVM is running with Unscaled Compressed Oops mode in which the Java heap is
#     placed in the first 4GB address space. The Java Heap base address is the
#     maximum limit for the native heap growth. Please use -XX:HeapBaseMinAddress
#     to set the Java Heap base and to place the Java Heap above 4GB virtual address.
# This output file may be truncated or incomplete.
#
#  Out of Memory Error (arena.cpp:79), pid=12364, tid=9028
#
# JRE version: Java(TM) SE Runtime Environment (16.0.2+7) (build 16.0.2+7-67)
# Java VM: Java HotSpot(TM) 64-Bit Server VM (16.0.2+7-67, mixed mode, tiered, compressed oops, compressed class ptrs, g1 gc, windows-amd64)
# No core dump will be written. Minidumps are not enabled by default on client versions of Windows
#

---------------  S U M M A R Y ------------

Command Line: -ea org.apache.tools.ant.taskdefs.optional.junit.JUnitTestRunner sistema.UsuarioTest methods=testBuscarUsuarioDesafiar skipNonTests=false filtertrace=true haltOnError=false haltOnFailure=false showoutput=true outputtoformatters=true logfailedtests=true threadid=0 logtestlistenerevents=true formatter=org.apache.tools.ant.taskdefs.optional.junit.BriefJUnitResultFormatter formatter=org.apache.tools.ant.taskdefs.optional.junit.XMLJUnitResultFormatter,C:\Users\mimit\AppData\Local\Temp\TEST-sistema.UsuarioTest.xml crashfile=C:\Users\mimit\Sistema\Sistema\build\junitvmwatcher9936248294397450927.properties propsfile=C:\Users\mimit\Sistema\Sistema\build\junit1394645505035999762.properties

Host: Intel(R) Celeron(R) N4020 CPU @ 1.10GHz, 2 cores, 3G,  Windows 10 , 64 bit Build 19041 (10.0.19041.1645)
Time: Mon May  9 09:50:20 2022 Hora de verano romance elapsed time: 0.103440 seconds (0d 0h 0m 0s)

---------------  T H R E A D  ---------------

Current thread (0x000001e28f1941e0):  JavaThread "C2 CompilerThread0" daemon [_thread_in_vm, id=9028, stack(0x000000900cd00000,0x000000900ce00000)]

Stack: [0x000000900cd00000,0x000000900ce00000]
Native frames: (J=compiled Java code, j=interpreted, Vv=VM code, C=native code)
V  [jvm.dll+0x6681ca]
V  [jvm.dll+0x7c9e69]
V  [jvm.dll+0x7cb61e]
V  [jvm.dll+0x7cbc73]
V  [jvm.dll+0x242c55]
V  [jvm.dll+0xae10f]
V  [jvm.dll+0xae45c]
V  [jvm.dll+0x646215]
V  [jvm.dll+0x5fb273]
V  [jvm.dll+0x5f979c]
V  [jvm.dll+0x215b58]
V  [jvm.dll+0x2143ca]
V  [jvm.dll+0x6c2e2e]
V  [jvm.dll+0x6c29c4]
V  [jvm.dll+0x1a1ddd]
V  [jvm.dll+0x223f4c]
V  [jvm.dll+0x22305a]
V  [jvm.dll+0x77fa62]
V  [jvm.dll+0x7795aa]
V  [jvm.dll+0x667066]
C  [ucrtbase.dll+0x21bb2]
C  [KERNEL32.DLL+0x17034]
C  [ntdll.dll+0x52651]


---------------  P R O C E S S  ---------------

Threads class SMR info:
_java_thread_list=0x000001e28f16b020, length=10, elements={
0x000001e2ef52c9a0, 0x000001e28f15e260, 0x000001e28f15ee30, 0x000001e28f1ac010,
0x000001e28f1ad930, 0x000001e28f192c90, 0x000001e28f1935a0, 0x000001e28f1941e0,
0x000001e28f196b40, 0x000001e28f19a5d0
}

Java Threads: ( => current thread )
  0x000001e2ef52c9a0 JavaThread "main" [_thread_in_vm, id=10928, stack(0x000000900c000000,0x000000900c100000)]
  0x000001e28f15e260 JavaThread "Reference Handler" daemon [_thread_blocked, id=14244, stack(0x000000900c700000,0x000000900c800000)]
  0x000001e28f15ee30 JavaThread "Finalizer" daemon [_thread_blocked, id=10788, stack(0x000000900c800000,0x000000900c900000)]
  0x000001e28f1ac010 JavaThread "Signal Dispatcher" daemon [_thread_new, id=12904, stack(0x000000900c900000,0x000000900ca00000)]
  0x000001e28f1ad930 JavaThread "Attach Listener" daemon [_thread_blocked, id=5860, stack(0x000000900ca00000,0x000000900cb00000)]
  0x000001e28f192c90 JavaThread "Service Thread" daemon [_thread_blocked, id=12492, stack(0x000000900cb00000,0x000000900cc00000)]
  0x000001e28f1935a0 JavaThread "Monitor Deflation Thread" daemon [_thread_blocked, id=4236, stack(0x000000900cc00000,0x000000900cd00000)]
=>0x000001e28f1941e0 JavaThread "C2 CompilerThread0" daemon [_thread_in_vm, id=9028, stack(0x000000900cd00000,0x000000900ce00000)]
  0x000001e28f196b40 JavaThread "C1 CompilerThread0" daemon [_thread_blocked, id=12816, stack(0x000000900ce00000,0x000000900cf00000)]
  0x000001e28f19a5d0 JavaThread "Sweeper thread" daemon [_thread_blocked, id=2332, stack(0x000000900cf00000,0x000000900d000000)]

Other Threads:
  0x000001e28f149640 VMThread "VM Thread" [stack: 0x000000900c600000,0x000000900c700000] [id=10796]
  0x000001e2ef559b30 GCTaskThread "GC Thread#0" [stack: 0x000000900c100000,0x000000900c200000] [id=13868]
  0x000001e2ef562600 ConcurrentGCThread "G1 Main Marker" [stack: 0x000000900c200000,0x000000900c300000] [id=6668]
  0x000001e2ef5637a0 ConcurrentGCThread "G1 Conc#0" [stack: 0x000000900c300000,0x000000900c400000] [id=3560]
  0x000001e2ef598d60 ConcurrentGCThread "G1 Refine#0" [stack: 0x000000900c400000,0x000000900c500000] [id=13680]
  0x000001e2ef59b680 ConcurrentGCThread "G1 Service" [stack: 0x000000900c500000,0x000000900c600000] [id=10828]

Threads with active compile tasks:

VM state: not at safepoint (normal execution)

VM Mutex/Monitor currently owned by a thread:  ([mutex/lock_event])
[0x000001e2ef5263e0] MetaspaceExpand_lock - owner thread: 0x000001e2ef52c9a0
[0x000001e2ef527240] MultiArray_lock - owner thread: 0x000001e2ef52c9a0

Heap address: 0x00000000c2c00000, size: 980 MB, Compressed Oops mode: 32-bit

CDS disabled.
Compressed class space mapped at: 0x0000000100000000-0x0000000140000000, reserved size: 1073741824
Narrow klass base: 0x0000000000000000, Narrow klass shift: 3, Narrow klass range: 0x140000000

GC Precious Log:
 CPUs: 2 total, 2 available
 Memory: 3919M
 Large Page Support: Disabled
 NUMA Support: Disabled
 Compressed Oops: Enabled (32-bit)
 Heap Region Size: 1M
 Heap Min Capacity: 8M
 Heap Initial Capacity: 62M
 Heap Max Capacity: 980M
 Pre-touch: Disabled
 Parallel Workers: 2
 Concurrent Workers: 1
 Concurrent Refinement Workers: 2
 Periodic GC: Disabled

Heap:
 garbage-first heap   total 63488K, used 0K [0x00000000c2c00000, 0x0000000100000000)
  region size 1024K, 1 young (1024K), 0 survivors (0K)
 Metaspace       used 3219K, committed 3264K, reserved 1056768K
  class space    used 255K, committed 256K, reserved 1048576K

Heap Regions: E=young(eden), S=young(survivor), O=old, HS=humongous(starts), HC=humongous(continues), CS=collection set, F=free, OA=open archive, CA=closed archive, TAMS=top-at-mark-start (previous, next)
|   0|0x00000000c2c00000, 0x00000000c2c00000, 0x00000000c2d00000|  0%| F|  |TAMS 0x00000000c2c00000, 0x00000000c2c00000| Untracked 
|   1|0x00000000c2d00000, 0x00000000c2d00000, 0x00000000c2e00000|  0%| F|  |TAMS 0x00000000c2d00000, 0x00000000c2d00000| Untracked 
|   2|0x00000000c2e00000, 0x00000000c2e00000, 0x00000000c2f00000|  0%| F|  |TAMS 0x00000000c2e00000, 0x00000000c2e00000| Untracked 
|   3|0x00000000c2f00000, 0x00000000c2f00000, 0x00000000c3000000|  0%| F|  |TAMS 0x00000000c2f00000, 0x00000000c2f00000| Untracked 
|   4|0x00000000c3000000, 0x00000000c3000000, 0x00000000c3100000|  0%| F|  |TAMS 0x00000000c3000000, 0x00000000c3000000| Untracked 
|   5|0x00000000c3100000, 0x00000000c3100000, 0x00000000c3200000|  0%| F|  |TAMS 0x00000000c3100000, 0x00000000c3100000| Untracked 
|   6|0x00000000c3200000, 0x00000000c3200000, 0x00000000c3300000|  0%| F|  |TAMS 0x00000000c3200000, 0x00000000c3200000| Untracked 
|   7|0x00000000c3300000, 0x00000000c3300000, 0x00000000c3400000|  0%| F|  |TAMS 0x00000000c3300000, 0x00000000c3300000| Untracked 
|   8|0x00000000c3400000, 0x00000000c3400000, 0x00000000c3500000|  0%| F|  |TAMS 0x00000000c3400000, 0x00000000c3400000| Untracked 
|   9|0x00000000c3500000, 0x00000000c3500000, 0x00000000c3600000|  0%| F|  |TAMS 0x00000000c3500000, 0x00000000c3500000| Untracked 
|  10|0x00000000c3600000, 0x00000000c3600000, 0x00000000c3700000|  0%| F|  |TAMS 0x00000000c3600000, 0x00000000c3600000| Untracked 
|  11|0x00000000c3700000, 0x00000000c3700000, 0x00000000c3800000|  0%| F|  |TAMS 0x00000000c3700000, 0x00000000c3700000| Untracked 
|  12|0x00000000c3800000, 0x00000000c3800000, 0x00000000c3900000|  0%| F|  |TAMS 0x00000000c3800000, 0x00000000c3800000| Untracked 
|  13|0x00000000c3900000, 0x00000000c3900000, 0x00000000c3a00000|  0%| F|  |TAMS 0x00000000c3900000, 0x00000000c3900000| Untracked 
|  14|0x00000000c3a00000, 0x00000000c3a00000, 0x00000000c3b00000|  0%| F|  |TAMS 0x00000000c3a00000, 0x00000000c3a00000| Untracked 
|  15|0x00000000c3b00000, 0x00000000c3b00000, 0x00000000c3c00000|  0%| F|  |TAMS 0x00000000c3b00000, 0x00000000c3b00000| Untracked 
|  16|0x00000000c3c00000, 0x00000000c3c00000, 0x00000000c3d00000|  0%| F|  |TAMS 0x00000000c3c00000, 0x00000000c3c00000| Untracked 
|  17|0x00000000c3d00000, 0x00000000c3d00000, 0x00000000c3e00000|  0%| F|  |TAMS 0x00000000c3d00000, 0x00000000c3d00000| Untracked 
|  18|0x00000000c3e00000, 0x00000000c3e00000, 0x00000000c3f00000|  0%| F|  |TAMS 0x00000000c3e00000, 0x00000000c3e00000| Untracked 
|  19|0x00000000c3f00000, 0x00000000c3f00000, 0x00000000c4000000|  0%| F|  |TAMS 0x00000000c3f00000, 0x00000000c3f00000| Untracked 
|  20|0x00000000c4000000, 0x00000000c4000000, 0x00000000c4100000|  0%| F|  |TAMS 0x00000000c4000000, 0x00000000c4000000| Untracked 
|  21|0x00000000c4100000, 0x00000000c4100000, 0x00000000c4200000|  0%| F|  |TAMS 0x00000000c4100000, 0x00000000c4100000| Untracked 
|  22|0x00000000c4200000, 0x00000000c4200000, 0x00000000c4300000|  0%| F|  |TAMS 0x00000000c4200000, 0x00000000c4200000| Untracked 
|  23|0x00000000c4300000, 0x00000000c4300000, 0x00000000c4400000|  0%| F|  |TAMS 0x00000000c4300000, 0x00000000c4300000| Untracked 
|  24|0x00000000c4400000, 0x00000000c4400000, 0x00000000c4500000|  0%| F|  |TAMS 0x00000000c4400000, 0x00000000c4400000| Untracked 
|  25|0x00000000c4500000, 0x00000000c4500000, 0x00000000c4600000|  0%| F|  |TAMS 0x00000000c4500000, 0x00000000c4500000| Untracked 
|  26|0x00000000c4600000, 0x00000000c4600000, 0x00000000c4700000|  0%| F|  |TAMS 0x00000000c4600000, 0x00000000c4600000| Untracked 
|  27|0x00000000c4700000, 0x00000000c4700000, 0x00000000c4800000|  0%| F|  |TAMS 0x00000000c4700000, 0x00000000c4700000| Untracked 
|  28|0x00000000c4800000, 0x00000000c4800000, 0x00000000c4900000|  0%| F|  |TAMS 0x00000000c4800000, 0x00000000c4800000| Untracked 
|  29|0x00000000c4900000, 0x00000000c4900000, 0x00000000c4a00000|  0%| F|  |TAMS 0x00000000c4900000, 0x00000000c4900000| Untracked 
|  30|0x00000000c4a00000, 0x00000000c4a00000, 0x00000000c4b00000|  0%| F|  |TAMS 0x00000000c4a00000, 0x00000000c4a00000| Untracked 
|  31|0x00000000c4b00000, 0x00000000c4b00000, 0x00000000c4c00000|  0%| F|  |TAMS 0x00000000c4b00000, 0x00000000c4b00000| Untracked 
|  32|0x00000000c4c00000, 0x00000000c4c00000, 0x00000000c4d00000|  0%| F|  |TAMS 0x00000000c4c00000, 0x00000000c4c00000| Untracked 
|  33|0x00000000c4d00000, 0x00000000c4d00000, 0x00000000c4e00000|  0%| F|  |TAMS 0x00000000c4d00000, 0x00000000c4d00000| Untracked 
|  34|0x00000000c4e00000, 0x00000000c4e00000, 0x00000000c4f00000|  0%| F|  |TAMS 0x00000000c4e00000, 0x00000000c4e00000| Untracked 
|  35|0x00000000c4f00000, 0x00000000c4f00000, 0x00000000c5000000|  0%| F|  |TAMS 0x00000000c4f00000, 0x00000000c4f00000| Untracked 
|  36|0x00000000c5000000, 0x00000000c5000000, 0x00000000c5100000|  0%| F|  |TAMS 0x00000000c5000000, 0x00000000c5000000| Untracked 
|  37|0x00000000c5100000, 0x00000000c5100000, 0x00000000c5200000|  0%| F|  |TAMS 0x00000000c5100000, 0x00000000c5100000| Untracked 
|  38|0x00000000c5200000, 0x00000000c5200000, 0x00000000c5300000|  0%| F|  |TAMS 0x00000000c5200000, 0x00000000c5200000| Untracked 
|  39|0x00000000c5300000, 0x00000000c5300000, 0x00000000c5400000|  0%| F|  |TAMS 0x00000000c5300000, 0x00000000c5300000| Untracked 
|  40|0x00000000c5400000, 0x00000000c5400000, 0x00000000c5500000|  0%| F|  |TAMS 0x00000000c5400000, 0x00000000c5400000| Untracked 
|  41|0x00000000c5500000, 0x00000000c5500000, 0x00000000c5600000|  0%| F|  |TAMS 0x00000000c5500000, 0x00000000c5500000| Untracked 
|  42|0x00000000c5600000, 0x00000000c5600000, 0x00000000c5700000|  0%| F|  |TAMS 0x00000000c5600000, 0x00000000c5600000| Untracked 
|  43|0x00000000c5700000, 0x00000000c5700000, 0x00000000c5800000|  0%| F|  |TAMS 0x00000000c5700000, 0x00000000c5700000| Untracked 
|  44|0x00000000c5800000, 0x00000000c5800000, 0x00000000c5900000|  0%| F|  |TAMS 0x00000000c5800000, 0x00000000c5800000| Untracked 
|  45|0x00000000c5900000, 0x00000000c5900000, 0x00000000c5a00000|  0%| F|  |TAMS 0x00000000c5900000, 0x00000000c5900000| Untracked 
|  46|0x00000000c5a00000, 0x00000000c5a00000, 0x00000000c5b00000|  0%| F|  |TAMS 0x00000000c5a00000, 0x00000000c5a00000| Untracked 
|  47|0x00000000c5b00000, 0x00000000c5b00000, 0x00000000c5c00000|  0%| F|  |TAMS 0x00000000c5b00000, 0x00000000c5b00000| Untracked 
|  48|0x00000000c5c00000, 0x00000000c5c00000, 0x00000000c5d00000|  0%| F|  |TAMS 0x00000000c5c00000, 0x00000000c5c00000| Untracked 
|  49|0x00000000c5d00000, 0x00000000c5d00000, 0x00000000c5e00000|  0%| F|  |TAMS 0x00000000c5d00000, 0x00000000c5d00000| Untracked 
|  50|0x00000000c5e00000, 0x00000000c5e00000, 0x00000000c5f00000|  0%| F|  |TAMS 0x00000000c5e00000, 0x00000000c5e00000| Untracked 
|  51|0x00000000c5f00000, 0x00000000c5f00000, 0x00000000c6000000|  0%| F|  |TAMS 0x00000000c5f00000, 0x00000000c5f00000| Untracked 
|  52|0x00000000c6000000, 0x00000000c6000000, 0x00000000c6100000|  0%| F|  |TAMS 0x00000000c6000000, 0x00000000c6000000| Untracked 
|  53|0x00000000c6100000, 0x00000000c6100000, 0x00000000c6200000|  0%| F|  |TAMS 0x00000000c6100000, 0x00000000c6100000| Untracked 
|  54|0x00000000c6200000, 0x00000000c6200000, 0x00000000c6300000|  0%| F|  |TAMS 0x00000000c6200000, 0x00000000c6200000| Untracked 
|  55|0x00000000c6300000, 0x00000000c6300000, 0x00000000c6400000|  0%| F|  |TAMS 0x00000000c6300000, 0x00000000c6300000| Untracked 
|  56|0x00000000c6400000, 0x00000000c6400000, 0x00000000c6500000|  0%| F|  |TAMS 0x00000000c6400000, 0x00000000c6400000| Untracked 
|  57|0x00000000c6500000, 0x00000000c6500000, 0x00000000c6600000|  0%| F|  |TAMS 0x00000000c6500000, 0x00000000c6500000| Untracked 
|  58|0x00000000c6600000, 0x00000000c6600000, 0x00000000c6700000|  0%| F|  |TAMS 0x00000000c6600000, 0x00000000c6600000| Untracked 
|  59|0x00000000c6700000, 0x00000000c6700000, 0x00000000c6800000|  0%| F|  |TAMS 0x00000000c6700000, 0x00000000c6700000| Untracked 
|  60|0x00000000c6800000, 0x00000000c6800000, 0x00000000c6900000|  0%| F|  |TAMS 0x00000000c6800000, 0x00000000c6800000| Untracked 
|  61|0x00000000c6900000, 0x00000000c6999aa0, 0x00000000c6a00000| 60%| E|  |TAMS 0x00000000c6900000, 0x00000000c6900000| Complete 

Card table byte_map: [0x000001e2f8ad0000,0x000001e2f8cc0000] _byte_map_base: 0x000001e2f84ba000

Marking Bits (Prev, Next): (CMBitMap*) 0x000001e2ef55a130, (CMBitMap*) 0x000001e2ef55a170
 Prev Bits: [0x000001e2f8eb0000, 0x000001e2f9e00000)
 Next Bits: [0x000001e2f9e00000, 0x000001e2fad50000)

Polling page: 0x000001e2ef610000

Metaspace:

Usage:
  Non-class:      2.89 MB used.
      Class:    255.62 KB used.
       Both:      3.14 MB used.

Virtual space:
  Non-class space:        8.00 MB reserved,       2.94 MB ( 37%) committed,  1 nodes.
      Class space:        1.00 GB reserved,     256.00 KB ( <1%) committed,  1 nodes.
              Both:        1.01 GB reserved,       3.19 MB ( <1%) committed. 

Chunk freelists:
   Non-Class:  0 bytes
       Class:  3.62 MB
        Both:  3.62 MB

MaxMetaspaceSize: 17179869184.00 GB
CompressedClassSpaceSize: 1.00 GB
 - commit_granule_bytes: 65536.
 - commit_granule_words: 8192.
 - virtual_space_node_default_size: 1048576.
 - enlarge_chunks_in_place: 1.
 - new_chunks_are_fully_committed: 0.
 - uncommit_free_chunks: 1.
 - use_allocation_guard: 0.
 - handle_deallocations: 1.


Internal statistics:

num_allocs_failed_limit: 0.
num_arena_births: 2.
num_arena_deaths: 0.
num_vsnodes_births: 2.
num_vsnodes_deaths: 0.
num_space_committed: 51.
num_space_uncommitted: 0.
num_chunks_returned_to_freelist: 0.
num_chunks_taken_from_freelist: 3.
num_chunk_merges: 0.
num_chunk_splits: 1.
num_chunks_enlarged: 0.
num_purges: 0.

CodeHeap 'non-profiled nmethods': size=120064Kb used=1Kb max_used=1Kb free=120062Kb
 bounds [0x000001e287ac0000, 0x000001e287d30000, 0x000001e28f000000]
CodeHeap 'profiled nmethods': size=120000Kb used=30Kb max_used=30Kb free=119969Kb
 bounds [0x000001e280590000, 0x000001e280800000, 0x000001e287ac0000]
CodeHeap 'non-nmethods': size=5696Kb used=1012Kb max_used=1012Kb free=4683Kb
 bounds [0x000001e280000000, 0x000001e280270000, 0x000001e280590000]
 total_blobs=280 nmethods=24 adapters=184
 compilation: enabled
              stopped_count=0, restarted_count=0
 full_count=0

Compilation events (0 events):
No events

GC Heap History (0 events):
No events

Deoptimization events (0 events):
No events

Classes unloaded (0 events):
No events

Classes redefined (0 events):
No events

Internal exceptions (0 events):
No events

Events (20 events):
Event: 0.097 loading class java/lang/System$2
Event: 0.097 loading class jdk/internal/access/JavaLangAccess
Event: 0.097 loading class jdk/internal/access/JavaLangAccess done
Event: 0.097 loading class java/lang/System$2 done
Event: 0.097 loading class java/util/Collections
Event: 0.097 loading class java/util/Collections done
Event: 0.097 loading class java/util/Collections$EmptySet
Event: 0.098 loading class java/util/Collections$EmptySet done
Event: 0.098 loading class java/util/Collections$EmptyList
Event: 0.098 loading class java/util/Collections$EmptyList done
Event: 0.098 loading class java/util/Collections$EmptyMap
Event: 0.098 loading class java/util/Collections$EmptyMap done
Event: 0.098 loading class java/lang/IllegalArgumentException
Event: 0.098 loading class java/lang/IllegalArgumentException done
Event: 0.098 Thread 0x000001e28f1ac010 Thread added: 0x000001e28f1ac010
Event: 0.099 Thread 0x000001e28f1ad930 Thread added: 0x000001e28f1ad930
Event: 0.099 Thread 0x000001e28f192c90 Thread added: 0x000001e28f192c90
Event: 0.099 Thread 0x000001e28f1935a0 Thread added: 0x000001e28f1935a0
Event: 0.099 Thread 0x000001e28f1941e0 Thread added: 0x000001e28f1941e0
Event: 0.099 Thread 0x000001e28f196b40 Thread added: 0x000001e28f196b40


Dynamic libraries:
0x00007ff779530000 - 0x00007ff779540000 	D:\jdk-16.0.2\bin\java.exe
0x00007ffd0fa10000 - 0x00007ffd0fc05000 	C:\WINDOWS\SYSTEM32\ntdll.dll
0x00007ffd0f1a0000 - 0x00007ffd0f25e000 	C:\WINDOWS\System32\KERNEL32.DLL
0x00007ffd0d580000 - 0x00007ffd0d848000 	C:\WINDOWS\System32\KERNELBASE.dll
0x00007ffd0d480000 - 0x00007ffd0d580000 	C:\WINDOWS\System32\ucrtbase.dll
0x00007ffd04fe0000 - 0x00007ffd04ff9000 	D:\jdk-16.0.2\bin\VCRUNTIME140.dll
0x00007ffd0a8e0000 - 0x00007ffd0a8f8000 	D:\jdk-16.0.2\bin\jli.dll
0x00007ffd0f8c0000 - 0x00007ffd0f96e000 	C:\WINDOWS\System32\ADVAPI32.dll
0x00007ffd0f100000 - 0x00007ffd0f19e000 	C:\WINDOWS\System32\msvcrt.dll
0x00007ffd0ee90000 - 0x00007ffd0ef2c000 	C:\WINDOWS\System32\sechost.dll
0x00007ffd0f3d0000 - 0x00007ffd0f4f5000 	C:\WINDOWS\System32\RPCRT4.dll
0x00007ffd0eb40000 - 0x00007ffd0ece0000 	C:\WINDOWS\System32\USER32.dll
0x00007ffd0d8e0000 - 0x00007ffd0d902000 	C:\WINDOWS\System32\win32u.dll
0x00007ffd0f610000 - 0x00007ffd0f63a000 	C:\WINDOWS\System32\GDI32.dll
0x00007ffd0d960000 - 0x00007ffd0da6b000 	C:\WINDOWS\System32\gdi32full.dll
0x00007ffd0c4c0000 - 0x00007ffd0c75a000 	C:\WINDOWS\WinSxS\amd64_microsoft.windows.common-controls_6595b64144ccf1df_6.0.19041.1110_none_60b5254171f9507e\COMCTL32.dll
0x00007ffd0d130000 - 0x00007ffd0d1cd000 	C:\WINDOWS\System32\msvcp_win.dll
0x00007ffd09ba0000 - 0x00007ffd09baa000 	C:\WINDOWS\SYSTEM32\VERSION.dll
0x00007ffd0f7a0000 - 0x00007ffd0f7d0000 	C:\WINDOWS\System32\IMM32.DLL
0x00007ffd03e40000 - 0x00007ffd03e4c000 	D:\jdk-16.0.2\bin\vcruntime140_1.dll
0x00007ffce5780000 - 0x00007ffce5811000 	D:\jdk-16.0.2\bin\msvcp140.dll
0x00007ffcce980000 - 0x00007ffccf52b000 	D:\jdk-16.0.2\bin\server\jvm.dll
0x00007ffd0f840000 - 0x00007ffd0f848000 	C:\WINDOWS\System32\PSAPI.DLL
0x00007ffcf17d0000 - 0x00007ffcf17d9000 	C:\WINDOWS\SYSTEM32\WSOCK32.dll
0x00007ffcea6d0000 - 0x00007ffcea6f7000 	C:\WINDOWS\SYSTEM32\WINMM.dll
0x00007ffd0f7d0000 - 0x00007ffd0f83b000 	C:\WINDOWS\System32\WS2_32.dll
0x00007ffd0b3e0000 - 0x00007ffd0b3f2000 	C:\WINDOWS\SYSTEM32\kernel.appcore.dll
0x00007ffd03d50000 - 0x00007ffd03d5a000 	D:\jdk-16.0.2\bin\jimage.dll
0x00007ffd0ca60000 - 0x00007ffd0cc44000 	C:\WINDOWS\SYSTEM32\DBGHELP.DLL
0x00007ffd0c890000 - 0x00007ffd0c8bc000 	C:\WINDOWS\SYSTEM32\dbgcore.DLL
0x00007ffd0d850000 - 0x00007ffd0d8d2000 	C:\WINDOWS\System32\bcryptPrimitives.dll
0x00007ffd03ca0000 - 0x00007ffd03cc5000 	D:\jdk-16.0.2\bin\java.dll
0x00007ffd0df40000 - 0x00007ffd0e684000 	C:\WINDOWS\System32\SHELL32.dll
0x00007ffd0abc0000 - 0x00007ffd0b354000 	C:\WINDOWS\SYSTEM32\windows.storage.dll
0x00007ffd0e6b0000 - 0x00007ffd0ea04000 	C:\WINDOWS\System32\combase.dll
0x00007ffd0c450000 - 0x00007ffd0c47c000 	C:\WINDOWS\SYSTEM32\Wldp.dll
0x00007ffd0f560000 - 0x00007ffd0f60d000 	C:\WINDOWS\System32\SHCORE.dll
0x00007ffd0f500000 - 0x00007ffd0f555000 	C:\WINDOWS\System32\shlwapi.dll
0x00007ffd0d070000 - 0x00007ffd0d08f000 	C:\WINDOWS\SYSTEM32\profapi.dll

dbghelp: loaded successfully - version: 4.0.5 - missing functions: none
symbol engine: initialized successfully - sym options: 0x614 - pdb path: .;D:\jdk-16.0.2\bin;C:\WINDOWS\SYSTEM32;C:\WINDOWS\WinSxS\amd64_microsoft.windows.common-controls_6595b64144ccf1df_6.0.19041.1110_none_60b5254171f9507e;D:\jdk-16.0.2\bin\server

VM Arguments:
jvm_args: -ea 
java_command: org.apache.tools.ant.taskdefs.optional.junit.JUnitTestRunner sistema.UsuarioTest methods=testBuscarUsuarioDesafiar skipNonTests=false filtertrace=true haltOnError=false haltOnFailure=false showoutput=true outputtoformatters=true logfailedtests=true threadid=0 logtestlistenerevents=true formatter=org.apache.tools.ant.taskdefs.optional.junit.BriefJUnitResultFormatter formatter=org.apache.tools.ant.taskdefs.optional.junit.XMLJUnitResultFormatter,C:\Users\mimit\AppData\Local\Temp\TEST-sistema.UsuarioTest.xml crashfile=C:\Users\mimit\Sistema\Sistema\build\junitvmwatcher9936248294397450927.properties propsfile=C:\Users\mimit\Sistema\Sistema\build\junit1394645505035999762.properties
java_class_path (initial): C:\Users\mimit\Sistema\Sistema\build\classes;D:\NetBeans-12.5\netbeans\platform\modules\ext\junit-4.13.2.jar;D:\NetBeans-12.5\netbeans\platform\modules\ext\hamcrest-core-1.3.jar;C:\Users\mimit\Sistema\Sistema\build\test\classes;D:\NetBeans-12.5\netbeans\extide\ant\lib\ant-launcher.jar;D:\NetBeans-12.5\netbeans\extide\ant\lib\ant.jar;D:\NetBeans-12.5\netbeans\extide\ant\lib\ant-junit.jar;D:\NetBeans-12.5\netbeans\extide\ant\lib\ant-junit4.jar
Launcher Type: SUN_STANDARD

[Global flags]
     intx CICompilerCount                          = 2                                         {product} {ergonomic}
     uint ConcGCThreads                            = 1                                         {product} {ergonomic}
     uint G1ConcRefinementThreads                  = 2                                         {product} {ergonomic}
   size_t G1HeapRegionSize                         = 1048576                                   {product} {ergonomic}
    uintx GCDrainStackTargetSize                   = 64                                        {product} {ergonomic}
   size_t InitialHeapSize                          = 65011712                                  {product} {ergonomic}
   size_t MarkStackSize                            = 4194304                                   {product} {ergonomic}
   size_t MaxHeapSize                              = 1027604480                                {product} {ergonomic}
   size_t MaxNewSize                               = 616562688                                 {product} {ergonomic}
   size_t MinHeapDeltaBytes                        = 1048576                                   {product} {ergonomic}
   size_t MinHeapSize                              = 8388608                                   {product} {ergonomic}
    uintx NonNMethodCodeHeapSize                   = 5826188                                {pd product} {ergonomic}
    uintx NonProfiledCodeHeapSize                  = 122916026                              {pd product} {ergonomic}
    uintx ProfiledCodeHeapSize                     = 122916026                              {pd product} {ergonomic}
    uintx ReservedCodeCacheSize                    = 251658240                              {pd product} {ergonomic}
     bool SegmentedCodeCache                       = true                                      {product} {ergonomic}
   size_t SoftMaxHeapSize                          = 1027604480                             {manageable} {ergonomic}
     bool UseCompressedClassPointers               = true                           {product lp64_product} {ergonomic}
     bool UseCompressedOops                        = true                           {product lp64_product} {ergonomic}
     bool UseG1GC                                  = true                                      {product} {ergonomic}
     bool UseLargePagesIndividualAllocation        = false                                  {pd product} {ergonomic}

Logging:
Log output configuration:
 #0: stdout all=warning uptime,level,tags
 #1: stderr all=off uptime,level,tags

Environment Variables:
PATH=D:\GAMS\37;D:\GAMS\37\gbin;D:\WINDOWS.X64_213000_db_home\bin;C:\Program Files\Common Files\Oracle\Java\javapath;C:\Program Files (x86)\Common Files\Oracle\Java\javapath;C:\WINDOWS\system32;C:\WINDOWS;C:\WINDOWS\System32\Wbem;C:\WINDOWS\System32\WindowsPowerShell\v1.0\;C:\WINDOWS\System32\OpenSSH\;C:\Program Files\Intel\TXE Components\DAL\;C:\Program Files (x86)\Intel\TXE Components\DAL\;D:\GITHUB\Git\cmd;C:\Users\mimit\AppData\Local\Programs\Python\Python310-32\Scripts\;C:\Users\mimit\AppData\Local\Programs\Python\Python310-32\;C:\Users\mimit\AppData\Local\Microsoft\WindowsApps;;D:\PYTHON\PyCharm 2021.3.2\bin;;D:\PYTHON\PyCharm Community Edition 2021.3.2\bin;
USERNAME=mimit
OS=Windows_NT
PROCESSOR_IDENTIFIER=Intel64 Family 6 Model 122 Stepping 8, GenuineIntel



---------------  S Y S T E M  ---------------

OS:
 Windows 10 , 64 bit Build 19041 (10.0.19041.1645)
OS uptime: 2 days 10:02 hours

CPU: total 2 (initial active 2) (2 cores per cpu, 1 threads per core) family 6 model 122 stepping 8 microcode 0xc, cx8, cmov, fxsr, mmx, 3dnowpref, sse, sse2, sse3, ssse3, sse4.1, sse4.2, popcnt, tsc, tscinvbit, aes, erms, clmul, sha, clflush, clflushopt

Memory: 4k page, system-wide physical 3919M (379M free)
TotalPageFile size 11235M (AvailPageFile size 3M)
current process WorkingSet (physical memory assigned to process): 22M, peak: 22M
current process commit charge ("private bytes"): 118M, peak: 123M

vm_info: Java HotSpot(TM) 64-Bit Server VM (16.0.2+7-67) for windows-amd64 JRE (16.0.2+7-67), built on Jun  8 2021 23:24:19 by "mach5one" with MS VC++ 16.7 (VS2019)

END.
